[2025-06-01 19:08:12Z INFO HostContext] No proxy settings were found based on environmental variables (http_proxy/https_proxy/HTTP_PROXY/HTTPS_PROXY)
[2025-06-01 19:08:12Z INFO HostContext] Well known directory 'Bin': 'C:\Users\User\Renata\PosGraduacao\ProjetosJavaScript\pgats-ci-lab\actions-runner\bin'
[2025-06-01 19:08:12Z INFO HostContext] Well known directory 'Root': 'C:\Users\User\Renata\PosGraduacao\ProjetosJavaScript\pgats-ci-lab\actions-runner'
[2025-06-01 19:08:12Z INFO HostContext] Well known config file 'Credentials': 'C:\Users\User\Renata\PosGraduacao\ProjetosJavaScript\pgats-ci-lab\actions-runner\.credentials'
[2025-06-01 19:08:12Z INFO HostContext] Well known directory 'Bin': 'C:\Users\User\Renata\PosGraduacao\ProjetosJavaScript\pgats-ci-lab\actions-runner\bin'
[2025-06-01 19:08:12Z INFO HostContext] Well known directory 'Root': 'C:\Users\User\Renata\PosGraduacao\ProjetosJavaScript\pgats-ci-lab\actions-runner'
[2025-06-01 19:08:12Z INFO HostContext] Well known config file 'Runner': 'C:\Users\User\Renata\PosGraduacao\ProjetosJavaScript\pgats-ci-lab\actions-runner\.runner'
[2025-06-01 19:08:12Z INFO Listener] Runner is built for Windows (X64) - win-x64.
[2025-06-01 19:08:12Z INFO Listener] RuntimeInformation: Microsoft Windows 10.0.26100.
[2025-06-01 19:08:12Z INFO Listener] Version: 2.324.0
[2025-06-01 19:08:12Z INFO Listener] Commit: da3412efd49b1cf1a0fbdcbcee4e4ac4cc2177c8
[2025-06-01 19:08:12Z INFO Listener] Culture: pt-BR
[2025-06-01 19:08:12Z INFO Listener] UI Culture: pt-BR
[2025-06-01 19:08:12Z INFO HostContext] Well known directory 'Bin': 'C:\Users\User\Renata\PosGraduacao\ProjetosJavaScript\pgats-ci-lab\actions-runner\bin'
[2025-06-01 19:08:12Z INFO HostContext] Well known directory 'Root': 'C:\Users\User\Renata\PosGraduacao\ProjetosJavaScript\pgats-ci-lab\actions-runner'
[2025-06-01 19:08:12Z INFO Listener] Validating directory permissions for: 'C:\Users\User\Renata\PosGraduacao\ProjetosJavaScript\pgats-ci-lab\actions-runner'
[2025-06-01 19:08:12Z INFO CommandLineParser] Parse
[2025-06-01 19:08:12Z INFO CommandLineParser] Parsing 1 args
[2025-06-01 19:08:12Z INFO CommandLineParser] parsing argument
[2025-06-01 19:08:12Z INFO CommandLineParser] HasArgs: False
[2025-06-01 19:08:12Z INFO CommandLineParser] Adding Command: run
[2025-06-01 19:08:12Z INFO Listener] Arguments parsed
[2025-06-01 19:08:12Z INFO Runner] ExecuteCommand
[2025-06-01 19:08:12Z INFO ConfigurationStore] currentAssemblyLocation: C:\Users\User\Renata\PosGraduacao\ProjetosJavaScript\pgats-ci-lab\actions-runner\bin\Runner.Listener.dll
[2025-06-01 19:08:12Z INFO HostContext] Well known directory 'Bin': 'C:\Users\User\Renata\PosGraduacao\ProjetosJavaScript\pgats-ci-lab\actions-runner\bin'
[2025-06-01 19:08:12Z INFO ConfigurationStore] binPath: C:\Users\User\Renata\PosGraduacao\ProjetosJavaScript\pgats-ci-lab\actions-runner\bin
[2025-06-01 19:08:12Z INFO HostContext] Well known directory 'Bin': 'C:\Users\User\Renata\PosGraduacao\ProjetosJavaScript\pgats-ci-lab\actions-runner\bin'
[2025-06-01 19:08:12Z INFO HostContext] Well known directory 'Root': 'C:\Users\User\Renata\PosGraduacao\ProjetosJavaScript\pgats-ci-lab\actions-runner'
[2025-06-01 19:08:12Z INFO ConfigurationStore] RootFolder: C:\Users\User\Renata\PosGraduacao\ProjetosJavaScript\pgats-ci-lab\actions-runner
[2025-06-01 19:08:12Z INFO HostContext] Well known directory 'Bin': 'C:\Users\User\Renata\PosGraduacao\ProjetosJavaScript\pgats-ci-lab\actions-runner\bin'
[2025-06-01 19:08:12Z INFO HostContext] Well known directory 'Root': 'C:\Users\User\Renata\PosGraduacao\ProjetosJavaScript\pgats-ci-lab\actions-runner'
[2025-06-01 19:08:12Z INFO HostContext] Well known config file 'Runner': 'C:\Users\User\Renata\PosGraduacao\ProjetosJavaScript\pgats-ci-lab\actions-runner\.runner'
[2025-06-01 19:08:12Z INFO ConfigurationStore] ConfigFilePath: C:\Users\User\Renata\PosGraduacao\ProjetosJavaScript\pgats-ci-lab\actions-runner\.runner
[2025-06-01 19:08:12Z INFO HostContext] Well known directory 'Bin': 'C:\Users\User\Renata\PosGraduacao\ProjetosJavaScript\pgats-ci-lab\actions-runner\bin'
[2025-06-01 19:08:12Z INFO HostContext] Well known directory 'Root': 'C:\Users\User\Renata\PosGraduacao\ProjetosJavaScript\pgats-ci-lab\actions-runner'
[2025-06-01 19:08:12Z INFO HostContext] Well known config file 'MigratedRunner': 'C:\Users\User\Renata\PosGraduacao\ProjetosJavaScript\pgats-ci-lab\actions-runner\.runner_migrated'
[2025-06-01 19:08:12Z INFO ConfigurationStore] MigratedConfigFilePath: C:\Users\User\Renata\PosGraduacao\ProjetosJavaScript\pgats-ci-lab\actions-runner\.runner_migrated
[2025-06-01 19:08:12Z INFO HostContext] Well known directory 'Bin': 'C:\Users\User\Renata\PosGraduacao\ProjetosJavaScript\pgats-ci-lab\actions-runner\bin'
[2025-06-01 19:08:12Z INFO HostContext] Well known directory 'Root': 'C:\Users\User\Renata\PosGraduacao\ProjetosJavaScript\pgats-ci-lab\actions-runner'
[2025-06-01 19:08:12Z INFO HostContext] Well known config file 'Credentials': 'C:\Users\User\Renata\PosGraduacao\ProjetosJavaScript\pgats-ci-lab\actions-runner\.credentials'
[2025-06-01 19:08:12Z INFO ConfigurationStore] CredFilePath: C:\Users\User\Renata\PosGraduacao\ProjetosJavaScript\pgats-ci-lab\actions-runner\.credentials
[2025-06-01 19:08:12Z INFO HostContext] Well known directory 'Bin': 'C:\Users\User\Renata\PosGraduacao\ProjetosJavaScript\pgats-ci-lab\actions-runner\bin'
[2025-06-01 19:08:12Z INFO HostContext] Well known directory 'Root': 'C:\Users\User\Renata\PosGraduacao\ProjetosJavaScript\pgats-ci-lab\actions-runner'
[2025-06-01 19:08:12Z INFO HostContext] Well known config file 'MigratedCredentials': 'C:\Users\User\Renata\PosGraduacao\ProjetosJavaScript\pgats-ci-lab\actions-runner\.credentials_migrated'
[2025-06-01 19:08:12Z INFO ConfigurationStore] MigratedCredFilePath: C:\Users\User\Renata\PosGraduacao\ProjetosJavaScript\pgats-ci-lab\actions-runner\.credentials_migrated
[2025-06-01 19:08:12Z INFO HostContext] Well known directory 'Bin': 'C:\Users\User\Renata\PosGraduacao\ProjetosJavaScript\pgats-ci-lab\actions-runner\bin'
[2025-06-01 19:08:12Z INFO HostContext] Well known directory 'Root': 'C:\Users\User\Renata\PosGraduacao\ProjetosJavaScript\pgats-ci-lab\actions-runner'
[2025-06-01 19:08:12Z INFO HostContext] Well known config file 'Service': 'C:\Users\User\Renata\PosGraduacao\ProjetosJavaScript\pgats-ci-lab\actions-runner\.service'
[2025-06-01 19:08:12Z INFO ConfigurationStore] ServiceConfigFilePath: C:\Users\User\Renata\PosGraduacao\ProjetosJavaScript\pgats-ci-lab\actions-runner\.service
[2025-06-01 19:08:12Z INFO CommandSettings] Flag 'help': 'False'
[2025-06-01 19:08:12Z INFO CommandSettings] Flag 'version': 'False'
[2025-06-01 19:08:12Z INFO CommandSettings] Flag 'commit': 'False'
[2025-06-01 19:08:12Z INFO CommandSettings] Flag 'check': 'False'
[2025-06-01 19:08:12Z INFO CommandSettings] Command 'configure': 'False'
[2025-06-01 19:08:12Z INFO CommandSettings] Command 'remove': 'False'
[2025-06-01 19:08:12Z INFO CommandSettings] Command 'warmup': 'False'
[2025-06-01 19:08:12Z INFO ConfigurationManager] LoadSettings
[2025-06-01 19:08:12Z INFO ConfigurationStore] IsConfigured()
[2025-06-01 19:08:12Z INFO ConfigurationStore] IsConfigured: True
[2025-06-01 19:08:12Z INFO ConfigurationManager] Is configured: True
[2025-06-01 19:08:12Z INFO ConfigurationStore] Read setting file: 401 chars
[2025-06-01 19:08:12Z INFO ConfigurationManager] Settings Loaded
[2025-06-01 19:08:12Z INFO ConfigurationStore] IsServiceConfigured()
[2025-06-01 19:08:12Z INFO ConfigurationStore] IsServiceConfigured: False
[2025-06-01 19:08:12Z INFO CommandSettings] Command 'run': 'True'
[2025-06-01 19:08:12Z INFO ConfigurationStore] IsConfigured()
[2025-06-01 19:08:12Z INFO ConfigurationStore] IsConfigured: True
[2025-06-01 19:08:12Z INFO ConfigurationManager] Is configured: True
[2025-06-01 19:08:12Z INFO Runner] Could not parse the argument value '' for StartupType. Defaulting to Manual
[2025-06-01 19:08:12Z INFO Runner] Set runner startup type - Manual
[2025-06-01 19:08:12Z INFO CommandSettings] Flag 'once': 'False'
[2025-06-01 19:08:12Z INFO CommandSettings] Flag 'once': 'False'
[2025-06-01 19:08:12Z INFO Runner] RunAsync
[2025-06-01 19:08:12Z INFO ConfigurationManager] LoadMigratedSettings
[2025-06-01 19:08:12Z INFO ConfigurationStore] IsMigratedConfigured()
[2025-06-01 19:08:12Z INFO ConfigurationStore] IsMigratedConfigured: False
[2025-06-01 19:08:12Z INFO Runner] Failed to load migrated settings: No migrated configuration found.
[2025-06-01 19:08:12Z INFO Runner] Falling back to original .runner settings
[2025-06-01 19:08:12Z INFO Runner] Using BrokerMessageListener
[2025-06-01 19:08:12Z INFO BrokerMessageListener] Using provided settings
[2025-06-01 19:08:12Z INFO BrokerMessageListener] {
  "AgentId": 21,
  "AgentName": "DESKTOP-IF6UBGF",
  "PoolId": 1,
  "PoolName": "Default",
  "ServerUrl": "https://pipelinesghubeus7.actions.githubusercontent.com/K38grThfgeu9BNF8KZFcPq67vOE02c1BvVGacPZlwXudDXW5Pj/",
  "GitHubUrl": "https://github.com/Renatacpf/pgats-ci-lab",
  "WorkFolder": "_work",
  "UseV2Flow": true,
  "ServerUrlV2": "https://broker.actions.githubusercontent.com/"
}
[2025-06-01 19:08:12Z INFO BrokerMessageListener] Loading Credentials
[2025-06-01 19:08:12Z INFO ConfigurationStore] HasCredentials()
[2025-06-01 19:08:12Z INFO ConfigurationStore] stored True
[2025-06-01 19:08:12Z INFO CredentialManager] GetCredentialProvider
[2025-06-01 19:08:12Z INFO CredentialManager] Creating type OAuth
[2025-06-01 19:08:12Z INFO CredentialManager] Creating credential type: OAuth
[2025-06-01 19:08:12Z INFO HostContext] Well known directory 'Bin': 'C:\Users\User\Renata\PosGraduacao\ProjetosJavaScript\pgats-ci-lab\actions-runner\bin'
[2025-06-01 19:08:12Z INFO HostContext] Well known directory 'Root': 'C:\Users\User\Renata\PosGraduacao\ProjetosJavaScript\pgats-ci-lab\actions-runner'
[2025-06-01 19:08:12Z INFO HostContext] Well known config file 'RSACredentials': 'C:\Users\User\Renata\PosGraduacao\ProjetosJavaScript\pgats-ci-lab\actions-runner\.credentials_rsaparams'
[2025-06-01 19:08:12Z INFO RSAEncryptedFileKeyManager] Loading RSA key parameters from file C:\Users\User\Renata\PosGraduacao\ProjetosJavaScript\pgats-ci-lab\actions-runner\.credentials_rsaparams
[2025-06-01 19:08:12Z INFO BrokerMessageListener] Attempt to create session.
[2025-06-01 19:08:12Z INFO BrokerMessageListener] Connecting to the Broker Server...
[2025-06-01 19:08:12Z INFO ConfigurationStore] HasCredentials()
[2025-06-01 19:08:12Z INFO ConfigurationStore] stored True
[2025-06-01 19:08:12Z INFO CredentialManager] GetCredentialProvider
[2025-06-01 19:08:12Z INFO CredentialManager] Creating type OAuth
[2025-06-01 19:08:12Z INFO CredentialManager] Creating credential type: OAuth
[2025-06-01 19:08:12Z INFO RSAEncryptedFileKeyManager] Loading RSA key parameters from file C:\Users\User\Renata\PosGraduacao\ProjetosJavaScript\pgats-ci-lab\actions-runner\.credentials_rsaparams
[2025-06-01 19:08:12Z INFO BrokerMessageListener] VssConnection created
[2025-06-01 19:08:12Z INFO BrokerMessageListener] Connecting to the Runner server...
[2025-06-01 19:08:12Z INFO RunnerServer] EstablishVssConnection
[2025-06-01 19:08:12Z INFO RunnerServer] Establish connection with 100 seconds timeout.
[2025-06-01 19:08:13Z INFO GitHubActionsService] Starting operation Location.GetConnectionData
[2025-06-01 19:08:13Z INFO RunnerServer] EstablishVssConnection
[2025-06-01 19:08:13Z INFO RunnerServer] Establish connection with 60 seconds timeout.
[2025-06-01 19:08:13Z INFO GitHubActionsService] Starting operation Location.GetConnectionData
[2025-06-01 19:08:13Z INFO RunnerServer] EstablishVssConnection
[2025-06-01 19:08:13Z INFO RunnerServer] Establish connection with 60 seconds timeout.
[2025-06-01 19:08:13Z INFO GitHubActionsService] Starting operation Location.GetConnectionData
[2025-06-01 19:08:13Z INFO GitHubActionsService] Finished operation Location.GetConnectionData
[2025-06-01 19:08:13Z INFO GitHubActionsService] Finished operation Location.GetConnectionData
[2025-06-01 19:08:13Z INFO GitHubActionsService] Finished operation Location.GetConnectionData
[2025-06-01 19:08:13Z INFO BrokerMessageListener] VssConnection created
[2025-06-01 19:08:13Z INFO Terminal] WRITE LINE: 
[2025-06-01 19:08:13Z INFO Terminal] WRITE LINE: 
[2025-06-01 19:08:13Z INFO RSAEncryptedFileKeyManager] Loading RSA key parameters from file C:\Users\User\Renata\PosGraduacao\ProjetosJavaScript\pgats-ci-lab\actions-runner\.credentials_rsaparams
[2025-06-01 19:08:13Z INFO RSAEncryptedFileKeyManager] Loading RSA key parameters from file C:\Users\User\Renata\PosGraduacao\ProjetosJavaScript\pgats-ci-lab\actions-runner\.credentials_rsaparams
[2025-06-01 19:08:14Z INFO GitHubActionsService] AAD Correlation ID for this token request: Unknown
[2025-06-01 19:08:14Z INFO BrokerMessageListener] Session created.
[2025-06-01 19:08:14Z INFO Terminal] WRITE LINE: Current runner version: '2.324.0'
[2025-06-01 19:08:14Z INFO Terminal] WRITE LINE: 2025-06-01 19:08:14Z: Listening for Jobs
[2025-06-01 19:08:14Z INFO JobDispatcher] Set runner/worker IPC timeout to 30 seconds.
[2025-06-01 19:08:44Z INFO ConfigurationStore] HasCredentials()
[2025-06-01 19:08:44Z INFO ConfigurationStore] stored True
[2025-06-01 19:08:44Z INFO CredentialManager] GetCredentialProvider
[2025-06-01 19:08:44Z INFO CredentialManager] Creating type OAuth
[2025-06-01 19:08:44Z INFO CredentialManager] Creating credential type: OAuth
[2025-06-01 19:08:44Z INFO RSAEncryptedFileKeyManager] Loading RSA key parameters from file C:\Users\User\Renata\PosGraduacao\ProjetosJavaScript\pgats-ci-lab\actions-runner\.credentials_rsaparams
[2025-06-01 19:08:44Z INFO RSAEncryptedFileKeyManager] Loading RSA key parameters from file C:\Users\User\Renata\PosGraduacao\ProjetosJavaScript\pgats-ci-lab\actions-runner\.credentials_rsaparams
[2025-06-01 19:08:44Z INFO RSAEncryptedFileKeyManager] Loading RSA key parameters from file C:\Users\User\Renata\PosGraduacao\ProjetosJavaScript\pgats-ci-lab\actions-runner\.credentials_rsaparams
[2025-06-01 19:08:45Z INFO GitHubActionsService] AAD Correlation ID for this token request: Unknown
[2025-06-01 19:08:46Z INFO JobDispatcher] Job request 0 for plan 6e1a9660-df08-46fc-9c20-473bfd28f918 job 9761f05e-906f-5371-ab31-590e7316137f received.
[2025-06-01 19:08:46Z INFO BrokerMessageListener] Received job status event. JobState: Busy
[2025-06-01 19:08:46Z INFO BrokerMessageListener] _getMessagesTokenSource is already disposed.
[2025-06-01 19:08:46Z INFO Terminal] WRITE LINE: 2025-06-01 19:08:46Z: Running job: e2e-tests
[2025-06-01 19:08:46Z INFO JobDispatcher] Start renew job request 0 for job 9761f05e-906f-5371-ab31-590e7316137f.
[2025-06-01 19:08:46Z INFO JobDispatcher] Successfully renew job 9761f05e-906f-5371-ab31-590e7316137f, job is valid till 01/06/2025 19:18:46
[2025-06-01 19:08:46Z INFO HostContext] Well known directory 'Bin': 'C:\Users\User\Renata\PosGraduacao\ProjetosJavaScript\pgats-ci-lab\actions-runner\bin'
[2025-06-01 19:08:46Z INFO ProcessInvokerWrapper] Starting process:
[2025-06-01 19:08:46Z INFO ProcessInvokerWrapper]   File name: 'C:\Users\User\Renata\PosGraduacao\ProjetosJavaScript\pgats-ci-lab\actions-runner\bin\Runner.Worker.exe'
[2025-06-01 19:08:46Z INFO ProcessInvokerWrapper]   Arguments: 'spawnclient 1756 1528'
[2025-06-01 19:08:46Z INFO ProcessInvokerWrapper]   Working directory: 'C:\Users\User\Renata\PosGraduacao\ProjetosJavaScript\pgats-ci-lab\actions-runner\bin'
[2025-06-01 19:08:46Z INFO ProcessInvokerWrapper]   Require exit code zero: 'False'
[2025-06-01 19:08:46Z INFO ProcessInvokerWrapper]   Encoding web name:  ; code page: ''
[2025-06-01 19:08:46Z INFO ProcessInvokerWrapper]   Force kill process on cancellation: 'True'
[2025-06-01 19:08:46Z INFO ProcessInvokerWrapper]   Redirected STDIN: 'False'
[2025-06-01 19:08:46Z INFO ProcessInvokerWrapper]   Persist current code page: 'False'
[2025-06-01 19:08:46Z INFO ProcessInvokerWrapper]   Keep redirected STDIN open: 'False'
[2025-06-01 19:08:46Z INFO ProcessInvokerWrapper]   High priority process: 'True'
[2025-06-01 19:08:46Z INFO ProcessInvokerWrapper] Process started with process id 13252, waiting for process exit.
[2025-06-01 19:08:46Z INFO JobDispatcher] Send job request message to worker for job 9761f05e-906f-5371-ab31-590e7316137f.
[2025-06-01 19:08:46Z INFO ProcessChannel] Sending message of length 22901, with hash 'd4e89cc2455ec5286e7a76af1c8ad7bfaa3ce084623edf6326334f29a713cd5a'
[2025-06-01 19:08:47Z INFO JobNotification] Entering JobStarted Notification
[2025-06-01 19:08:47Z INFO JobNotification] Entering StartMonitor
[2025-06-01 19:09:27Z INFO ProcessInvokerWrapper] STDOUT/STDERR stream read finished.
[2025-06-01 19:09:27Z INFO ProcessInvokerWrapper] STDOUT/STDERR stream read finished.
[2025-06-01 19:09:27Z INFO ProcessInvokerWrapper] Finished process 13252 with exit code 102, and elapsed time 00:00:40.5543568.
[2025-06-01 19:09:27Z INFO JobDispatcher] Worker finished for job 9761f05e-906f-5371-ab31-590e7316137f. Code: 102
[2025-06-01 19:09:27Z INFO JobDispatcher] finish job request for job 9761f05e-906f-5371-ab31-590e7316137f with result: Failed
[2025-06-01 19:09:27Z INFO Terminal] WRITE LINE: 2025-06-01 19:09:27Z: Job e2e-tests completed with result: Failed
[2025-06-01 19:09:27Z INFO JobDispatcher] Stop renew job request for job 9761f05e-906f-5371-ab31-590e7316137f.
[2025-06-01 19:09:27Z INFO JobDispatcher] job renew has been cancelled, stop renew job 9761f05e-906f-5371-ab31-590e7316137f.
[2025-06-01 19:09:27Z INFO JobNotification] Entering JobCompleted Notification
[2025-06-01 19:09:27Z INFO JobNotification] Entering EndMonitor
[2025-06-01 19:09:27Z INFO BrokerMessageListener] Received job status event. JobState: Online
[2025-06-01 19:09:27Z WARN GitHubActionsService] GET request to https://broker.actions.githubusercontent.com/message?sessionId=ec1fc0d9-bcb7-428d-9e93-633446c9d558&status=Busy&runnerVersion=2.324.0&os=Windows&architecture=X64&disableUpdate=false has been cancelled.
[2025-06-01 19:09:27Z ERR  BrokerServer] Catch exception during request
[2025-06-01 19:09:27Z ERR  BrokerServer] System.Threading.Tasks.TaskCanceledException: The operation was canceled.
 ---> System.Threading.Tasks.TaskCanceledException: The operation was canceled.
 ---> System.IO.IOException: Unable to read data from the transport connection: A operação de E/S foi anulada devido a uma saída de thread ou a uma requisição de aplicativo..
 ---> System.Net.Sockets.SocketException (995): A operação de E/S foi anulada devido a uma saída de thread ou a uma requisição de aplicativo.
   --- End of inner exception stack trace ---
   at System.Net.Sockets.Socket.AwaitableSocketAsyncEventArgs.ThrowException(SocketError error, CancellationToken cancellationToken)
   at System.Net.Sockets.Socket.AwaitableSocketAsyncEventArgs.System.Threading.Tasks.Sources.IValueTaskSource<System.Int32>.GetResult(Int16 token)
   at System.Net.Security.SslStream.EnsureFullTlsFrameAsync[TIOAdapter](CancellationToken cancellationToken, Int32 estimatedSize)
   at System.Runtime.CompilerServices.PoolingAsyncValueTaskMethodBuilder`1.StateMachineBox`1.System.Threading.Tasks.Sources.IValueTaskSource<TResult>.GetResult(Int16 token)
   at System.Net.Security.SslStream.ReadAsyncInternal[TIOAdapter](Memory`1 buffer, CancellationToken cancellationToken)
   at System.Runtime.CompilerServices.PoolingAsyncValueTaskMethodBuilder`1.StateMachineBox`1.System.Threading.Tasks.Sources.IValueTaskSource<TResult>.GetResult(Int16 token)
   at System.Net.Http.HttpConnection.<EnsureReadAheadTaskHasStarted>g__ReadAheadWithZeroByteReadAsync|40_0()
   at System.Net.Http.HttpConnection.SendAsync(HttpRequestMessage request, Boolean async, CancellationToken cancellationToken)
   --- End of inner exception stack trace ---
   at System.Net.Http.HttpConnection.SendAsync(HttpRequestMessage request, Boolean async, CancellationToken cancellationToken)
   at System.Net.Http.AuthenticationHelper.SendWithNtAuthAsync(HttpRequestMessage request, Uri authUri, Boolean async, ICredentials credentials, Boolean isProxyAuth, HttpConnection connection, HttpConnectionPool connectionPool, CancellationToken cancellationToken)
   at System.Net.Http.HttpConnectionPool.SendWithVersionDetectionAndRetryAsync(HttpRequestMessage request, Boolean async, Boolean doRequestAuth, CancellationToken cancellationToken)
   at System.Net.Http.AuthenticationHelper.SendWithAuthAsync(HttpRequestMessage request, Uri authUri, Boolean async, ICredentials credentials, Boolean preAuthenticate, Boolean isProxyAuth, Boolean doRequestAuth, HttpConnectionPool pool, CancellationToken cancellationToken)
   at System.Net.Http.RedirectHandler.SendAsync(HttpRequestMessage request, Boolean async, CancellationToken cancellationToken)
   at GitHub.Services.Common.RawHttpMessageHandler.SendAsync(HttpRequestMessage request, CancellationToken cancellationToken)
   at GitHub.Services.Common.VssHttpRetryMessageHandler.SendAsync(HttpRequestMessage request, CancellationToken cancellationToken)
   at System.Net.Http.HttpClient.<SendAsync>g__Core|83_0(HttpRequestMessage request, HttpCompletionOption completionOption, CancellationTokenSource cts, Boolean disposeCts, CancellationTokenSource pendingRequestsCts, CancellationToken originalCancellationToken)
   --- End of inner exception stack trace ---
   at System.Net.Http.HttpClient.HandleFailure(Exception e, Boolean telemetryStarted, HttpResponseMessage response, CancellationTokenSource cts, CancellationToken cancellationToken, CancellationTokenSource pendingRequestsCts)
   at System.Net.Http.HttpClient.<SendAsync>g__Core|83_0(HttpRequestMessage request, HttpCompletionOption completionOption, CancellationTokenSource cts, Boolean disposeCts, CancellationTokenSource pendingRequestsCts, CancellationToken originalCancellationToken)
   at Sdk.WebApi.WebApi.RawHttpClientBase.SendAsync(HttpRequestMessage message, HttpCompletionOption completionOption, Object userState, CancellationToken cancellationToken)
   at Sdk.WebApi.WebApi.RawHttpClientBase.SendAsync[T](HttpRequestMessage message, Boolean readErrorBody, Object userState, CancellationToken cancellationToken)
   at Sdk.WebApi.WebApi.RawHttpClientBase.SendAsync[T](HttpMethod method, IEnumerable`1 additionalHeaders, Uri requestUri, HttpContent content, IEnumerable`1 queryParameters, Boolean readErrorBody, Object userState, CancellationToken cancellationToken)
   at GitHub.Actions.RunService.WebApi.BrokerHttpClient.GetRunnerMessageAsync(Nullable`1 sessionId, String runnerVersion, Nullable`1 status, String os, String architecture, Nullable`1 disableUpdate, CancellationToken cancellationToken)
   at GitHub.Runner.Common.BrokerServer.<>c__DisplayClass7_0.<<GetRunnerMessageAsync>b__0>d.MoveNext()
--- End of stack trace from previous location ---
   at GitHub.Runner.Common.RunnerService.RetryRequest[T](Func`1 func, CancellationToken cancellationToken, Int32 maxRetryAttemptsCount, Func`2 shouldRetry)
[2025-06-01 19:09:27Z ERR  BrokerServer] #####################################################
[2025-06-01 19:09:27Z ERR  BrokerServer] System.Threading.Tasks.TaskCanceledException: The operation was canceled.
 ---> System.IO.IOException: Unable to read data from the transport connection: A operação de E/S foi anulada devido a uma saída de thread ou a uma requisição de aplicativo..
 ---> System.Net.Sockets.SocketException (995): A operação de E/S foi anulada devido a uma saída de thread ou a uma requisição de aplicativo.
   --- End of inner exception stack trace ---
   at System.Net.Sockets.Socket.AwaitableSocketAsyncEventArgs.ThrowException(SocketError error, CancellationToken cancellationToken)
   at System.Net.Sockets.Socket.AwaitableSocketAsyncEventArgs.System.Threading.Tasks.Sources.IValueTaskSource<System.Int32>.GetResult(Int16 token)
   at System.Net.Security.SslStream.EnsureFullTlsFrameAsync[TIOAdapter](CancellationToken cancellationToken, Int32 estimatedSize)
   at System.Runtime.CompilerServices.PoolingAsyncValueTaskMethodBuilder`1.StateMachineBox`1.System.Threading.Tasks.Sources.IValueTaskSource<TResult>.GetResult(Int16 token)
   at System.Net.Security.SslStream.ReadAsyncInternal[TIOAdapter](Memory`1 buffer, CancellationToken cancellationToken)
   at System.Runtime.CompilerServices.PoolingAsyncValueTaskMethodBuilder`1.StateMachineBox`1.System.Threading.Tasks.Sources.IValueTaskSource<TResult>.GetResult(Int16 token)
   at System.Net.Http.HttpConnection.<EnsureReadAheadTaskHasStarted>g__ReadAheadWithZeroByteReadAsync|40_0()
   at System.Net.Http.HttpConnection.SendAsync(HttpRequestMessage request, Boolean async, CancellationToken cancellationToken)
   --- End of inner exception stack trace ---
   at System.Net.Http.HttpConnection.SendAsync(HttpRequestMessage request, Boolean async, CancellationToken cancellationToken)
   at System.Net.Http.AuthenticationHelper.SendWithNtAuthAsync(HttpRequestMessage request, Uri authUri, Boolean async, ICredentials credentials, Boolean isProxyAuth, HttpConnection connection, HttpConnectionPool connectionPool, CancellationToken cancellationToken)
   at System.Net.Http.HttpConnectionPool.SendWithVersionDetectionAndRetryAsync(HttpRequestMessage request, Boolean async, Boolean doRequestAuth, CancellationToken cancellationToken)
   at System.Net.Http.AuthenticationHelper.SendWithAuthAsync(HttpRequestMessage request, Uri authUri, Boolean async, ICredentials credentials, Boolean preAuthenticate, Boolean isProxyAuth, Boolean doRequestAuth, HttpConnectionPool pool, CancellationToken cancellationToken)
   at System.Net.Http.RedirectHandler.SendAsync(HttpRequestMessage request, Boolean async, CancellationToken cancellationToken)
   at GitHub.Services.Common.RawHttpMessageHandler.SendAsync(HttpRequestMessage request, CancellationToken cancellationToken)
   at GitHub.Services.Common.VssHttpRetryMessageHandler.SendAsync(HttpRequestMessage request, CancellationToken cancellationToken)
   at System.Net.Http.HttpClient.<SendAsync>g__Core|83_0(HttpRequestMessage request, HttpCompletionOption completionOption, CancellationTokenSource cts, Boolean disposeCts, CancellationTokenSource pendingRequestsCts, CancellationToken originalCancellationToken)
[2025-06-01 19:09:27Z ERR  BrokerServer] #####################################################
[2025-06-01 19:09:27Z ERR  BrokerServer] System.IO.IOException: Unable to read data from the transport connection: A operação de E/S foi anulada devido a uma saída de thread ou a uma requisição de aplicativo..
 ---> System.Net.Sockets.SocketException (995): A operação de E/S foi anulada devido a uma saída de thread ou a uma requisição de aplicativo.
   --- End of inner exception stack trace ---
   at System.Net.Sockets.Socket.AwaitableSocketAsyncEventArgs.ThrowException(SocketError error, CancellationToken cancellationToken)
   at System.Net.Sockets.Socket.AwaitableSocketAsyncEventArgs.System.Threading.Tasks.Sources.IValueTaskSource<System.Int32>.GetResult(Int16 token)
   at System.Net.Security.SslStream.EnsureFullTlsFrameAsync[TIOAdapter](CancellationToken cancellationToken, Int32 estimatedSize)
   at System.Runtime.CompilerServices.PoolingAsyncValueTaskMethodBuilder`1.StateMachineBox`1.System.Threading.Tasks.Sources.IValueTaskSource<TResult>.GetResult(Int16 token)
   at System.Net.Security.SslStream.ReadAsyncInternal[TIOAdapter](Memory`1 buffer, CancellationToken cancellationToken)
   at System.Runtime.CompilerServices.PoolingAsyncValueTaskMethodBuilder`1.StateMachineBox`1.System.Threading.Tasks.Sources.IValueTaskSource<TResult>.GetResult(Int16 token)
   at System.Net.Http.HttpConnection.<EnsureReadAheadTaskHasStarted>g__ReadAheadWithZeroByteReadAsync|40_0()
   at System.Net.Http.HttpConnection.SendAsync(HttpRequestMessage request, Boolean async, CancellationToken cancellationToken)
[2025-06-01 19:09:27Z ERR  BrokerServer] #####################################################
[2025-06-01 19:09:27Z ERR  BrokerServer] System.Net.Sockets.SocketException (995): A operação de E/S foi anulada devido a uma saída de thread ou a uma requisição de aplicativo.
[2025-06-01 19:09:27Z WARN BrokerServer] Back off 13,498 seconds before next retry. 4 attempt left.
[2025-06-01 19:09:27Z INFO BrokerMessageListener] Get messages has been cancelled using local token source. Continue to get messages with new status.
[2025-06-01 19:11:58Z INFO Terminal] WRITE LINE: Exiting...
[2025-06-01 19:11:58Z INFO ConfigurationStore] IsServiceConfigured()
[2025-06-01 19:11:58Z INFO ConfigurationStore] IsServiceConfigured: False
[2025-06-01 19:11:58Z INFO HostContext] Runner will be shutdown for UserCancelled
[2025-06-01 19:11:58Z WARN GitHubActionsService] GET request to https://broker.actions.githubusercontent.com/message?sessionId=ec1fc0d9-bcb7-428d-9e93-633446c9d558&status=Online&runnerVersion=2.324.0&os=Windows&architecture=X64&disableUpdate=false has been cancelled.
[2025-06-01 19:11:58Z ERR  BrokerServer] Catch exception during request
[2025-06-01 19:11:58Z ERR  BrokerServer] System.Threading.Tasks.TaskCanceledException: The operation was canceled.
 ---> System.Threading.Tasks.TaskCanceledException: The operation was canceled.
 ---> System.IO.IOException: Unable to read data from the transport connection: A operação de E/S foi anulada devido a uma saída de thread ou a uma requisição de aplicativo..
 ---> System.Net.Sockets.SocketException (995): A operação de E/S foi anulada devido a uma saída de thread ou a uma requisição de aplicativo.
   --- End of inner exception stack trace ---
   at System.Net.Sockets.Socket.AwaitableSocketAsyncEventArgs.ThrowException(SocketError error, CancellationToken cancellationToken)
   at System.Net.Sockets.Socket.AwaitableSocketAsyncEventArgs.System.Threading.Tasks.Sources.IValueTaskSource<System.Int32>.GetResult(Int16 token)
   at System.Net.Security.SslStream.EnsureFullTlsFrameAsync[TIOAdapter](CancellationToken cancellationToken, Int32 estimatedSize)
   at System.Runtime.CompilerServices.PoolingAsyncValueTaskMethodBuilder`1.StateMachineBox`1.System.Threading.Tasks.Sources.IValueTaskSource<TResult>.GetResult(Int16 token)
   at System.Net.Security.SslStream.ReadAsyncInternal[TIOAdapter](Memory`1 buffer, CancellationToken cancellationToken)
   at System.Runtime.CompilerServices.PoolingAsyncValueTaskMethodBuilder`1.StateMachineBox`1.System.Threading.Tasks.Sources.IValueTaskSource<TResult>.GetResult(Int16 token)
   at System.Net.Http.HttpConnection.SendAsync(HttpRequestMessage request, Boolean async, CancellationToken cancellationToken)
   --- End of inner exception stack trace ---
   at System.Net.Http.HttpConnection.SendAsync(HttpRequestMessage request, Boolean async, CancellationToken cancellationToken)
   at System.Net.Http.AuthenticationHelper.SendWithNtAuthAsync(HttpRequestMessage request, Uri authUri, Boolean async, ICredentials credentials, Boolean isProxyAuth, HttpConnection connection, HttpConnectionPool connectionPool, CancellationToken cancellationToken)
   at System.Net.Http.HttpConnectionPool.SendWithVersionDetectionAndRetryAsync(HttpRequestMessage request, Boolean async, Boolean doRequestAuth, CancellationToken cancellationToken)
   at System.Net.Http.AuthenticationHelper.SendWithAuthAsync(HttpRequestMessage request, Uri authUri, Boolean async, ICredentials credentials, Boolean preAuthenticate, Boolean isProxyAuth, Boolean doRequestAuth, HttpConnectionPool pool, CancellationToken cancellationToken)
   at System.Net.Http.RedirectHandler.SendAsync(HttpRequestMessage request, Boolean async, CancellationToken cancellationToken)
   at GitHub.Services.Common.RawHttpMessageHandler.SendAsync(HttpRequestMessage request, CancellationToken cancellationToken)
   at GitHub.Services.Common.VssHttpRetryMessageHandler.SendAsync(HttpRequestMessage request, CancellationToken cancellationToken)
   at System.Net.Http.HttpClient.<SendAsync>g__Core|83_0(HttpRequestMessage request, HttpCompletionOption completionOption, CancellationTokenSource cts, Boolean disposeCts, CancellationTokenSource pendingRequestsCts, CancellationToken originalCancellationToken)
   --- End of inner exception stack trace ---
   at System.Net.Http.HttpClient.HandleFailure(Exception e, Boolean telemetryStarted, HttpResponseMessage response, CancellationTokenSource cts, CancellationToken cancellationToken, CancellationTokenSource pendingRequestsCts)
   at System.Net.Http.HttpClient.<SendAsync>g__Core|83_0(HttpRequestMessage request, HttpCompletionOption completionOption, CancellationTokenSource cts, Boolean disposeCts, CancellationTokenSource pendingRequestsCts, CancellationToken originalCancellationToken)
   at Sdk.WebApi.WebApi.RawHttpClientBase.SendAsync(HttpRequestMessage message, HttpCompletionOption completionOption, Object userState, CancellationToken cancellationToken)
   at Sdk.WebApi.WebApi.RawHttpClientBase.SendAsync[T](HttpRequestMessage message, Boolean readErrorBody, Object userState, CancellationToken cancellationToken)
   at Sdk.WebApi.WebApi.RawHttpClientBase.SendAsync[T](HttpMethod method, IEnumerable`1 additionalHeaders, Uri requestUri, HttpContent content, IEnumerable`1 queryParameters, Boolean readErrorBody, Object userState, CancellationToken cancellationToken)
   at GitHub.Actions.RunService.WebApi.BrokerHttpClient.GetRunnerMessageAsync(Nullable`1 sessionId, String runnerVersion, Nullable`1 status, String os, String architecture, Nullable`1 disableUpdate, CancellationToken cancellationToken)
   at GitHub.Runner.Common.BrokerServer.<>c__DisplayClass7_0.<<GetRunnerMessageAsync>b__0>d.MoveNext()
--- End of stack trace from previous location ---
   at GitHub.Runner.Common.RunnerService.RetryRequest[T](Func`1 func, CancellationToken cancellationToken, Int32 maxRetryAttemptsCount, Func`2 shouldRetry)
[2025-06-01 19:11:58Z ERR  BrokerServer] #####################################################
[2025-06-01 19:11:58Z ERR  BrokerServer] System.Threading.Tasks.TaskCanceledException: The operation was canceled.
 ---> System.IO.IOException: Unable to read data from the transport connection: A operação de E/S foi anulada devido a uma saída de thread ou a uma requisição de aplicativo..
 ---> System.Net.Sockets.SocketException (995): A operação de E/S foi anulada devido a uma saída de thread ou a uma requisição de aplicativo.
   --- End of inner exception stack trace ---
   at System.Net.Sockets.Socket.AwaitableSocketAsyncEventArgs.ThrowException(SocketError error, CancellationToken cancellationToken)
   at System.Net.Sockets.Socket.AwaitableSocketAsyncEventArgs.System.Threading.Tasks.Sources.IValueTaskSource<System.Int32>.GetResult(Int16 token)
   at System.Net.Security.SslStream.EnsureFullTlsFrameAsync[TIOAdapter](CancellationToken cancellationToken, Int32 estimatedSize)
   at System.Runtime.CompilerServices.PoolingAsyncValueTaskMethodBuilder`1.StateMachineBox`1.System.Threading.Tasks.Sources.IValueTaskSource<TResult>.GetResult(Int16 token)
   at System.Net.Security.SslStream.ReadAsyncInternal[TIOAdapter](Memory`1 buffer, CancellationToken cancellationToken)
   at System.Runtime.CompilerServices.PoolingAsyncValueTaskMethodBuilder`1.StateMachineBox`1.System.Threading.Tasks.Sources.IValueTaskSource<TResult>.GetResult(Int16 token)
   at System.Net.Http.HttpConnection.SendAsync(HttpRequestMessage request, Boolean async, CancellationToken cancellationToken)
   --- End of inner exception stack trace ---
   at System.Net.Http.HttpConnection.SendAsync(HttpRequestMessage request, Boolean async, CancellationToken cancellationToken)
   at System.Net.Http.AuthenticationHelper.SendWithNtAuthAsync(HttpRequestMessage request, Uri authUri, Boolean async, ICredentials credentials, Boolean isProxyAuth, HttpConnection connection, HttpConnectionPool connectionPool, CancellationToken cancellationToken)
   at System.Net.Http.HttpConnectionPool.SendWithVersionDetectionAndRetryAsync(HttpRequestMessage request, Boolean async, Boolean doRequestAuth, CancellationToken cancellationToken)
   at System.Net.Http.AuthenticationHelper.SendWithAuthAsync(HttpRequestMessage request, Uri authUri, Boolean async, ICredentials credentials, Boolean preAuthenticate, Boolean isProxyAuth, Boolean doRequestAuth, HttpConnectionPool pool, CancellationToken cancellationToken)
   at System.Net.Http.RedirectHandler.SendAsync(HttpRequestMessage request, Boolean async, CancellationToken cancellationToken)
   at GitHub.Services.Common.RawHttpMessageHandler.SendAsync(HttpRequestMessage request, CancellationToken cancellationToken)
   at GitHub.Services.Common.VssHttpRetryMessageHandler.SendAsync(HttpRequestMessage request, CancellationToken cancellationToken)
   at System.Net.Http.HttpClient.<SendAsync>g__Core|83_0(HttpRequestMessage request, HttpCompletionOption completionOption, CancellationTokenSource cts, Boolean disposeCts, CancellationTokenSource pendingRequestsCts, CancellationToken originalCancellationToken)
[2025-06-01 19:11:58Z ERR  BrokerServer] #####################################################
[2025-06-01 19:11:58Z ERR  BrokerServer] System.IO.IOException: Unable to read data from the transport connection: A operação de E/S foi anulada devido a uma saída de thread ou a uma requisição de aplicativo..
 ---> System.Net.Sockets.SocketException (995): A operação de E/S foi anulada devido a uma saída de thread ou a uma requisição de aplicativo.
   --- End of inner exception stack trace ---
   at System.Net.Sockets.Socket.AwaitableSocketAsyncEventArgs.ThrowException(SocketError error, CancellationToken cancellationToken)
   at System.Net.Sockets.Socket.AwaitableSocketAsyncEventArgs.System.Threading.Tasks.Sources.IValueTaskSource<System.Int32>.GetResult(Int16 token)
   at System.Net.Security.SslStream.EnsureFullTlsFrameAsync[TIOAdapter](CancellationToken cancellationToken, Int32 estimatedSize)
   at System.Runtime.CompilerServices.PoolingAsyncValueTaskMethodBuilder`1.StateMachineBox`1.System.Threading.Tasks.Sources.IValueTaskSource<TResult>.GetResult(Int16 token)
   at System.Net.Security.SslStream.ReadAsyncInternal[TIOAdapter](Memory`1 buffer, CancellationToken cancellationToken)
   at System.Runtime.CompilerServices.PoolingAsyncValueTaskMethodBuilder`1.StateMachineBox`1.System.Threading.Tasks.Sources.IValueTaskSource<TResult>.GetResult(Int16 token)
   at System.Net.Http.HttpConnection.SendAsync(HttpRequestMessage request, Boolean async, CancellationToken cancellationToken)
[2025-06-01 19:11:58Z ERR  BrokerServer] #####################################################
[2025-06-01 19:11:58Z ERR  BrokerServer] System.Net.Sockets.SocketException (995): A operação de E/S foi anulada devido a uma saída de thread ou a uma requisição de aplicativo.
[2025-06-01 19:11:58Z WARN BrokerServer] Back off 11,101 seconds before next retry. 4 attempt left.
[2025-06-01 19:11:58Z INFO BrokerMessageListener] Get next message has been cancelled.
[2025-06-01 19:11:58Z INFO JobDispatcher] Shutting down JobDispatcher. Make sure all WorkerDispatcher has finished.
[2025-06-01 19:11:58Z INFO JobDispatcher] Ensure WorkerDispatcher for job 9761f05e-906f-5371-ab31-590e7316137f run to finish, cancel any running job.
[2025-06-01 19:11:58Z INFO JobDispatcher] Job request 9761f05e-906f-5371-ab31-590e7316137f processed succeed.
[2025-06-01 19:11:58Z INFO Runner] Deleting Runner Session...
[2025-06-01 19:11:59Z INFO Listener] Runner execution been cancelled.
