[2025-06-01 20:06:07Z INFO HostContext] No proxy settings were found based on environmental variables (http_proxy/https_proxy/HTTP_PROXY/HTTPS_PROXY)
[2025-06-01 20:06:07Z INFO HostContext] Well known directory 'Bin': 'C:\Users\User\Renata\PosGraduacao\ProjetosJavaScript\pgats-ci-lab\actions-runner\bin'
[2025-06-01 20:06:07Z INFO HostContext] Well known directory 'Root': 'C:\Users\User\Renata\PosGraduacao\ProjetosJavaScript\pgats-ci-lab\actions-runner'
[2025-06-01 20:06:07Z INFO HostContext] Well known config file 'Credentials': 'C:\Users\User\Renata\PosGraduacao\ProjetosJavaScript\pgats-ci-lab\actions-runner\.credentials'
[2025-06-01 20:06:07Z INFO HostContext] Well known directory 'Bin': 'C:\Users\User\Renata\PosGraduacao\ProjetosJavaScript\pgats-ci-lab\actions-runner\bin'
[2025-06-01 20:06:07Z INFO HostContext] Well known directory 'Root': 'C:\Users\User\Renata\PosGraduacao\ProjetosJavaScript\pgats-ci-lab\actions-runner'
[2025-06-01 20:06:07Z INFO HostContext] Well known config file 'Runner': 'C:\Users\User\Renata\PosGraduacao\ProjetosJavaScript\pgats-ci-lab\actions-runner\.runner'
[2025-06-01 20:06:07Z INFO Listener] Runner is built for Windows (X64) - win-x64.
[2025-06-01 20:06:07Z INFO Listener] RuntimeInformation: Microsoft Windows 10.0.26100.
[2025-06-01 20:06:07Z INFO Listener] Version: 2.324.0
[2025-06-01 20:06:07Z INFO Listener] Commit: da3412efd49b1cf1a0fbdcbcee4e4ac4cc2177c8
[2025-06-01 20:06:07Z INFO Listener] Culture: pt-BR
[2025-06-01 20:06:07Z INFO Listener] UI Culture: pt-BR
[2025-06-01 20:06:07Z INFO HostContext] Well known directory 'Bin': 'C:\Users\User\Renata\PosGraduacao\ProjetosJavaScript\pgats-ci-lab\actions-runner\bin'
[2025-06-01 20:06:07Z INFO HostContext] Well known directory 'Root': 'C:\Users\User\Renata\PosGraduacao\ProjetosJavaScript\pgats-ci-lab\actions-runner'
[2025-06-01 20:06:07Z INFO Listener] Validating directory permissions for: 'C:\Users\User\Renata\PosGraduacao\ProjetosJavaScript\pgats-ci-lab\actions-runner'
[2025-06-01 20:06:07Z INFO CommandLineParser] Parse
[2025-06-01 20:06:07Z INFO CommandLineParser] Parsing 1 args
[2025-06-01 20:06:07Z INFO CommandLineParser] parsing argument
[2025-06-01 20:06:07Z INFO CommandLineParser] HasArgs: False
[2025-06-01 20:06:07Z INFO CommandLineParser] Adding Command: run
[2025-06-01 20:06:07Z INFO Listener] Arguments parsed
[2025-06-01 20:06:07Z INFO Runner] ExecuteCommand
[2025-06-01 20:06:07Z INFO ConfigurationStore] currentAssemblyLocation: C:\Users\User\Renata\PosGraduacao\ProjetosJavaScript\pgats-ci-lab\actions-runner\bin\Runner.Listener.dll
[2025-06-01 20:06:07Z INFO HostContext] Well known directory 'Bin': 'C:\Users\User\Renata\PosGraduacao\ProjetosJavaScript\pgats-ci-lab\actions-runner\bin'
[2025-06-01 20:06:07Z INFO ConfigurationStore] binPath: C:\Users\User\Renata\PosGraduacao\ProjetosJavaScript\pgats-ci-lab\actions-runner\bin
[2025-06-01 20:06:07Z INFO HostContext] Well known directory 'Bin': 'C:\Users\User\Renata\PosGraduacao\ProjetosJavaScript\pgats-ci-lab\actions-runner\bin'
[2025-06-01 20:06:07Z INFO HostContext] Well known directory 'Root': 'C:\Users\User\Renata\PosGraduacao\ProjetosJavaScript\pgats-ci-lab\actions-runner'
[2025-06-01 20:06:07Z INFO ConfigurationStore] RootFolder: C:\Users\User\Renata\PosGraduacao\ProjetosJavaScript\pgats-ci-lab\actions-runner
[2025-06-01 20:06:07Z INFO HostContext] Well known directory 'Bin': 'C:\Users\User\Renata\PosGraduacao\ProjetosJavaScript\pgats-ci-lab\actions-runner\bin'
[2025-06-01 20:06:07Z INFO HostContext] Well known directory 'Root': 'C:\Users\User\Renata\PosGraduacao\ProjetosJavaScript\pgats-ci-lab\actions-runner'
[2025-06-01 20:06:07Z INFO HostContext] Well known config file 'Runner': 'C:\Users\User\Renata\PosGraduacao\ProjetosJavaScript\pgats-ci-lab\actions-runner\.runner'
[2025-06-01 20:06:07Z INFO ConfigurationStore] ConfigFilePath: C:\Users\User\Renata\PosGraduacao\ProjetosJavaScript\pgats-ci-lab\actions-runner\.runner
[2025-06-01 20:06:07Z INFO HostContext] Well known directory 'Bin': 'C:\Users\User\Renata\PosGraduacao\ProjetosJavaScript\pgats-ci-lab\actions-runner\bin'
[2025-06-01 20:06:07Z INFO HostContext] Well known directory 'Root': 'C:\Users\User\Renata\PosGraduacao\ProjetosJavaScript\pgats-ci-lab\actions-runner'
[2025-06-01 20:06:07Z INFO HostContext] Well known config file 'MigratedRunner': 'C:\Users\User\Renata\PosGraduacao\ProjetosJavaScript\pgats-ci-lab\actions-runner\.runner_migrated'
[2025-06-01 20:06:07Z INFO ConfigurationStore] MigratedConfigFilePath: C:\Users\User\Renata\PosGraduacao\ProjetosJavaScript\pgats-ci-lab\actions-runner\.runner_migrated
[2025-06-01 20:06:07Z INFO HostContext] Well known directory 'Bin': 'C:\Users\User\Renata\PosGraduacao\ProjetosJavaScript\pgats-ci-lab\actions-runner\bin'
[2025-06-01 20:06:07Z INFO HostContext] Well known directory 'Root': 'C:\Users\User\Renata\PosGraduacao\ProjetosJavaScript\pgats-ci-lab\actions-runner'
[2025-06-01 20:06:07Z INFO HostContext] Well known config file 'Credentials': 'C:\Users\User\Renata\PosGraduacao\ProjetosJavaScript\pgats-ci-lab\actions-runner\.credentials'
[2025-06-01 20:06:07Z INFO ConfigurationStore] CredFilePath: C:\Users\User\Renata\PosGraduacao\ProjetosJavaScript\pgats-ci-lab\actions-runner\.credentials
[2025-06-01 20:06:07Z INFO HostContext] Well known directory 'Bin': 'C:\Users\User\Renata\PosGraduacao\ProjetosJavaScript\pgats-ci-lab\actions-runner\bin'
[2025-06-01 20:06:07Z INFO HostContext] Well known directory 'Root': 'C:\Users\User\Renata\PosGraduacao\ProjetosJavaScript\pgats-ci-lab\actions-runner'
[2025-06-01 20:06:07Z INFO HostContext] Well known config file 'MigratedCredentials': 'C:\Users\User\Renata\PosGraduacao\ProjetosJavaScript\pgats-ci-lab\actions-runner\.credentials_migrated'
[2025-06-01 20:06:07Z INFO ConfigurationStore] MigratedCredFilePath: C:\Users\User\Renata\PosGraduacao\ProjetosJavaScript\pgats-ci-lab\actions-runner\.credentials_migrated
[2025-06-01 20:06:07Z INFO HostContext] Well known directory 'Bin': 'C:\Users\User\Renata\PosGraduacao\ProjetosJavaScript\pgats-ci-lab\actions-runner\bin'
[2025-06-01 20:06:07Z INFO HostContext] Well known directory 'Root': 'C:\Users\User\Renata\PosGraduacao\ProjetosJavaScript\pgats-ci-lab\actions-runner'
[2025-06-01 20:06:07Z INFO HostContext] Well known config file 'Service': 'C:\Users\User\Renata\PosGraduacao\ProjetosJavaScript\pgats-ci-lab\actions-runner\.service'
[2025-06-01 20:06:07Z INFO ConfigurationStore] ServiceConfigFilePath: C:\Users\User\Renata\PosGraduacao\ProjetosJavaScript\pgats-ci-lab\actions-runner\.service
[2025-06-01 20:06:07Z INFO CommandSettings] Flag 'help': 'False'
[2025-06-01 20:06:07Z INFO CommandSettings] Flag 'version': 'False'
[2025-06-01 20:06:07Z INFO CommandSettings] Flag 'commit': 'False'
[2025-06-01 20:06:07Z INFO CommandSettings] Flag 'check': 'False'
[2025-06-01 20:06:07Z INFO CommandSettings] Command 'configure': 'False'
[2025-06-01 20:06:07Z INFO CommandSettings] Command 'remove': 'False'
[2025-06-01 20:06:07Z INFO CommandSettings] Command 'warmup': 'False'
[2025-06-01 20:06:07Z INFO ConfigurationManager] LoadSettings
[2025-06-01 20:06:07Z INFO ConfigurationStore] IsConfigured()
[2025-06-01 20:06:07Z INFO ConfigurationStore] IsConfigured: True
[2025-06-01 20:06:07Z INFO ConfigurationManager] Is configured: True
[2025-06-01 20:06:07Z INFO ConfigurationStore] Read setting file: 401 chars
[2025-06-01 20:06:07Z INFO ConfigurationManager] Settings Loaded
[2025-06-01 20:06:07Z INFO ConfigurationStore] IsServiceConfigured()
[2025-06-01 20:06:07Z INFO ConfigurationStore] IsServiceConfigured: False
[2025-06-01 20:06:07Z INFO CommandSettings] Command 'run': 'True'
[2025-06-01 20:06:07Z INFO ConfigurationStore] IsConfigured()
[2025-06-01 20:06:07Z INFO ConfigurationStore] IsConfigured: True
[2025-06-01 20:06:07Z INFO ConfigurationManager] Is configured: True
[2025-06-01 20:06:07Z INFO Runner] Could not parse the argument value '' for StartupType. Defaulting to Manual
[2025-06-01 20:06:07Z INFO Runner] Set runner startup type - Manual
[2025-06-01 20:06:07Z INFO CommandSettings] Flag 'once': 'False'
[2025-06-01 20:06:07Z INFO CommandSettings] Flag 'once': 'False'
[2025-06-01 20:06:07Z INFO Runner] RunAsync
[2025-06-01 20:06:07Z INFO ConfigurationManager] LoadMigratedSettings
[2025-06-01 20:06:07Z INFO ConfigurationStore] IsMigratedConfigured()
[2025-06-01 20:06:07Z INFO ConfigurationStore] IsMigratedConfigured: False
[2025-06-01 20:06:07Z INFO Runner] Failed to load migrated settings: No migrated configuration found.
[2025-06-01 20:06:07Z INFO Runner] Falling back to original .runner settings
[2025-06-01 20:06:07Z INFO Runner] Using BrokerMessageListener
[2025-06-01 20:06:07Z INFO BrokerMessageListener] Using provided settings
[2025-06-01 20:06:07Z INFO BrokerMessageListener] {
  "AgentId": 21,
  "AgentName": "DESKTOP-IF6UBGF",
  "PoolId": 1,
  "PoolName": "Default",
  "ServerUrl": "https://pipelinesghubeus7.actions.githubusercontent.com/K38grThfgeu9BNF8KZFcPq67vOE02c1BvVGacPZlwXudDXW5Pj/",
  "GitHubUrl": "https://github.com/Renatacpf/pgats-ci-lab",
  "WorkFolder": "_work",
  "UseV2Flow": true,
  "ServerUrlV2": "https://broker.actions.githubusercontent.com/"
}
[2025-06-01 20:06:07Z INFO BrokerMessageListener] Loading Credentials
[2025-06-01 20:06:07Z INFO ConfigurationStore] HasCredentials()
[2025-06-01 20:06:07Z INFO ConfigurationStore] stored True
[2025-06-01 20:06:07Z INFO CredentialManager] GetCredentialProvider
[2025-06-01 20:06:07Z INFO CredentialManager] Creating type OAuth
[2025-06-01 20:06:07Z INFO CredentialManager] Creating credential type: OAuth
[2025-06-01 20:06:07Z INFO HostContext] Well known directory 'Bin': 'C:\Users\User\Renata\PosGraduacao\ProjetosJavaScript\pgats-ci-lab\actions-runner\bin'
[2025-06-01 20:06:07Z INFO HostContext] Well known directory 'Root': 'C:\Users\User\Renata\PosGraduacao\ProjetosJavaScript\pgats-ci-lab\actions-runner'
[2025-06-01 20:06:07Z INFO HostContext] Well known config file 'RSACredentials': 'C:\Users\User\Renata\PosGraduacao\ProjetosJavaScript\pgats-ci-lab\actions-runner\.credentials_rsaparams'
[2025-06-01 20:06:07Z INFO RSAEncryptedFileKeyManager] Loading RSA key parameters from file C:\Users\User\Renata\PosGraduacao\ProjetosJavaScript\pgats-ci-lab\actions-runner\.credentials_rsaparams
[2025-06-01 20:06:07Z INFO BrokerMessageListener] Attempt to create session.
[2025-06-01 20:06:07Z INFO BrokerMessageListener] Connecting to the Broker Server...
[2025-06-01 20:06:07Z INFO ConfigurationStore] HasCredentials()
[2025-06-01 20:06:07Z INFO ConfigurationStore] stored True
[2025-06-01 20:06:07Z INFO CredentialManager] GetCredentialProvider
[2025-06-01 20:06:07Z INFO CredentialManager] Creating type OAuth
[2025-06-01 20:06:07Z INFO CredentialManager] Creating credential type: OAuth
[2025-06-01 20:06:07Z INFO RSAEncryptedFileKeyManager] Loading RSA key parameters from file C:\Users\User\Renata\PosGraduacao\ProjetosJavaScript\pgats-ci-lab\actions-runner\.credentials_rsaparams
[2025-06-01 20:06:07Z INFO BrokerMessageListener] VssConnection created
[2025-06-01 20:06:07Z INFO BrokerMessageListener] Connecting to the Runner server...
[2025-06-01 20:06:07Z INFO RunnerServer] EstablishVssConnection
[2025-06-01 20:06:07Z INFO RunnerServer] Establish connection with 100 seconds timeout.
[2025-06-01 20:06:07Z INFO GitHubActionsService] Starting operation Location.GetConnectionData
[2025-06-01 20:06:07Z INFO RunnerServer] EstablishVssConnection
[2025-06-01 20:06:07Z INFO RunnerServer] Establish connection with 60 seconds timeout.
[2025-06-01 20:06:07Z INFO GitHubActionsService] Starting operation Location.GetConnectionData
[2025-06-01 20:06:07Z INFO RunnerServer] EstablishVssConnection
[2025-06-01 20:06:07Z INFO RunnerServer] Establish connection with 60 seconds timeout.
[2025-06-01 20:06:07Z INFO GitHubActionsService] Starting operation Location.GetConnectionData
[2025-06-01 20:06:08Z INFO GitHubActionsService] Finished operation Location.GetConnectionData
[2025-06-01 20:06:08Z INFO GitHubActionsService] Finished operation Location.GetConnectionData
[2025-06-01 20:06:08Z INFO GitHubActionsService] Finished operation Location.GetConnectionData
[2025-06-01 20:06:08Z INFO BrokerMessageListener] VssConnection created
[2025-06-01 20:06:08Z INFO Terminal] WRITE LINE: 
[2025-06-01 20:06:08Z INFO Terminal] WRITE LINE: 
[2025-06-01 20:06:08Z INFO RSAEncryptedFileKeyManager] Loading RSA key parameters from file C:\Users\User\Renata\PosGraduacao\ProjetosJavaScript\pgats-ci-lab\actions-runner\.credentials_rsaparams
[2025-06-01 20:06:08Z INFO RSAEncryptedFileKeyManager] Loading RSA key parameters from file C:\Users\User\Renata\PosGraduacao\ProjetosJavaScript\pgats-ci-lab\actions-runner\.credentials_rsaparams
[2025-06-01 20:06:09Z INFO GitHubActionsService] AAD Correlation ID for this token request: Unknown
[2025-06-01 20:06:09Z INFO BrokerMessageListener] Session created.
[2025-06-01 20:06:09Z INFO Terminal] WRITE LINE: Current runner version: '2.324.0'
[2025-06-01 20:06:09Z INFO Terminal] WRITE LINE: 2025-06-01 20:06:09Z: Listening for Jobs
[2025-06-01 20:06:09Z INFO JobDispatcher] Set runner/worker IPC timeout to 30 seconds.
[2025-06-01 20:06:25Z INFO ConfigurationStore] HasCredentials()
[2025-06-01 20:06:25Z INFO ConfigurationStore] stored True
[2025-06-01 20:06:25Z INFO CredentialManager] GetCredentialProvider
[2025-06-01 20:06:25Z INFO CredentialManager] Creating type OAuth
[2025-06-01 20:06:25Z INFO CredentialManager] Creating credential type: OAuth
[2025-06-01 20:06:25Z INFO RSAEncryptedFileKeyManager] Loading RSA key parameters from file C:\Users\User\Renata\PosGraduacao\ProjetosJavaScript\pgats-ci-lab\actions-runner\.credentials_rsaparams
[2025-06-01 20:06:25Z INFO RSAEncryptedFileKeyManager] Loading RSA key parameters from file C:\Users\User\Renata\PosGraduacao\ProjetosJavaScript\pgats-ci-lab\actions-runner\.credentials_rsaparams
[2025-06-01 20:06:25Z INFO RSAEncryptedFileKeyManager] Loading RSA key parameters from file C:\Users\User\Renata\PosGraduacao\ProjetosJavaScript\pgats-ci-lab\actions-runner\.credentials_rsaparams
[2025-06-01 20:06:25Z INFO GitHubActionsService] AAD Correlation ID for this token request: Unknown
[2025-06-01 20:06:26Z INFO JobDispatcher] Job request 0 for plan 161baff3-b408-48fe-a8ae-c4ff5077dd51 job 30132b68-49c7-5962-ba74-97a15a4021ba received.
[2025-06-01 20:06:26Z INFO BrokerMessageListener] Received job status event. JobState: Busy
[2025-06-01 20:06:26Z INFO BrokerMessageListener] _getMessagesTokenSource is already disposed.
[2025-06-01 20:06:26Z INFO Terminal] WRITE LINE: 2025-06-01 20:06:26Z: Running job: e2e-tests
[2025-06-01 20:06:26Z INFO JobDispatcher] Start renew job request 0 for job 30132b68-49c7-5962-ba74-97a15a4021ba.
[2025-06-01 20:06:26Z INFO JobDispatcher] Successfully renew job 30132b68-49c7-5962-ba74-97a15a4021ba, job is valid till 01/06/2025 20:16:26
[2025-06-01 20:06:26Z INFO HostContext] Well known directory 'Bin': 'C:\Users\User\Renata\PosGraduacao\ProjetosJavaScript\pgats-ci-lab\actions-runner\bin'
[2025-06-01 20:06:27Z INFO ProcessInvokerWrapper] Starting process:
[2025-06-01 20:06:27Z INFO ProcessInvokerWrapper]   File name: 'C:\Users\User\Renata\PosGraduacao\ProjetosJavaScript\pgats-ci-lab\actions-runner\bin\Runner.Worker.exe'
[2025-06-01 20:06:27Z INFO ProcessInvokerWrapper]   Arguments: 'spawnclient 2312 2324'
[2025-06-01 20:06:27Z INFO ProcessInvokerWrapper]   Working directory: 'C:\Users\User\Renata\PosGraduacao\ProjetosJavaScript\pgats-ci-lab\actions-runner\bin'
[2025-06-01 20:06:27Z INFO ProcessInvokerWrapper]   Require exit code zero: 'False'
[2025-06-01 20:06:27Z INFO ProcessInvokerWrapper]   Encoding web name:  ; code page: ''
[2025-06-01 20:06:27Z INFO ProcessInvokerWrapper]   Force kill process on cancellation: 'True'
[2025-06-01 20:06:27Z INFO ProcessInvokerWrapper]   Redirected STDIN: 'False'
[2025-06-01 20:06:27Z INFO ProcessInvokerWrapper]   Persist current code page: 'False'
[2025-06-01 20:06:27Z INFO ProcessInvokerWrapper]   Keep redirected STDIN open: 'False'
[2025-06-01 20:06:27Z INFO ProcessInvokerWrapper]   High priority process: 'True'
[2025-06-01 20:06:27Z INFO ProcessInvokerWrapper] Process started with process id 16084, waiting for process exit.
[2025-06-01 20:06:27Z INFO JobDispatcher] Send job request message to worker for job 30132b68-49c7-5962-ba74-97a15a4021ba.
[2025-06-01 20:06:27Z INFO ProcessChannel] Sending message of length 24751, with hash '9f3607a0df1fb44fb825ec8a712cce32a301fe2940a36fae79ae9ddf65c14bfc'
[2025-06-01 20:06:27Z INFO JobNotification] Entering JobStarted Notification
[2025-06-01 20:06:27Z INFO JobNotification] Entering StartMonitor
[2025-06-01 20:07:27Z INFO JobDispatcher] Successfully renew job 30132b68-49c7-5962-ba74-97a15a4021ba, job is valid till 01/06/2025 20:17:27
[2025-06-01 20:08:21Z INFO ProcessInvokerWrapper] STDOUT/STDERR stream read finished.
[2025-06-01 20:08:21Z INFO ProcessInvokerWrapper] STDOUT/STDERR stream read finished.
[2025-06-01 20:08:21Z INFO ProcessInvokerWrapper] Finished process 16084 with exit code 100, and elapsed time 00:01:54.9222196.
[2025-06-01 20:08:21Z INFO JobDispatcher] Worker finished for job 30132b68-49c7-5962-ba74-97a15a4021ba. Code: 100
[2025-06-01 20:08:21Z INFO JobDispatcher] finish job request for job 30132b68-49c7-5962-ba74-97a15a4021ba with result: Succeeded
[2025-06-01 20:08:21Z INFO Terminal] WRITE LINE: 2025-06-01 20:08:21Z: Job e2e-tests completed with result: Succeeded
[2025-06-01 20:08:21Z INFO JobDispatcher] Stop renew job request for job 30132b68-49c7-5962-ba74-97a15a4021ba.
[2025-06-01 20:08:21Z INFO JobDispatcher] job renew has been cancelled, stop renew job 30132b68-49c7-5962-ba74-97a15a4021ba.
[2025-06-01 20:08:21Z INFO JobNotification] Entering JobCompleted Notification
[2025-06-01 20:08:21Z INFO JobNotification] Entering EndMonitor
[2025-06-01 20:08:21Z INFO BrokerMessageListener] Received job status event. JobState: Online
[2025-06-01 20:08:21Z WARN GitHubActionsService] GET request to https://broker.actions.githubusercontent.com/message?sessionId=0dfd71e5-7592-44d5-9ddc-5b3d1ddc54de&status=Busy&runnerVersion=2.324.0&os=Windows&architecture=X64&disableUpdate=false has been cancelled.
[2025-06-01 20:08:21Z ERR  BrokerServer] Catch exception during request
[2025-06-01 20:08:21Z ERR  BrokerServer] System.Threading.Tasks.TaskCanceledException: The operation was canceled.
 ---> System.Threading.Tasks.TaskCanceledException: The operation was canceled.
 ---> System.IO.IOException: Unable to read data from the transport connection: A operação de E/S foi anulada devido a uma saída de thread ou a uma requisição de aplicativo..
 ---> System.Net.Sockets.SocketException (995): A operação de E/S foi anulada devido a uma saída de thread ou a uma requisição de aplicativo.
   --- End of inner exception stack trace ---
   at System.Net.Sockets.Socket.AwaitableSocketAsyncEventArgs.ThrowException(SocketError error, CancellationToken cancellationToken)
   at System.Net.Sockets.Socket.AwaitableSocketAsyncEventArgs.System.Threading.Tasks.Sources.IValueTaskSource<System.Int32>.GetResult(Int16 token)
   at System.Net.Security.SslStream.EnsureFullTlsFrameAsync[TIOAdapter](CancellationToken cancellationToken, Int32 estimatedSize)
   at System.Runtime.CompilerServices.PoolingAsyncValueTaskMethodBuilder`1.StateMachineBox`1.System.Threading.Tasks.Sources.IValueTaskSource<TResult>.GetResult(Int16 token)
   at System.Net.Security.SslStream.ReadAsyncInternal[TIOAdapter](Memory`1 buffer, CancellationToken cancellationToken)
   at System.Runtime.CompilerServices.PoolingAsyncValueTaskMethodBuilder`1.StateMachineBox`1.System.Threading.Tasks.Sources.IValueTaskSource<TResult>.GetResult(Int16 token)
   at System.Net.Http.HttpConnection.SendAsync(HttpRequestMessage request, Boolean async, CancellationToken cancellationToken)
   --- End of inner exception stack trace ---
   at System.Net.Http.HttpConnection.SendAsync(HttpRequestMessage request, Boolean async, CancellationToken cancellationToken)
   at System.Net.Http.AuthenticationHelper.SendWithNtAuthAsync(HttpRequestMessage request, Uri authUri, Boolean async, ICredentials credentials, Boolean isProxyAuth, HttpConnection connection, HttpConnectionPool connectionPool, CancellationToken cancellationToken)
   at System.Net.Http.HttpConnectionPool.SendWithVersionDetectionAndRetryAsync(HttpRequestMessage request, Boolean async, Boolean doRequestAuth, CancellationToken cancellationToken)
   at System.Net.Http.AuthenticationHelper.SendWithAuthAsync(HttpRequestMessage request, Uri authUri, Boolean async, ICredentials credentials, Boolean preAuthenticate, Boolean isProxyAuth, Boolean doRequestAuth, HttpConnectionPool pool, CancellationToken cancellationToken)
   at System.Net.Http.RedirectHandler.SendAsync(HttpRequestMessage request, Boolean async, CancellationToken cancellationToken)
   at GitHub.Services.Common.RawHttpMessageHandler.SendAsync(HttpRequestMessage request, CancellationToken cancellationToken)
   at GitHub.Services.Common.VssHttpRetryMessageHandler.SendAsync(HttpRequestMessage request, CancellationToken cancellationToken)
   at System.Net.Http.HttpClient.<SendAsync>g__Core|83_0(HttpRequestMessage request, HttpCompletionOption completionOption, CancellationTokenSource cts, Boolean disposeCts, CancellationTokenSource pendingRequestsCts, CancellationToken originalCancellationToken)
   --- End of inner exception stack trace ---
   at System.Net.Http.HttpClient.HandleFailure(Exception e, Boolean telemetryStarted, HttpResponseMessage response, CancellationTokenSource cts, CancellationToken cancellationToken, CancellationTokenSource pendingRequestsCts)
   at System.Net.Http.HttpClient.<SendAsync>g__Core|83_0(HttpRequestMessage request, HttpCompletionOption completionOption, CancellationTokenSource cts, Boolean disposeCts, CancellationTokenSource pendingRequestsCts, CancellationToken originalCancellationToken)
   at Sdk.WebApi.WebApi.RawHttpClientBase.SendAsync(HttpRequestMessage message, HttpCompletionOption completionOption, Object userState, CancellationToken cancellationToken)
   at Sdk.WebApi.WebApi.RawHttpClientBase.SendAsync[T](HttpRequestMessage message, Boolean readErrorBody, Object userState, CancellationToken cancellationToken)
   at Sdk.WebApi.WebApi.RawHttpClientBase.SendAsync[T](HttpMethod method, IEnumerable`1 additionalHeaders, Uri requestUri, HttpContent content, IEnumerable`1 queryParameters, Boolean readErrorBody, Object userState, CancellationToken cancellationToken)
   at GitHub.Actions.RunService.WebApi.BrokerHttpClient.GetRunnerMessageAsync(Nullable`1 sessionId, String runnerVersion, Nullable`1 status, String os, String architecture, Nullable`1 disableUpdate, CancellationToken cancellationToken)
   at GitHub.Runner.Common.BrokerServer.<>c__DisplayClass7_0.<<GetRunnerMessageAsync>b__0>d.MoveNext()
--- End of stack trace from previous location ---
   at GitHub.Runner.Common.RunnerService.RetryRequest[T](Func`1 func, CancellationToken cancellationToken, Int32 maxRetryAttemptsCount, Func`2 shouldRetry)
[2025-06-01 20:08:21Z ERR  BrokerServer] #####################################################
[2025-06-01 20:08:21Z ERR  BrokerServer] System.Threading.Tasks.TaskCanceledException: The operation was canceled.
 ---> System.IO.IOException: Unable to read data from the transport connection: A operação de E/S foi anulada devido a uma saída de thread ou a uma requisição de aplicativo..
 ---> System.Net.Sockets.SocketException (995): A operação de E/S foi anulada devido a uma saída de thread ou a uma requisição de aplicativo.
   --- End of inner exception stack trace ---
   at System.Net.Sockets.Socket.AwaitableSocketAsyncEventArgs.ThrowException(SocketError error, CancellationToken cancellationToken)
   at System.Net.Sockets.Socket.AwaitableSocketAsyncEventArgs.System.Threading.Tasks.Sources.IValueTaskSource<System.Int32>.GetResult(Int16 token)
   at System.Net.Security.SslStream.EnsureFullTlsFrameAsync[TIOAdapter](CancellationToken cancellationToken, Int32 estimatedSize)
   at System.Runtime.CompilerServices.PoolingAsyncValueTaskMethodBuilder`1.StateMachineBox`1.System.Threading.Tasks.Sources.IValueTaskSource<TResult>.GetResult(Int16 token)
   at System.Net.Security.SslStream.ReadAsyncInternal[TIOAdapter](Memory`1 buffer, CancellationToken cancellationToken)
   at System.Runtime.CompilerServices.PoolingAsyncValueTaskMethodBuilder`1.StateMachineBox`1.System.Threading.Tasks.Sources.IValueTaskSource<TResult>.GetResult(Int16 token)
   at System.Net.Http.HttpConnection.SendAsync(HttpRequestMessage request, Boolean async, CancellationToken cancellationToken)
   --- End of inner exception stack trace ---
   at System.Net.Http.HttpConnection.SendAsync(HttpRequestMessage request, Boolean async, CancellationToken cancellationToken)
   at System.Net.Http.AuthenticationHelper.SendWithNtAuthAsync(HttpRequestMessage request, Uri authUri, Boolean async, ICredentials credentials, Boolean isProxyAuth, HttpConnection connection, HttpConnectionPool connectionPool, CancellationToken cancellationToken)
   at System.Net.Http.HttpConnectionPool.SendWithVersionDetectionAndRetryAsync(HttpRequestMessage request, Boolean async, Boolean doRequestAuth, CancellationToken cancellationToken)
   at System.Net.Http.AuthenticationHelper.SendWithAuthAsync(HttpRequestMessage request, Uri authUri, Boolean async, ICredentials credentials, Boolean preAuthenticate, Boolean isProxyAuth, Boolean doRequestAuth, HttpConnectionPool pool, CancellationToken cancellationToken)
   at System.Net.Http.RedirectHandler.SendAsync(HttpRequestMessage request, Boolean async, CancellationToken cancellationToken)
   at GitHub.Services.Common.RawHttpMessageHandler.SendAsync(HttpRequestMessage request, CancellationToken cancellationToken)
   at GitHub.Services.Common.VssHttpRetryMessageHandler.SendAsync(HttpRequestMessage request, CancellationToken cancellationToken)
   at System.Net.Http.HttpClient.<SendAsync>g__Core|83_0(HttpRequestMessage request, HttpCompletionOption completionOption, CancellationTokenSource cts, Boolean disposeCts, CancellationTokenSource pendingRequestsCts, CancellationToken originalCancellationToken)
[2025-06-01 20:08:21Z ERR  BrokerServer] #####################################################
[2025-06-01 20:08:21Z ERR  BrokerServer] System.IO.IOException: Unable to read data from the transport connection: A operação de E/S foi anulada devido a uma saída de thread ou a uma requisição de aplicativo..
 ---> System.Net.Sockets.SocketException (995): A operação de E/S foi anulada devido a uma saída de thread ou a uma requisição de aplicativo.
   --- End of inner exception stack trace ---
   at System.Net.Sockets.Socket.AwaitableSocketAsyncEventArgs.ThrowException(SocketError error, CancellationToken cancellationToken)
   at System.Net.Sockets.Socket.AwaitableSocketAsyncEventArgs.System.Threading.Tasks.Sources.IValueTaskSource<System.Int32>.GetResult(Int16 token)
   at System.Net.Security.SslStream.EnsureFullTlsFrameAsync[TIOAdapter](CancellationToken cancellationToken, Int32 estimatedSize)
   at System.Runtime.CompilerServices.PoolingAsyncValueTaskMethodBuilder`1.StateMachineBox`1.System.Threading.Tasks.Sources.IValueTaskSource<TResult>.GetResult(Int16 token)
   at System.Net.Security.SslStream.ReadAsyncInternal[TIOAdapter](Memory`1 buffer, CancellationToken cancellationToken)
   at System.Runtime.CompilerServices.PoolingAsyncValueTaskMethodBuilder`1.StateMachineBox`1.System.Threading.Tasks.Sources.IValueTaskSource<TResult>.GetResult(Int16 token)
   at System.Net.Http.HttpConnection.SendAsync(HttpRequestMessage request, Boolean async, CancellationToken cancellationToken)
[2025-06-01 20:08:21Z ERR  BrokerServer] #####################################################
[2025-06-01 20:08:21Z ERR  BrokerServer] System.Net.Sockets.SocketException (995): A operação de E/S foi anulada devido a uma saída de thread ou a uma requisição de aplicativo.
[2025-06-01 20:08:21Z WARN BrokerServer] Back off 11,195 seconds before next retry. 4 attempt left.
[2025-06-01 20:08:21Z INFO BrokerMessageListener] Get messages has been cancelled using local token source. Continue to get messages with new status.
[2025-06-01 20:15:25Z INFO ConfigurationStore] HasCredentials()
[2025-06-01 20:15:25Z INFO ConfigurationStore] stored True
[2025-06-01 20:15:25Z INFO CredentialManager] GetCredentialProvider
[2025-06-01 20:15:25Z INFO CredentialManager] Creating type OAuth
[2025-06-01 20:15:25Z INFO CredentialManager] Creating credential type: OAuth
[2025-06-01 20:15:25Z INFO RSAEncryptedFileKeyManager] Loading RSA key parameters from file C:\Users\User\Renata\PosGraduacao\ProjetosJavaScript\pgats-ci-lab\actions-runner\.credentials_rsaparams
[2025-06-01 20:15:25Z INFO RSAEncryptedFileKeyManager] Loading RSA key parameters from file C:\Users\User\Renata\PosGraduacao\ProjetosJavaScript\pgats-ci-lab\actions-runner\.credentials_rsaparams
[2025-06-01 20:15:25Z INFO RSAEncryptedFileKeyManager] Loading RSA key parameters from file C:\Users\User\Renata\PosGraduacao\ProjetosJavaScript\pgats-ci-lab\actions-runner\.credentials_rsaparams
[2025-06-01 20:15:25Z INFO GitHubActionsService] AAD Correlation ID for this token request: Unknown
[2025-06-01 20:15:26Z INFO JobDispatcher] Job request 0 for plan e17b3b0d-a176-4a36-a7ad-01ee0f09dec2 job 173dfbe3-b085-5395-86f0-fea8d59f6b74 received.
[2025-06-01 20:15:26Z INFO BrokerMessageListener] Received job status event. JobState: Busy
[2025-06-01 20:15:26Z INFO BrokerMessageListener] _getMessagesTokenSource is already disposed.
[2025-06-01 20:15:26Z INFO JobDispatcher] Job request 30132b68-49c7-5962-ba74-97a15a4021ba processed succeed.
[2025-06-01 20:15:26Z INFO Terminal] WRITE LINE: 2025-06-01 20:15:26Z: Running job: e2e-tests
[2025-06-01 20:15:26Z INFO JobDispatcher] Start renew job request 0 for job 173dfbe3-b085-5395-86f0-fea8d59f6b74.
[2025-06-01 20:15:27Z INFO JobDispatcher] Successfully renew job 173dfbe3-b085-5395-86f0-fea8d59f6b74, job is valid till 01/06/2025 20:25:27
[2025-06-01 20:15:27Z INFO HostContext] Well known directory 'Bin': 'C:\Users\User\Renata\PosGraduacao\ProjetosJavaScript\pgats-ci-lab\actions-runner\bin'
[2025-06-01 20:15:27Z INFO ProcessInvokerWrapper] Starting process:
[2025-06-01 20:15:27Z INFO ProcessInvokerWrapper]   File name: 'C:\Users\User\Renata\PosGraduacao\ProjetosJavaScript\pgats-ci-lab\actions-runner\bin\Runner.Worker.exe'
[2025-06-01 20:15:27Z INFO ProcessInvokerWrapper]   Arguments: 'spawnclient 1796 2228'
[2025-06-01 20:15:27Z INFO ProcessInvokerWrapper]   Working directory: 'C:\Users\User\Renata\PosGraduacao\ProjetosJavaScript\pgats-ci-lab\actions-runner\bin'
[2025-06-01 20:15:27Z INFO ProcessInvokerWrapper]   Require exit code zero: 'False'
[2025-06-01 20:15:27Z INFO ProcessInvokerWrapper]   Encoding web name:  ; code page: ''
[2025-06-01 20:15:27Z INFO ProcessInvokerWrapper]   Force kill process on cancellation: 'True'
[2025-06-01 20:15:27Z INFO ProcessInvokerWrapper]   Redirected STDIN: 'False'
[2025-06-01 20:15:27Z INFO ProcessInvokerWrapper]   Persist current code page: 'False'
[2025-06-01 20:15:27Z INFO ProcessInvokerWrapper]   Keep redirected STDIN open: 'False'
[2025-06-01 20:15:27Z INFO ProcessInvokerWrapper]   High priority process: 'True'
[2025-06-01 20:15:27Z INFO ProcessInvokerWrapper] Process started with process id 6804, waiting for process exit.
[2025-06-01 20:15:27Z INFO JobDispatcher] Send job request message to worker for job 173dfbe3-b085-5395-86f0-fea8d59f6b74.
[2025-06-01 20:15:27Z INFO ProcessChannel] Sending message of length 24751, with hash 'dff948305621d510ad51f7f7824642c3eba53412eaaee154d36d6c82974ee470'
[2025-06-01 20:15:27Z INFO JobNotification] Entering JobStarted Notification
[2025-06-01 20:15:27Z INFO JobNotification] Entering StartMonitor
[2025-06-01 20:16:27Z INFO JobDispatcher] Successfully renew job 173dfbe3-b085-5395-86f0-fea8d59f6b74, job is valid till 01/06/2025 20:26:27
[2025-06-01 20:17:19Z INFO ProcessInvokerWrapper] STDOUT/STDERR stream read finished.
[2025-06-01 20:17:19Z INFO ProcessInvokerWrapper] STDOUT/STDERR stream read finished.
[2025-06-01 20:17:19Z INFO ProcessInvokerWrapper] Finished process 6804 with exit code 100, and elapsed time 00:01:51.9732597.
[2025-06-01 20:17:19Z INFO JobDispatcher] Worker finished for job 173dfbe3-b085-5395-86f0-fea8d59f6b74. Code: 100
[2025-06-01 20:17:19Z INFO JobDispatcher] finish job request for job 173dfbe3-b085-5395-86f0-fea8d59f6b74 with result: Succeeded
[2025-06-01 20:17:19Z INFO Terminal] WRITE LINE: 2025-06-01 20:17:19Z: Job e2e-tests completed with result: Succeeded
[2025-06-01 20:17:19Z INFO JobDispatcher] Stop renew job request for job 173dfbe3-b085-5395-86f0-fea8d59f6b74.
[2025-06-01 20:17:19Z INFO JobDispatcher] job renew has been cancelled, stop renew job 173dfbe3-b085-5395-86f0-fea8d59f6b74.
[2025-06-01 20:17:19Z INFO JobNotification] Entering JobCompleted Notification
[2025-06-01 20:17:19Z INFO JobNotification] Entering EndMonitor
[2025-06-01 20:17:19Z INFO BrokerMessageListener] Received job status event. JobState: Online
[2025-06-01 20:17:19Z WARN GitHubActionsService] GET request to https://broker.actions.githubusercontent.com/message?sessionId=0dfd71e5-7592-44d5-9ddc-5b3d1ddc54de&status=Busy&runnerVersion=2.324.0&os=Windows&architecture=X64&disableUpdate=false has been cancelled.
[2025-06-01 20:17:19Z ERR  BrokerServer] Catch exception during request
[2025-06-01 20:17:19Z ERR  BrokerServer] System.Threading.Tasks.TaskCanceledException: The operation was canceled.
 ---> System.Threading.Tasks.TaskCanceledException: The operation was canceled.
 ---> System.IO.IOException: Unable to read data from the transport connection: A operação de E/S foi anulada devido a uma saída de thread ou a uma requisição de aplicativo..
 ---> System.Net.Sockets.SocketException (995): A operação de E/S foi anulada devido a uma saída de thread ou a uma requisição de aplicativo.
   --- End of inner exception stack trace ---
   at System.Net.Sockets.Socket.AwaitableSocketAsyncEventArgs.ThrowException(SocketError error, CancellationToken cancellationToken)
   at System.Net.Sockets.Socket.AwaitableSocketAsyncEventArgs.System.Threading.Tasks.Sources.IValueTaskSource<System.Int32>.GetResult(Int16 token)
   at System.Net.Security.SslStream.EnsureFullTlsFrameAsync[TIOAdapter](CancellationToken cancellationToken, Int32 estimatedSize)
   at System.Runtime.CompilerServices.PoolingAsyncValueTaskMethodBuilder`1.StateMachineBox`1.System.Threading.Tasks.Sources.IValueTaskSource<TResult>.GetResult(Int16 token)
   at System.Net.Security.SslStream.ReadAsyncInternal[TIOAdapter](Memory`1 buffer, CancellationToken cancellationToken)
   at System.Runtime.CompilerServices.PoolingAsyncValueTaskMethodBuilder`1.StateMachineBox`1.System.Threading.Tasks.Sources.IValueTaskSource<TResult>.GetResult(Int16 token)
   at System.Net.Http.HttpConnection.SendAsync(HttpRequestMessage request, Boolean async, CancellationToken cancellationToken)
   --- End of inner exception stack trace ---
   at System.Net.Http.HttpConnection.SendAsync(HttpRequestMessage request, Boolean async, CancellationToken cancellationToken)
   at System.Net.Http.AuthenticationHelper.SendWithNtAuthAsync(HttpRequestMessage request, Uri authUri, Boolean async, ICredentials credentials, Boolean isProxyAuth, HttpConnection connection, HttpConnectionPool connectionPool, CancellationToken cancellationToken)
   at System.Net.Http.HttpConnectionPool.SendWithVersionDetectionAndRetryAsync(HttpRequestMessage request, Boolean async, Boolean doRequestAuth, CancellationToken cancellationToken)
   at System.Net.Http.AuthenticationHelper.SendWithAuthAsync(HttpRequestMessage request, Uri authUri, Boolean async, ICredentials credentials, Boolean preAuthenticate, Boolean isProxyAuth, Boolean doRequestAuth, HttpConnectionPool pool, CancellationToken cancellationToken)
   at System.Net.Http.RedirectHandler.SendAsync(HttpRequestMessage request, Boolean async, CancellationToken cancellationToken)
   at GitHub.Services.Common.RawHttpMessageHandler.SendAsync(HttpRequestMessage request, CancellationToken cancellationToken)
   at GitHub.Services.Common.VssHttpRetryMessageHandler.SendAsync(HttpRequestMessage request, CancellationToken cancellationToken)
   at System.Net.Http.HttpClient.<SendAsync>g__Core|83_0(HttpRequestMessage request, HttpCompletionOption completionOption, CancellationTokenSource cts, Boolean disposeCts, CancellationTokenSource pendingRequestsCts, CancellationToken originalCancellationToken)
   --- End of inner exception stack trace ---
   at System.Net.Http.HttpClient.HandleFailure(Exception e, Boolean telemetryStarted, HttpResponseMessage response, CancellationTokenSource cts, CancellationToken cancellationToken, CancellationTokenSource pendingRequestsCts)
   at System.Net.Http.HttpClient.<SendAsync>g__Core|83_0(HttpRequestMessage request, HttpCompletionOption completionOption, CancellationTokenSource cts, Boolean disposeCts, CancellationTokenSource pendingRequestsCts, CancellationToken originalCancellationToken)
   at Sdk.WebApi.WebApi.RawHttpClientBase.SendAsync(HttpRequestMessage message, HttpCompletionOption completionOption, Object userState, CancellationToken cancellationToken)
   at Sdk.WebApi.WebApi.RawHttpClientBase.SendAsync[T](HttpRequestMessage message, Boolean readErrorBody, Object userState, CancellationToken cancellationToken)
   at Sdk.WebApi.WebApi.RawHttpClientBase.SendAsync[T](HttpMethod method, IEnumerable`1 additionalHeaders, Uri requestUri, HttpContent content, IEnumerable`1 queryParameters, Boolean readErrorBody, Object userState, CancellationToken cancellationToken)
   at GitHub.Actions.RunService.WebApi.BrokerHttpClient.GetRunnerMessageAsync(Nullable`1 sessionId, String runnerVersion, Nullable`1 status, String os, String architecture, Nullable`1 disableUpdate, CancellationToken cancellationToken)
   at GitHub.Runner.Common.BrokerServer.<>c__DisplayClass7_0.<<GetRunnerMessageAsync>b__0>d.MoveNext()
--- End of stack trace from previous location ---
   at GitHub.Runner.Common.RunnerService.RetryRequest[T](Func`1 func, CancellationToken cancellationToken, Int32 maxRetryAttemptsCount, Func`2 shouldRetry)
[2025-06-01 20:17:19Z ERR  BrokerServer] #####################################################
[2025-06-01 20:17:19Z ERR  BrokerServer] System.Threading.Tasks.TaskCanceledException: The operation was canceled.
 ---> System.IO.IOException: Unable to read data from the transport connection: A operação de E/S foi anulada devido a uma saída de thread ou a uma requisição de aplicativo..
 ---> System.Net.Sockets.SocketException (995): A operação de E/S foi anulada devido a uma saída de thread ou a uma requisição de aplicativo.
   --- End of inner exception stack trace ---
   at System.Net.Sockets.Socket.AwaitableSocketAsyncEventArgs.ThrowException(SocketError error, CancellationToken cancellationToken)
   at System.Net.Sockets.Socket.AwaitableSocketAsyncEventArgs.System.Threading.Tasks.Sources.IValueTaskSource<System.Int32>.GetResult(Int16 token)
   at System.Net.Security.SslStream.EnsureFullTlsFrameAsync[TIOAdapter](CancellationToken cancellationToken, Int32 estimatedSize)
   at System.Runtime.CompilerServices.PoolingAsyncValueTaskMethodBuilder`1.StateMachineBox`1.System.Threading.Tasks.Sources.IValueTaskSource<TResult>.GetResult(Int16 token)
   at System.Net.Security.SslStream.ReadAsyncInternal[TIOAdapter](Memory`1 buffer, CancellationToken cancellationToken)
   at System.Runtime.CompilerServices.PoolingAsyncValueTaskMethodBuilder`1.StateMachineBox`1.System.Threading.Tasks.Sources.IValueTaskSource<TResult>.GetResult(Int16 token)
   at System.Net.Http.HttpConnection.SendAsync(HttpRequestMessage request, Boolean async, CancellationToken cancellationToken)
   --- End of inner exception stack trace ---
   at System.Net.Http.HttpConnection.SendAsync(HttpRequestMessage request, Boolean async, CancellationToken cancellationToken)
   at System.Net.Http.AuthenticationHelper.SendWithNtAuthAsync(HttpRequestMessage request, Uri authUri, Boolean async, ICredentials credentials, Boolean isProxyAuth, HttpConnection connection, HttpConnectionPool connectionPool, CancellationToken cancellationToken)
   at System.Net.Http.HttpConnectionPool.SendWithVersionDetectionAndRetryAsync(HttpRequestMessage request, Boolean async, Boolean doRequestAuth, CancellationToken cancellationToken)
   at System.Net.Http.AuthenticationHelper.SendWithAuthAsync(HttpRequestMessage request, Uri authUri, Boolean async, ICredentials credentials, Boolean preAuthenticate, Boolean isProxyAuth, Boolean doRequestAuth, HttpConnectionPool pool, CancellationToken cancellationToken)
   at System.Net.Http.RedirectHandler.SendAsync(HttpRequestMessage request, Boolean async, CancellationToken cancellationToken)
   at GitHub.Services.Common.RawHttpMessageHandler.SendAsync(HttpRequestMessage request, CancellationToken cancellationToken)
   at GitHub.Services.Common.VssHttpRetryMessageHandler.SendAsync(HttpRequestMessage request, CancellationToken cancellationToken)
   at System.Net.Http.HttpClient.<SendAsync>g__Core|83_0(HttpRequestMessage request, HttpCompletionOption completionOption, CancellationTokenSource cts, Boolean disposeCts, CancellationTokenSource pendingRequestsCts, CancellationToken originalCancellationToken)
[2025-06-01 20:17:19Z ERR  BrokerServer] #####################################################
[2025-06-01 20:17:19Z ERR  BrokerServer] System.IO.IOException: Unable to read data from the transport connection: A operação de E/S foi anulada devido a uma saída de thread ou a uma requisição de aplicativo..
 ---> System.Net.Sockets.SocketException (995): A operação de E/S foi anulada devido a uma saída de thread ou a uma requisição de aplicativo.
   --- End of inner exception stack trace ---
   at System.Net.Sockets.Socket.AwaitableSocketAsyncEventArgs.ThrowException(SocketError error, CancellationToken cancellationToken)
   at System.Net.Sockets.Socket.AwaitableSocketAsyncEventArgs.System.Threading.Tasks.Sources.IValueTaskSource<System.Int32>.GetResult(Int16 token)
   at System.Net.Security.SslStream.EnsureFullTlsFrameAsync[TIOAdapter](CancellationToken cancellationToken, Int32 estimatedSize)
   at System.Runtime.CompilerServices.PoolingAsyncValueTaskMethodBuilder`1.StateMachineBox`1.System.Threading.Tasks.Sources.IValueTaskSource<TResult>.GetResult(Int16 token)
   at System.Net.Security.SslStream.ReadAsyncInternal[TIOAdapter](Memory`1 buffer, CancellationToken cancellationToken)
   at System.Runtime.CompilerServices.PoolingAsyncValueTaskMethodBuilder`1.StateMachineBox`1.System.Threading.Tasks.Sources.IValueTaskSource<TResult>.GetResult(Int16 token)
   at System.Net.Http.HttpConnection.SendAsync(HttpRequestMessage request, Boolean async, CancellationToken cancellationToken)
[2025-06-01 20:17:19Z ERR  BrokerServer] #####################################################
[2025-06-01 20:17:19Z ERR  BrokerServer] System.Net.Sockets.SocketException (995): A operação de E/S foi anulada devido a uma saída de thread ou a uma requisição de aplicativo.
[2025-06-01 20:17:19Z WARN BrokerServer] Back off 12,582 seconds before next retry. 4 attempt left.
[2025-06-01 20:17:19Z INFO BrokerMessageListener] Get messages has been cancelled using local token source. Continue to get messages with new status.
[2025-06-01 20:17:43Z INFO Terminal] WRITE LINE: Exiting...
[2025-06-01 20:17:43Z INFO ConfigurationStore] IsServiceConfigured()
[2025-06-01 20:17:43Z INFO ConfigurationStore] IsServiceConfigured: False
[2025-06-01 20:17:43Z INFO HostContext] Runner will be shutdown for UserCancelled
[2025-06-01 20:17:43Z WARN GitHubActionsService] GET request to https://broker.actions.githubusercontent.com/message?sessionId=0dfd71e5-7592-44d5-9ddc-5b3d1ddc54de&status=Online&runnerVersion=2.324.0&os=Windows&architecture=X64&disableUpdate=false has been cancelled.
[2025-06-01 20:17:43Z ERR  BrokerServer] Catch exception during request
[2025-06-01 20:17:43Z ERR  BrokerServer] System.Threading.Tasks.TaskCanceledException: The operation was canceled.
 ---> System.Threading.Tasks.TaskCanceledException: The operation was canceled.
 ---> System.IO.IOException: Unable to read data from the transport connection: A operação de E/S foi anulada devido a uma saída de thread ou a uma requisição de aplicativo..
 ---> System.Net.Sockets.SocketException (995): A operação de E/S foi anulada devido a uma saída de thread ou a uma requisição de aplicativo.
   --- End of inner exception stack trace ---
   at System.Net.Sockets.Socket.AwaitableSocketAsyncEventArgs.System.Threading.Tasks.Sources.IValueTaskSource<System.Int32>.GetResult(Int16 token)
   at System.Net.Security.SslStream.EnsureFullTlsFrameAsync[TIOAdapter](CancellationToken cancellationToken, Int32 estimatedSize)
   at System.Runtime.CompilerServices.PoolingAsyncValueTaskMethodBuilder`1.StateMachineBox`1.System.Threading.Tasks.Sources.IValueTaskSource<TResult>.GetResult(Int16 token)
   at System.Net.Security.SslStream.ReadAsyncInternal[TIOAdapter](Memory`1 buffer, CancellationToken cancellationToken)
   at System.Runtime.CompilerServices.PoolingAsyncValueTaskMethodBuilder`1.StateMachineBox`1.System.Threading.Tasks.Sources.IValueTaskSource<TResult>.GetResult(Int16 token)
   at System.Net.Http.HttpConnection.InitialFillAsync(Boolean async)
   at System.Net.Http.HttpConnection.SendAsync(HttpRequestMessage request, Boolean async, CancellationToken cancellationToken)
   --- End of inner exception stack trace ---
   at System.Net.Http.HttpConnection.SendAsync(HttpRequestMessage request, Boolean async, CancellationToken cancellationToken)
   at System.Net.Http.AuthenticationHelper.SendWithNtAuthAsync(HttpRequestMessage request, Uri authUri, Boolean async, ICredentials credentials, Boolean isProxyAuth, HttpConnection connection, HttpConnectionPool connectionPool, CancellationToken cancellationToken)
   at System.Net.Http.HttpConnectionPool.SendWithVersionDetectionAndRetryAsync(HttpRequestMessage request, Boolean async, Boolean doRequestAuth, CancellationToken cancellationToken)
   at System.Net.Http.AuthenticationHelper.SendWithAuthAsync(HttpRequestMessage request, Uri authUri, Boolean async, ICredentials credentials, Boolean preAuthenticate, Boolean isProxyAuth, Boolean doRequestAuth, HttpConnectionPool pool, CancellationToken cancellationToken)
   at System.Net.Http.RedirectHandler.SendAsync(HttpRequestMessage request, Boolean async, CancellationToken cancellationToken)
   at GitHub.Services.Common.RawHttpMessageHandler.SendAsync(HttpRequestMessage request, CancellationToken cancellationToken)
   at GitHub.Services.Common.VssHttpRetryMessageHandler.SendAsync(HttpRequestMessage request, CancellationToken cancellationToken)
   at System.Net.Http.HttpClient.<SendAsync>g__Core|83_0(HttpRequestMessage request, HttpCompletionOption completionOption, CancellationTokenSource cts, Boolean disposeCts, CancellationTokenSource pendingRequestsCts, CancellationToken originalCancellationToken)
   --- End of inner exception stack trace ---
   at System.Net.Http.HttpClient.HandleFailure(Exception e, Boolean telemetryStarted, HttpResponseMessage response, CancellationTokenSource cts, CancellationToken cancellationToken, CancellationTokenSource pendingRequestsCts)
   at System.Net.Http.HttpClient.<SendAsync>g__Core|83_0(HttpRequestMessage request, HttpCompletionOption completionOption, CancellationTokenSource cts, Boolean disposeCts, CancellationTokenSource pendingRequestsCts, CancellationToken originalCancellationToken)
   at Sdk.WebApi.WebApi.RawHttpClientBase.SendAsync(HttpRequestMessage message, HttpCompletionOption completionOption, Object userState, CancellationToken cancellationToken)
   at Sdk.WebApi.WebApi.RawHttpClientBase.SendAsync[T](HttpRequestMessage message, Boolean readErrorBody, Object userState, CancellationToken cancellationToken)
   at Sdk.WebApi.WebApi.RawHttpClientBase.SendAsync[T](HttpMethod method, IEnumerable`1 additionalHeaders, Uri requestUri, HttpContent content, IEnumerable`1 queryParameters, Boolean readErrorBody, Object userState, CancellationToken cancellationToken)
   at GitHub.Actions.RunService.WebApi.BrokerHttpClient.GetRunnerMessageAsync(Nullable`1 sessionId, String runnerVersion, Nullable`1 status, String os, String architecture, Nullable`1 disableUpdate, CancellationToken cancellationToken)
   at GitHub.Runner.Common.BrokerServer.<>c__DisplayClass7_0.<<GetRunnerMessageAsync>b__0>d.MoveNext()
--- End of stack trace from previous location ---
   at GitHub.Runner.Common.RunnerService.RetryRequest[T](Func`1 func, CancellationToken cancellationToken, Int32 maxRetryAttemptsCount, Func`2 shouldRetry)
[2025-06-01 20:17:43Z ERR  BrokerServer] #####################################################
[2025-06-01 20:17:43Z ERR  BrokerServer] System.Threading.Tasks.TaskCanceledException: The operation was canceled.
 ---> System.IO.IOException: Unable to read data from the transport connection: A operação de E/S foi anulada devido a uma saída de thread ou a uma requisição de aplicativo..
 ---> System.Net.Sockets.SocketException (995): A operação de E/S foi anulada devido a uma saída de thread ou a uma requisição de aplicativo.
   --- End of inner exception stack trace ---
   at System.Net.Sockets.Socket.AwaitableSocketAsyncEventArgs.System.Threading.Tasks.Sources.IValueTaskSource<System.Int32>.GetResult(Int16 token)
   at System.Net.Security.SslStream.EnsureFullTlsFrameAsync[TIOAdapter](CancellationToken cancellationToken, Int32 estimatedSize)
   at System.Runtime.CompilerServices.PoolingAsyncValueTaskMethodBuilder`1.StateMachineBox`1.System.Threading.Tasks.Sources.IValueTaskSource<TResult>.GetResult(Int16 token)
   at System.Net.Security.SslStream.ReadAsyncInternal[TIOAdapter](Memory`1 buffer, CancellationToken cancellationToken)
   at System.Runtime.CompilerServices.PoolingAsyncValueTaskMethodBuilder`1.StateMachineBox`1.System.Threading.Tasks.Sources.IValueTaskSource<TResult>.GetResult(Int16 token)
   at System.Net.Http.HttpConnection.InitialFillAsync(Boolean async)
   at System.Net.Http.HttpConnection.SendAsync(HttpRequestMessage request, Boolean async, CancellationToken cancellationToken)
   --- End of inner exception stack trace ---
   at System.Net.Http.HttpConnection.SendAsync(HttpRequestMessage request, Boolean async, CancellationToken cancellationToken)
   at System.Net.Http.AuthenticationHelper.SendWithNtAuthAsync(HttpRequestMessage request, Uri authUri, Boolean async, ICredentials credentials, Boolean isProxyAuth, HttpConnection connection, HttpConnectionPool connectionPool, CancellationToken cancellationToken)
   at System.Net.Http.HttpConnectionPool.SendWithVersionDetectionAndRetryAsync(HttpRequestMessage request, Boolean async, Boolean doRequestAuth, CancellationToken cancellationToken)
   at System.Net.Http.AuthenticationHelper.SendWithAuthAsync(HttpRequestMessage request, Uri authUri, Boolean async, ICredentials credentials, Boolean preAuthenticate, Boolean isProxyAuth, Boolean doRequestAuth, HttpConnectionPool pool, CancellationToken cancellationToken)
   at System.Net.Http.RedirectHandler.SendAsync(HttpRequestMessage request, Boolean async, CancellationToken cancellationToken)
   at GitHub.Services.Common.RawHttpMessageHandler.SendAsync(HttpRequestMessage request, CancellationToken cancellationToken)
   at GitHub.Services.Common.VssHttpRetryMessageHandler.SendAsync(HttpRequestMessage request, CancellationToken cancellationToken)
   at System.Net.Http.HttpClient.<SendAsync>g__Core|83_0(HttpRequestMessage request, HttpCompletionOption completionOption, CancellationTokenSource cts, Boolean disposeCts, CancellationTokenSource pendingRequestsCts, CancellationToken originalCancellationToken)
[2025-06-01 20:17:43Z ERR  BrokerServer] #####################################################
[2025-06-01 20:17:43Z ERR  BrokerServer] System.IO.IOException: Unable to read data from the transport connection: A operação de E/S foi anulada devido a uma saída de thread ou a uma requisição de aplicativo..
 ---> System.Net.Sockets.SocketException (995): A operação de E/S foi anulada devido a uma saída de thread ou a uma requisição de aplicativo.
   --- End of inner exception stack trace ---
   at System.Net.Sockets.Socket.AwaitableSocketAsyncEventArgs.System.Threading.Tasks.Sources.IValueTaskSource<System.Int32>.GetResult(Int16 token)
   at System.Net.Security.SslStream.EnsureFullTlsFrameAsync[TIOAdapter](CancellationToken cancellationToken, Int32 estimatedSize)
   at System.Runtime.CompilerServices.PoolingAsyncValueTaskMethodBuilder`1.StateMachineBox`1.System.Threading.Tasks.Sources.IValueTaskSource<TResult>.GetResult(Int16 token)
   at System.Net.Security.SslStream.ReadAsyncInternal[TIOAdapter](Memory`1 buffer, CancellationToken cancellationToken)
   at System.Runtime.CompilerServices.PoolingAsyncValueTaskMethodBuilder`1.StateMachineBox`1.System.Threading.Tasks.Sources.IValueTaskSource<TResult>.GetResult(Int16 token)
   at System.Net.Http.HttpConnection.InitialFillAsync(Boolean async)
   at System.Net.Http.HttpConnection.SendAsync(HttpRequestMessage request, Boolean async, CancellationToken cancellationToken)
[2025-06-01 20:17:43Z ERR  BrokerServer] #####################################################
[2025-06-01 20:17:43Z ERR  BrokerServer] System.Net.Sockets.SocketException (995): A operação de E/S foi anulada devido a uma saída de thread ou a uma requisição de aplicativo.
[2025-06-01 20:17:43Z WARN BrokerServer] Back off 12,422 seconds before next retry. 4 attempt left.
[2025-06-01 20:17:43Z INFO BrokerMessageListener] Get next message has been cancelled.
[2025-06-01 20:17:43Z INFO JobDispatcher] Shutting down JobDispatcher. Make sure all WorkerDispatcher has finished.
[2025-06-01 20:17:43Z INFO JobDispatcher] Ensure WorkerDispatcher for job 173dfbe3-b085-5395-86f0-fea8d59f6b74 run to finish, cancel any running job.
[2025-06-01 20:17:43Z INFO JobDispatcher] Job request 173dfbe3-b085-5395-86f0-fea8d59f6b74 processed succeed.
[2025-06-01 20:17:43Z INFO Runner] Deleting Runner Session...
[2025-06-01 20:17:43Z INFO Listener] Runner execution been cancelled.
