[2025-06-01 00:41:45Z INFO HostContext] No proxy settings were found based on environmental variables (http_proxy/https_proxy/HTTP_PROXY/HTTPS_PROXY)
[2025-06-01 00:41:45Z INFO HostContext] Well known directory 'Bin': 'C:\Users\User\Renata\PosGraduacao\ProjetosJavaScript\pgats-ci-lab\actions-runner\bin'
[2025-06-01 00:41:45Z INFO HostContext] Well known directory 'Root': 'C:\Users\User\Renata\PosGraduacao\ProjetosJavaScript\pgats-ci-lab\actions-runner'
[2025-06-01 00:41:45Z INFO HostContext] Well known config file 'Credentials': 'C:\Users\User\Renata\PosGraduacao\ProjetosJavaScript\pgats-ci-lab\actions-runner\.credentials'
[2025-06-01 00:41:45Z INFO HostContext] Well known directory 'Bin': 'C:\Users\User\Renata\PosGraduacao\ProjetosJavaScript\pgats-ci-lab\actions-runner\bin'
[2025-06-01 00:41:45Z INFO HostContext] Well known directory 'Root': 'C:\Users\User\Renata\PosGraduacao\ProjetosJavaScript\pgats-ci-lab\actions-runner'
[2025-06-01 00:41:45Z INFO HostContext] Well known config file 'Runner': 'C:\Users\User\Renata\PosGraduacao\ProjetosJavaScript\pgats-ci-lab\actions-runner\.runner'
[2025-06-01 00:41:45Z INFO Listener] Runner is built for Windows (X64) - win-x64.
[2025-06-01 00:41:45Z INFO Listener] RuntimeInformation: Microsoft Windows 10.0.26100.
[2025-06-01 00:41:45Z INFO Listener] Version: 2.324.0
[2025-06-01 00:41:45Z INFO Listener] Commit: da3412efd49b1cf1a0fbdcbcee4e4ac4cc2177c8
[2025-06-01 00:41:45Z INFO Listener] Culture: pt-BR
[2025-06-01 00:41:45Z INFO Listener] UI Culture: pt-BR
[2025-06-01 00:41:45Z INFO HostContext] Well known directory 'Bin': 'C:\Users\User\Renata\PosGraduacao\ProjetosJavaScript\pgats-ci-lab\actions-runner\bin'
[2025-06-01 00:41:45Z INFO HostContext] Well known directory 'Root': 'C:\Users\User\Renata\PosGraduacao\ProjetosJavaScript\pgats-ci-lab\actions-runner'
[2025-06-01 00:41:45Z INFO Listener] Validating directory permissions for: 'C:\Users\User\Renata\PosGraduacao\ProjetosJavaScript\pgats-ci-lab\actions-runner'
[2025-06-01 00:41:45Z INFO CommandLineParser] Parse
[2025-06-01 00:41:45Z INFO CommandLineParser] Parsing 1 args
[2025-06-01 00:41:45Z INFO CommandLineParser] parsing argument
[2025-06-01 00:41:45Z INFO CommandLineParser] HasArgs: False
[2025-06-01 00:41:45Z INFO CommandLineParser] Adding Command: run
[2025-06-01 00:41:45Z INFO Listener] Arguments parsed
[2025-06-01 00:41:45Z INFO Runner] ExecuteCommand
[2025-06-01 00:41:45Z INFO ConfigurationStore] currentAssemblyLocation: C:\Users\User\Renata\PosGraduacao\ProjetosJavaScript\pgats-ci-lab\actions-runner\bin\Runner.Listener.dll
[2025-06-01 00:41:45Z INFO HostContext] Well known directory 'Bin': 'C:\Users\User\Renata\PosGraduacao\ProjetosJavaScript\pgats-ci-lab\actions-runner\bin'
[2025-06-01 00:41:45Z INFO ConfigurationStore] binPath: C:\Users\User\Renata\PosGraduacao\ProjetosJavaScript\pgats-ci-lab\actions-runner\bin
[2025-06-01 00:41:45Z INFO HostContext] Well known directory 'Bin': 'C:\Users\User\Renata\PosGraduacao\ProjetosJavaScript\pgats-ci-lab\actions-runner\bin'
[2025-06-01 00:41:45Z INFO HostContext] Well known directory 'Root': 'C:\Users\User\Renata\PosGraduacao\ProjetosJavaScript\pgats-ci-lab\actions-runner'
[2025-06-01 00:41:45Z INFO ConfigurationStore] RootFolder: C:\Users\User\Renata\PosGraduacao\ProjetosJavaScript\pgats-ci-lab\actions-runner
[2025-06-01 00:41:45Z INFO HostContext] Well known directory 'Bin': 'C:\Users\User\Renata\PosGraduacao\ProjetosJavaScript\pgats-ci-lab\actions-runner\bin'
[2025-06-01 00:41:45Z INFO HostContext] Well known directory 'Root': 'C:\Users\User\Renata\PosGraduacao\ProjetosJavaScript\pgats-ci-lab\actions-runner'
[2025-06-01 00:41:45Z INFO HostContext] Well known config file 'Runner': 'C:\Users\User\Renata\PosGraduacao\ProjetosJavaScript\pgats-ci-lab\actions-runner\.runner'
[2025-06-01 00:41:45Z INFO ConfigurationStore] ConfigFilePath: C:\Users\User\Renata\PosGraduacao\ProjetosJavaScript\pgats-ci-lab\actions-runner\.runner
[2025-06-01 00:41:45Z INFO HostContext] Well known directory 'Bin': 'C:\Users\User\Renata\PosGraduacao\ProjetosJavaScript\pgats-ci-lab\actions-runner\bin'
[2025-06-01 00:41:45Z INFO HostContext] Well known directory 'Root': 'C:\Users\User\Renata\PosGraduacao\ProjetosJavaScript\pgats-ci-lab\actions-runner'
[2025-06-01 00:41:45Z INFO HostContext] Well known config file 'MigratedRunner': 'C:\Users\User\Renata\PosGraduacao\ProjetosJavaScript\pgats-ci-lab\actions-runner\.runner_migrated'
[2025-06-01 00:41:45Z INFO ConfigurationStore] MigratedConfigFilePath: C:\Users\User\Renata\PosGraduacao\ProjetosJavaScript\pgats-ci-lab\actions-runner\.runner_migrated
[2025-06-01 00:41:45Z INFO HostContext] Well known directory 'Bin': 'C:\Users\User\Renata\PosGraduacao\ProjetosJavaScript\pgats-ci-lab\actions-runner\bin'
[2025-06-01 00:41:45Z INFO HostContext] Well known directory 'Root': 'C:\Users\User\Renata\PosGraduacao\ProjetosJavaScript\pgats-ci-lab\actions-runner'
[2025-06-01 00:41:45Z INFO HostContext] Well known config file 'Credentials': 'C:\Users\User\Renata\PosGraduacao\ProjetosJavaScript\pgats-ci-lab\actions-runner\.credentials'
[2025-06-01 00:41:45Z INFO ConfigurationStore] CredFilePath: C:\Users\User\Renata\PosGraduacao\ProjetosJavaScript\pgats-ci-lab\actions-runner\.credentials
[2025-06-01 00:41:45Z INFO HostContext] Well known directory 'Bin': 'C:\Users\User\Renata\PosGraduacao\ProjetosJavaScript\pgats-ci-lab\actions-runner\bin'
[2025-06-01 00:41:45Z INFO HostContext] Well known directory 'Root': 'C:\Users\User\Renata\PosGraduacao\ProjetosJavaScript\pgats-ci-lab\actions-runner'
[2025-06-01 00:41:45Z INFO HostContext] Well known config file 'MigratedCredentials': 'C:\Users\User\Renata\PosGraduacao\ProjetosJavaScript\pgats-ci-lab\actions-runner\.credentials_migrated'
[2025-06-01 00:41:45Z INFO ConfigurationStore] MigratedCredFilePath: C:\Users\User\Renata\PosGraduacao\ProjetosJavaScript\pgats-ci-lab\actions-runner\.credentials_migrated
[2025-06-01 00:41:45Z INFO HostContext] Well known directory 'Bin': 'C:\Users\User\Renata\PosGraduacao\ProjetosJavaScript\pgats-ci-lab\actions-runner\bin'
[2025-06-01 00:41:45Z INFO HostContext] Well known directory 'Root': 'C:\Users\User\Renata\PosGraduacao\ProjetosJavaScript\pgats-ci-lab\actions-runner'
[2025-06-01 00:41:45Z INFO HostContext] Well known config file 'Service': 'C:\Users\User\Renata\PosGraduacao\ProjetosJavaScript\pgats-ci-lab\actions-runner\.service'
[2025-06-01 00:41:45Z INFO ConfigurationStore] ServiceConfigFilePath: C:\Users\User\Renata\PosGraduacao\ProjetosJavaScript\pgats-ci-lab\actions-runner\.service
[2025-06-01 00:41:45Z INFO CommandSettings] Flag 'help': 'False'
[2025-06-01 00:41:45Z INFO CommandSettings] Flag 'version': 'False'
[2025-06-01 00:41:45Z INFO CommandSettings] Flag 'commit': 'False'
[2025-06-01 00:41:45Z INFO CommandSettings] Flag 'check': 'False'
[2025-06-01 00:41:45Z INFO CommandSettings] Command 'configure': 'False'
[2025-06-01 00:41:45Z INFO CommandSettings] Command 'remove': 'False'
[2025-06-01 00:41:45Z INFO CommandSettings] Command 'warmup': 'False'
[2025-06-01 00:41:45Z INFO ConfigurationManager] LoadSettings
[2025-06-01 00:41:45Z INFO ConfigurationStore] IsConfigured()
[2025-06-01 00:41:45Z INFO ConfigurationStore] IsConfigured: True
[2025-06-01 00:41:45Z INFO ConfigurationManager] Is configured: True
[2025-06-01 00:41:45Z INFO ConfigurationStore] Read setting file: 401 chars
[2025-06-01 00:41:45Z INFO ConfigurationManager] Settings Loaded
[2025-06-01 00:41:45Z INFO ConfigurationStore] IsServiceConfigured()
[2025-06-01 00:41:45Z INFO ConfigurationStore] IsServiceConfigured: False
[2025-06-01 00:41:45Z INFO CommandSettings] Command 'run': 'True'
[2025-06-01 00:41:45Z INFO ConfigurationStore] IsConfigured()
[2025-06-01 00:41:45Z INFO ConfigurationStore] IsConfigured: True
[2025-06-01 00:41:45Z INFO ConfigurationManager] Is configured: True
[2025-06-01 00:41:45Z INFO Runner] Could not parse the argument value '' for StartupType. Defaulting to Manual
[2025-06-01 00:41:45Z INFO Runner] Set runner startup type - Manual
[2025-06-01 00:41:45Z INFO CommandSettings] Flag 'once': 'False'
[2025-06-01 00:41:45Z INFO CommandSettings] Flag 'once': 'False'
[2025-06-01 00:41:45Z INFO Runner] RunAsync
[2025-06-01 00:41:45Z INFO ConfigurationManager] LoadMigratedSettings
[2025-06-01 00:41:45Z INFO ConfigurationStore] IsMigratedConfigured()
[2025-06-01 00:41:45Z INFO ConfigurationStore] IsMigratedConfigured: False
[2025-06-01 00:41:45Z INFO Runner] Failed to load migrated settings: No migrated configuration found.
[2025-06-01 00:41:45Z INFO Runner] Falling back to original .runner settings
[2025-06-01 00:41:45Z INFO Runner] Using BrokerMessageListener
[2025-06-01 00:41:45Z INFO BrokerMessageListener] Using provided settings
[2025-06-01 00:41:45Z INFO BrokerMessageListener] {
  "AgentId": 21,
  "AgentName": "DESKTOP-IF6UBGF",
  "PoolId": 1,
  "PoolName": "Default",
  "ServerUrl": "https://pipelinesghubeus7.actions.githubusercontent.com/K38grThfgeu9BNF8KZFcPq67vOE02c1BvVGacPZlwXudDXW5Pj/",
  "GitHubUrl": "https://github.com/Renatacpf/pgats-ci-lab",
  "WorkFolder": "_work",
  "UseV2Flow": true,
  "ServerUrlV2": "https://broker.actions.githubusercontent.com/"
}
[2025-06-01 00:41:45Z INFO BrokerMessageListener] Loading Credentials
[2025-06-01 00:41:45Z INFO ConfigurationStore] HasCredentials()
[2025-06-01 00:41:45Z INFO ConfigurationStore] stored True
[2025-06-01 00:41:45Z INFO CredentialManager] GetCredentialProvider
[2025-06-01 00:41:45Z INFO CredentialManager] Creating type OAuth
[2025-06-01 00:41:45Z INFO CredentialManager] Creating credential type: OAuth
[2025-06-01 00:41:45Z INFO HostContext] Well known directory 'Bin': 'C:\Users\User\Renata\PosGraduacao\ProjetosJavaScript\pgats-ci-lab\actions-runner\bin'
[2025-06-01 00:41:45Z INFO HostContext] Well known directory 'Root': 'C:\Users\User\Renata\PosGraduacao\ProjetosJavaScript\pgats-ci-lab\actions-runner'
[2025-06-01 00:41:45Z INFO HostContext] Well known config file 'RSACredentials': 'C:\Users\User\Renata\PosGraduacao\ProjetosJavaScript\pgats-ci-lab\actions-runner\.credentials_rsaparams'
[2025-06-01 00:41:45Z INFO RSAEncryptedFileKeyManager] Loading RSA key parameters from file C:\Users\User\Renata\PosGraduacao\ProjetosJavaScript\pgats-ci-lab\actions-runner\.credentials_rsaparams
[2025-06-01 00:41:45Z INFO BrokerMessageListener] Attempt to create session.
[2025-06-01 00:41:45Z INFO BrokerMessageListener] Connecting to the Broker Server...
[2025-06-01 00:41:45Z INFO ConfigurationStore] HasCredentials()
[2025-06-01 00:41:45Z INFO ConfigurationStore] stored True
[2025-06-01 00:41:45Z INFO CredentialManager] GetCredentialProvider
[2025-06-01 00:41:45Z INFO CredentialManager] Creating type OAuth
[2025-06-01 00:41:45Z INFO CredentialManager] Creating credential type: OAuth
[2025-06-01 00:41:45Z INFO RSAEncryptedFileKeyManager] Loading RSA key parameters from file C:\Users\User\Renata\PosGraduacao\ProjetosJavaScript\pgats-ci-lab\actions-runner\.credentials_rsaparams
[2025-06-01 00:41:45Z INFO BrokerMessageListener] VssConnection created
[2025-06-01 00:41:45Z INFO BrokerMessageListener] Connecting to the Runner server...
[2025-06-01 00:41:45Z INFO RunnerServer] EstablishVssConnection
[2025-06-01 00:41:45Z INFO RunnerServer] Establish connection with 100 seconds timeout.
[2025-06-01 00:41:45Z INFO GitHubActionsService] Starting operation Location.GetConnectionData
[2025-06-01 00:41:45Z INFO RunnerServer] EstablishVssConnection
[2025-06-01 00:41:45Z INFO RunnerServer] Establish connection with 60 seconds timeout.
[2025-06-01 00:41:45Z INFO GitHubActionsService] Starting operation Location.GetConnectionData
[2025-06-01 00:41:45Z INFO RunnerServer] EstablishVssConnection
[2025-06-01 00:41:45Z INFO RunnerServer] Establish connection with 60 seconds timeout.
[2025-06-01 00:41:45Z INFO GitHubActionsService] Starting operation Location.GetConnectionData
[2025-06-01 00:41:45Z INFO GitHubActionsService] Finished operation Location.GetConnectionData
[2025-06-01 00:41:45Z INFO GitHubActionsService] Finished operation Location.GetConnectionData
[2025-06-01 00:41:45Z INFO GitHubActionsService] Finished operation Location.GetConnectionData
[2025-06-01 00:41:46Z INFO BrokerMessageListener] VssConnection created
[2025-06-01 00:41:46Z INFO Terminal] WRITE LINE: 
[2025-06-01 00:41:46Z INFO Terminal] WRITE LINE: 
[2025-06-01 00:41:46Z INFO RSAEncryptedFileKeyManager] Loading RSA key parameters from file C:\Users\User\Renata\PosGraduacao\ProjetosJavaScript\pgats-ci-lab\actions-runner\.credentials_rsaparams
[2025-06-01 00:41:46Z INFO RSAEncryptedFileKeyManager] Loading RSA key parameters from file C:\Users\User\Renata\PosGraduacao\ProjetosJavaScript\pgats-ci-lab\actions-runner\.credentials_rsaparams
[2025-06-01 00:41:46Z INFO GitHubActionsService] AAD Correlation ID for this token request: Unknown
[2025-06-01 00:41:47Z INFO BrokerMessageListener] Session created.
[2025-06-01 00:41:47Z INFO Terminal] WRITE LINE: Current runner version: '2.324.0'
[2025-06-01 00:41:47Z INFO Terminal] WRITE LINE: 2025-06-01 00:41:47Z: Listening for Jobs
[2025-06-01 00:41:47Z INFO JobDispatcher] Set runner/worker IPC timeout to 30 seconds.
[2025-06-01 00:47:24Z INFO ConfigurationStore] HasCredentials()
[2025-06-01 00:47:24Z INFO ConfigurationStore] stored True
[2025-06-01 00:47:24Z INFO CredentialManager] GetCredentialProvider
[2025-06-01 00:47:24Z INFO CredentialManager] Creating type OAuth
[2025-06-01 00:47:24Z INFO CredentialManager] Creating credential type: OAuth
[2025-06-01 00:47:24Z INFO RSAEncryptedFileKeyManager] Loading RSA key parameters from file C:\Users\User\Renata\PosGraduacao\ProjetosJavaScript\pgats-ci-lab\actions-runner\.credentials_rsaparams
[2025-06-01 00:47:24Z INFO RSAEncryptedFileKeyManager] Loading RSA key parameters from file C:\Users\User\Renata\PosGraduacao\ProjetosJavaScript\pgats-ci-lab\actions-runner\.credentials_rsaparams
[2025-06-01 00:47:24Z INFO RSAEncryptedFileKeyManager] Loading RSA key parameters from file C:\Users\User\Renata\PosGraduacao\ProjetosJavaScript\pgats-ci-lab\actions-runner\.credentials_rsaparams
[2025-06-01 00:47:24Z INFO GitHubActionsService] AAD Correlation ID for this token request: Unknown
[2025-06-01 00:47:25Z INFO JobDispatcher] Job request 0 for plan c73340a6-7f64-4eed-a1dc-4338ae57fef5 job c658b4b7-ba90-5c9b-9772-fc7cb9286d36 received.
[2025-06-01 00:47:25Z INFO BrokerMessageListener] Received job status event. JobState: Busy
[2025-06-01 00:47:25Z INFO BrokerMessageListener] _getMessagesTokenSource is already disposed.
[2025-06-01 00:47:25Z INFO Terminal] WRITE LINE: 2025-06-01 00:47:25Z: Running job: e2e-tests
[2025-06-01 00:47:25Z INFO JobDispatcher] Start renew job request 0 for job c658b4b7-ba90-5c9b-9772-fc7cb9286d36.
[2025-06-01 00:47:26Z INFO JobDispatcher] Successfully renew job c658b4b7-ba90-5c9b-9772-fc7cb9286d36, job is valid till 01/06/2025 00:57:26
[2025-06-01 00:47:26Z INFO HostContext] Well known directory 'Bin': 'C:\Users\User\Renata\PosGraduacao\ProjetosJavaScript\pgats-ci-lab\actions-runner\bin'
[2025-06-01 00:47:26Z INFO ProcessInvokerWrapper] Starting process:
[2025-06-01 00:47:26Z INFO ProcessInvokerWrapper]   File name: 'C:\Users\User\Renata\PosGraduacao\ProjetosJavaScript\pgats-ci-lab\actions-runner\bin\Runner.Worker.exe'
[2025-06-01 00:47:26Z INFO ProcessInvokerWrapper]   Arguments: 'spawnclient 1476 1352'
[2025-06-01 00:47:26Z INFO ProcessInvokerWrapper]   Working directory: 'C:\Users\User\Renata\PosGraduacao\ProjetosJavaScript\pgats-ci-lab\actions-runner\bin'
[2025-06-01 00:47:26Z INFO ProcessInvokerWrapper]   Require exit code zero: 'False'
[2025-06-01 00:47:26Z INFO ProcessInvokerWrapper]   Encoding web name:  ; code page: ''
[2025-06-01 00:47:26Z INFO ProcessInvokerWrapper]   Force kill process on cancellation: 'True'
[2025-06-01 00:47:26Z INFO ProcessInvokerWrapper]   Redirected STDIN: 'False'
[2025-06-01 00:47:26Z INFO ProcessInvokerWrapper]   Persist current code page: 'False'
[2025-06-01 00:47:26Z INFO ProcessInvokerWrapper]   Keep redirected STDIN open: 'False'
[2025-06-01 00:47:26Z INFO ProcessInvokerWrapper]   High priority process: 'True'
[2025-06-01 00:47:26Z INFO ProcessInvokerWrapper] Process started with process id 13996, waiting for process exit.
[2025-06-01 00:47:26Z INFO JobDispatcher] Send job request message to worker for job c658b4b7-ba90-5c9b-9772-fc7cb9286d36.
[2025-06-01 00:47:26Z INFO ProcessChannel] Sending message of length 19196, with hash '5cc4b4765f3446d53f65b400c83a18994d974e4ae24d0d28674c946cb1c468dd'
[2025-06-01 00:47:26Z INFO JobNotification] Entering JobStarted Notification
[2025-06-01 00:47:26Z INFO JobNotification] Entering StartMonitor
[2025-06-01 00:48:12Z INFO ProcessInvokerWrapper] STDOUT/STDERR stream read finished.
[2025-06-01 00:48:12Z INFO ProcessInvokerWrapper] STDOUT/STDERR stream read finished.
[2025-06-01 00:48:12Z INFO ProcessInvokerWrapper] Finished process 13996 with exit code 102, and elapsed time 00:00:46.0525096.
[2025-06-01 00:48:12Z INFO JobDispatcher] Worker finished for job c658b4b7-ba90-5c9b-9772-fc7cb9286d36. Code: 102
[2025-06-01 00:48:12Z INFO JobDispatcher] finish job request for job c658b4b7-ba90-5c9b-9772-fc7cb9286d36 with result: Failed
[2025-06-01 00:48:12Z INFO Terminal] WRITE LINE: 2025-06-01 00:48:12Z: Job e2e-tests completed with result: Failed
[2025-06-01 00:48:12Z INFO JobDispatcher] Stop renew job request for job c658b4b7-ba90-5c9b-9772-fc7cb9286d36.
[2025-06-01 00:48:12Z INFO JobDispatcher] job renew has been cancelled, stop renew job c658b4b7-ba90-5c9b-9772-fc7cb9286d36.
[2025-06-01 00:48:12Z INFO JobNotification] Entering JobCompleted Notification
[2025-06-01 00:48:12Z INFO JobNotification] Entering EndMonitor
[2025-06-01 00:48:12Z INFO BrokerMessageListener] Received job status event. JobState: Online
[2025-06-01 00:48:12Z WARN GitHubActionsService] GET request to https://broker.actions.githubusercontent.com/message?sessionId=74c4c409-150d-4ac7-8502-9aa8268cdedf&status=Busy&runnerVersion=2.324.0&os=Windows&architecture=X64&disableUpdate=false has been cancelled.
[2025-06-01 00:48:12Z ERR  BrokerServer] Catch exception during request
[2025-06-01 00:48:12Z ERR  BrokerServer] System.Threading.Tasks.TaskCanceledException: The operation was canceled.
 ---> System.Threading.Tasks.TaskCanceledException: The operation was canceled.
 ---> System.IO.IOException: Unable to read data from the transport connection: A operação de E/S foi anulada devido a uma saída de thread ou a uma requisição de aplicativo..
 ---> System.Net.Sockets.SocketException (995): A operação de E/S foi anulada devido a uma saída de thread ou a uma requisição de aplicativo.
   --- End of inner exception stack trace ---
   at System.Net.Sockets.Socket.AwaitableSocketAsyncEventArgs.ThrowException(SocketError error, CancellationToken cancellationToken)
   at System.Net.Sockets.Socket.AwaitableSocketAsyncEventArgs.System.Threading.Tasks.Sources.IValueTaskSource<System.Int32>.GetResult(Int16 token)
   at System.Net.Security.SslStream.EnsureFullTlsFrameAsync[TIOAdapter](CancellationToken cancellationToken, Int32 estimatedSize)
   at System.Runtime.CompilerServices.PoolingAsyncValueTaskMethodBuilder`1.StateMachineBox`1.System.Threading.Tasks.Sources.IValueTaskSource<TResult>.GetResult(Int16 token)
   at System.Net.Security.SslStream.ReadAsyncInternal[TIOAdapter](Memory`1 buffer, CancellationToken cancellationToken)
   at System.Runtime.CompilerServices.PoolingAsyncValueTaskMethodBuilder`1.StateMachineBox`1.System.Threading.Tasks.Sources.IValueTaskSource<TResult>.GetResult(Int16 token)
   at System.Net.Http.HttpConnection.SendAsync(HttpRequestMessage request, Boolean async, CancellationToken cancellationToken)
   --- End of inner exception stack trace ---
   at System.Net.Http.HttpConnection.SendAsync(HttpRequestMessage request, Boolean async, CancellationToken cancellationToken)
   at System.Net.Http.AuthenticationHelper.SendWithNtAuthAsync(HttpRequestMessage request, Uri authUri, Boolean async, ICredentials credentials, Boolean isProxyAuth, HttpConnection connection, HttpConnectionPool connectionPool, CancellationToken cancellationToken)
   at System.Net.Http.HttpConnectionPool.SendWithVersionDetectionAndRetryAsync(HttpRequestMessage request, Boolean async, Boolean doRequestAuth, CancellationToken cancellationToken)
   at System.Net.Http.AuthenticationHelper.SendWithAuthAsync(HttpRequestMessage request, Uri authUri, Boolean async, ICredentials credentials, Boolean preAuthenticate, Boolean isProxyAuth, Boolean doRequestAuth, HttpConnectionPool pool, CancellationToken cancellationToken)
   at System.Net.Http.RedirectHandler.SendAsync(HttpRequestMessage request, Boolean async, CancellationToken cancellationToken)
   at GitHub.Services.Common.RawHttpMessageHandler.SendAsync(HttpRequestMessage request, CancellationToken cancellationToken)
   at GitHub.Services.Common.VssHttpRetryMessageHandler.SendAsync(HttpRequestMessage request, CancellationToken cancellationToken)
   at System.Net.Http.HttpClient.<SendAsync>g__Core|83_0(HttpRequestMessage request, HttpCompletionOption completionOption, CancellationTokenSource cts, Boolean disposeCts, CancellationTokenSource pendingRequestsCts, CancellationToken originalCancellationToken)
   --- End of inner exception stack trace ---
   at System.Net.Http.HttpClient.HandleFailure(Exception e, Boolean telemetryStarted, HttpResponseMessage response, CancellationTokenSource cts, CancellationToken cancellationToken, CancellationTokenSource pendingRequestsCts)
   at System.Net.Http.HttpClient.<SendAsync>g__Core|83_0(HttpRequestMessage request, HttpCompletionOption completionOption, CancellationTokenSource cts, Boolean disposeCts, CancellationTokenSource pendingRequestsCts, CancellationToken originalCancellationToken)
   at Sdk.WebApi.WebApi.RawHttpClientBase.SendAsync(HttpRequestMessage message, HttpCompletionOption completionOption, Object userState, CancellationToken cancellationToken)
   at Sdk.WebApi.WebApi.RawHttpClientBase.SendAsync[T](HttpRequestMessage message, Boolean readErrorBody, Object userState, CancellationToken cancellationToken)
   at Sdk.WebApi.WebApi.RawHttpClientBase.SendAsync[T](HttpMethod method, IEnumerable`1 additionalHeaders, Uri requestUri, HttpContent content, IEnumerable`1 queryParameters, Boolean readErrorBody, Object userState, CancellationToken cancellationToken)
   at GitHub.Actions.RunService.WebApi.BrokerHttpClient.GetRunnerMessageAsync(Nullable`1 sessionId, String runnerVersion, Nullable`1 status, String os, String architecture, Nullable`1 disableUpdate, CancellationToken cancellationToken)
   at GitHub.Runner.Common.BrokerServer.<>c__DisplayClass7_0.<<GetRunnerMessageAsync>b__0>d.MoveNext()
--- End of stack trace from previous location ---
   at GitHub.Runner.Common.RunnerService.RetryRequest[T](Func`1 func, CancellationToken cancellationToken, Int32 maxRetryAttemptsCount, Func`2 shouldRetry)
[2025-06-01 00:48:12Z ERR  BrokerServer] #####################################################
[2025-06-01 00:48:12Z ERR  BrokerServer] System.Threading.Tasks.TaskCanceledException: The operation was canceled.
 ---> System.IO.IOException: Unable to read data from the transport connection: A operação de E/S foi anulada devido a uma saída de thread ou a uma requisição de aplicativo..
 ---> System.Net.Sockets.SocketException (995): A operação de E/S foi anulada devido a uma saída de thread ou a uma requisição de aplicativo.
   --- End of inner exception stack trace ---
   at System.Net.Sockets.Socket.AwaitableSocketAsyncEventArgs.ThrowException(SocketError error, CancellationToken cancellationToken)
   at System.Net.Sockets.Socket.AwaitableSocketAsyncEventArgs.System.Threading.Tasks.Sources.IValueTaskSource<System.Int32>.GetResult(Int16 token)
   at System.Net.Security.SslStream.EnsureFullTlsFrameAsync[TIOAdapter](CancellationToken cancellationToken, Int32 estimatedSize)
   at System.Runtime.CompilerServices.PoolingAsyncValueTaskMethodBuilder`1.StateMachineBox`1.System.Threading.Tasks.Sources.IValueTaskSource<TResult>.GetResult(Int16 token)
   at System.Net.Security.SslStream.ReadAsyncInternal[TIOAdapter](Memory`1 buffer, CancellationToken cancellationToken)
   at System.Runtime.CompilerServices.PoolingAsyncValueTaskMethodBuilder`1.StateMachineBox`1.System.Threading.Tasks.Sources.IValueTaskSource<TResult>.GetResult(Int16 token)
   at System.Net.Http.HttpConnection.SendAsync(HttpRequestMessage request, Boolean async, CancellationToken cancellationToken)
   --- End of inner exception stack trace ---
   at System.Net.Http.HttpConnection.SendAsync(HttpRequestMessage request, Boolean async, CancellationToken cancellationToken)
   at System.Net.Http.AuthenticationHelper.SendWithNtAuthAsync(HttpRequestMessage request, Uri authUri, Boolean async, ICredentials credentials, Boolean isProxyAuth, HttpConnection connection, HttpConnectionPool connectionPool, CancellationToken cancellationToken)
   at System.Net.Http.HttpConnectionPool.SendWithVersionDetectionAndRetryAsync(HttpRequestMessage request, Boolean async, Boolean doRequestAuth, CancellationToken cancellationToken)
   at System.Net.Http.AuthenticationHelper.SendWithAuthAsync(HttpRequestMessage request, Uri authUri, Boolean async, ICredentials credentials, Boolean preAuthenticate, Boolean isProxyAuth, Boolean doRequestAuth, HttpConnectionPool pool, CancellationToken cancellationToken)
   at System.Net.Http.RedirectHandler.SendAsync(HttpRequestMessage request, Boolean async, CancellationToken cancellationToken)
   at GitHub.Services.Common.RawHttpMessageHandler.SendAsync(HttpRequestMessage request, CancellationToken cancellationToken)
   at GitHub.Services.Common.VssHttpRetryMessageHandler.SendAsync(HttpRequestMessage request, CancellationToken cancellationToken)
   at System.Net.Http.HttpClient.<SendAsync>g__Core|83_0(HttpRequestMessage request, HttpCompletionOption completionOption, CancellationTokenSource cts, Boolean disposeCts, CancellationTokenSource pendingRequestsCts, CancellationToken originalCancellationToken)
[2025-06-01 00:48:12Z ERR  BrokerServer] #####################################################
[2025-06-01 00:48:12Z ERR  BrokerServer] System.IO.IOException: Unable to read data from the transport connection: A operação de E/S foi anulada devido a uma saída de thread ou a uma requisição de aplicativo..
 ---> System.Net.Sockets.SocketException (995): A operação de E/S foi anulada devido a uma saída de thread ou a uma requisição de aplicativo.
   --- End of inner exception stack trace ---
   at System.Net.Sockets.Socket.AwaitableSocketAsyncEventArgs.ThrowException(SocketError error, CancellationToken cancellationToken)
   at System.Net.Sockets.Socket.AwaitableSocketAsyncEventArgs.System.Threading.Tasks.Sources.IValueTaskSource<System.Int32>.GetResult(Int16 token)
   at System.Net.Security.SslStream.EnsureFullTlsFrameAsync[TIOAdapter](CancellationToken cancellationToken, Int32 estimatedSize)
   at System.Runtime.CompilerServices.PoolingAsyncValueTaskMethodBuilder`1.StateMachineBox`1.System.Threading.Tasks.Sources.IValueTaskSource<TResult>.GetResult(Int16 token)
   at System.Net.Security.SslStream.ReadAsyncInternal[TIOAdapter](Memory`1 buffer, CancellationToken cancellationToken)
   at System.Runtime.CompilerServices.PoolingAsyncValueTaskMethodBuilder`1.StateMachineBox`1.System.Threading.Tasks.Sources.IValueTaskSource<TResult>.GetResult(Int16 token)
   at System.Net.Http.HttpConnection.SendAsync(HttpRequestMessage request, Boolean async, CancellationToken cancellationToken)
[2025-06-01 00:48:12Z ERR  BrokerServer] #####################################################
[2025-06-01 00:48:12Z ERR  BrokerServer] System.Net.Sockets.SocketException (995): A operação de E/S foi anulada devido a uma saída de thread ou a uma requisição de aplicativo.
[2025-06-01 00:48:12Z WARN BrokerServer] Back off 12,587 seconds before next retry. 4 attempt left.
[2025-06-01 00:48:12Z INFO BrokerMessageListener] Get messages has been cancelled using local token source. Continue to get messages with new status.
[2025-06-01 00:56:11Z INFO ConfigurationStore] HasCredentials()
[2025-06-01 00:56:11Z INFO ConfigurationStore] stored True
[2025-06-01 00:56:11Z INFO CredentialManager] GetCredentialProvider
[2025-06-01 00:56:11Z INFO CredentialManager] Creating type OAuth
[2025-06-01 00:56:11Z INFO CredentialManager] Creating credential type: OAuth
[2025-06-01 00:56:11Z INFO RSAEncryptedFileKeyManager] Loading RSA key parameters from file C:\Users\User\Renata\PosGraduacao\ProjetosJavaScript\pgats-ci-lab\actions-runner\.credentials_rsaparams
[2025-06-01 00:56:11Z INFO RSAEncryptedFileKeyManager] Loading RSA key parameters from file C:\Users\User\Renata\PosGraduacao\ProjetosJavaScript\pgats-ci-lab\actions-runner\.credentials_rsaparams
[2025-06-01 00:56:11Z INFO RSAEncryptedFileKeyManager] Loading RSA key parameters from file C:\Users\User\Renata\PosGraduacao\ProjetosJavaScript\pgats-ci-lab\actions-runner\.credentials_rsaparams
[2025-06-01 00:56:12Z INFO GitHubActionsService] AAD Correlation ID for this token request: Unknown
[2025-06-01 00:56:13Z INFO JobDispatcher] Job request 0 for plan 6d316a90-fa94-4da8-b57f-f626ae0a8a02 job 2327f057-65a3-5452-b19d-51a88f113875 received.
[2025-06-01 00:56:13Z INFO BrokerMessageListener] Received job status event. JobState: Busy
[2025-06-01 00:56:13Z INFO BrokerMessageListener] _getMessagesTokenSource is already disposed.
[2025-06-01 00:56:13Z INFO JobDispatcher] Job request c658b4b7-ba90-5c9b-9772-fc7cb9286d36 processed succeed.
[2025-06-01 00:56:13Z INFO Terminal] WRITE LINE: 2025-06-01 00:56:13Z: Running job: e2e-tests
[2025-06-01 00:56:13Z INFO JobDispatcher] Start renew job request 0 for job 2327f057-65a3-5452-b19d-51a88f113875.
[2025-06-01 00:56:13Z INFO JobDispatcher] Successfully renew job 2327f057-65a3-5452-b19d-51a88f113875, job is valid till 01/06/2025 01:06:13
[2025-06-01 00:56:13Z INFO HostContext] Well known directory 'Bin': 'C:\Users\User\Renata\PosGraduacao\ProjetosJavaScript\pgats-ci-lab\actions-runner\bin'
[2025-06-01 00:56:13Z INFO ProcessInvokerWrapper] Starting process:
[2025-06-01 00:56:13Z INFO ProcessInvokerWrapper]   File name: 'C:\Users\User\Renata\PosGraduacao\ProjetosJavaScript\pgats-ci-lab\actions-runner\bin\Runner.Worker.exe'
[2025-06-01 00:56:13Z INFO ProcessInvokerWrapper]   Arguments: 'spawnclient 2256 2396'
[2025-06-01 00:56:13Z INFO ProcessInvokerWrapper]   Working directory: 'C:\Users\User\Renata\PosGraduacao\ProjetosJavaScript\pgats-ci-lab\actions-runner\bin'
[2025-06-01 00:56:13Z INFO ProcessInvokerWrapper]   Require exit code zero: 'False'
[2025-06-01 00:56:13Z INFO ProcessInvokerWrapper]   Encoding web name:  ; code page: ''
[2025-06-01 00:56:13Z INFO ProcessInvokerWrapper]   Force kill process on cancellation: 'True'
[2025-06-01 00:56:13Z INFO ProcessInvokerWrapper]   Redirected STDIN: 'False'
[2025-06-01 00:56:13Z INFO ProcessInvokerWrapper]   Persist current code page: 'False'
[2025-06-01 00:56:13Z INFO ProcessInvokerWrapper]   Keep redirected STDIN open: 'False'
[2025-06-01 00:56:13Z INFO ProcessInvokerWrapper]   High priority process: 'True'
[2025-06-01 00:56:13Z INFO ProcessInvokerWrapper] Process started with process id 18176, waiting for process exit.
[2025-06-01 00:56:13Z INFO JobDispatcher] Send job request message to worker for job 2327f057-65a3-5452-b19d-51a88f113875.
[2025-06-01 00:56:13Z INFO ProcessChannel] Sending message of length 19210, with hash '6d416084d1ea550136426237fb0f8d45bed57cf4ec3d061adfc948efac98ac01'
[2025-06-01 00:56:14Z INFO JobNotification] Entering JobStarted Notification
[2025-06-01 00:56:14Z INFO JobNotification] Entering StartMonitor
[2025-06-01 00:56:47Z INFO ProcessInvokerWrapper] STDOUT/STDERR stream read finished.
[2025-06-01 00:56:47Z INFO ProcessInvokerWrapper] STDOUT/STDERR stream read finished.
[2025-06-01 00:56:47Z INFO ProcessInvokerWrapper] Finished process 18176 with exit code 102, and elapsed time 00:00:33.9536360.
[2025-06-01 00:56:47Z INFO JobDispatcher] Worker finished for job 2327f057-65a3-5452-b19d-51a88f113875. Code: 102
[2025-06-01 00:56:47Z INFO JobDispatcher] finish job request for job 2327f057-65a3-5452-b19d-51a88f113875 with result: Failed
[2025-06-01 00:56:47Z INFO Terminal] WRITE LINE: 2025-06-01 00:56:47Z: Job e2e-tests completed with result: Failed
[2025-06-01 00:56:47Z INFO JobDispatcher] Stop renew job request for job 2327f057-65a3-5452-b19d-51a88f113875.
[2025-06-01 00:56:47Z INFO JobDispatcher] job renew has been cancelled, stop renew job 2327f057-65a3-5452-b19d-51a88f113875.
[2025-06-01 00:56:47Z INFO JobNotification] Entering JobCompleted Notification
[2025-06-01 00:56:47Z INFO JobNotification] Entering EndMonitor
[2025-06-01 00:56:47Z INFO BrokerMessageListener] Received job status event. JobState: Online
[2025-06-01 00:56:47Z WARN GitHubActionsService] GET request to https://broker.actions.githubusercontent.com/message?sessionId=74c4c409-150d-4ac7-8502-9aa8268cdedf&status=Busy&runnerVersion=2.324.0&os=Windows&architecture=X64&disableUpdate=false has been cancelled.
[2025-06-01 00:56:47Z ERR  BrokerServer] Catch exception during request
[2025-06-01 00:56:47Z ERR  BrokerServer] System.Threading.Tasks.TaskCanceledException: The operation was canceled.
 ---> System.Threading.Tasks.TaskCanceledException: The operation was canceled.
 ---> System.IO.IOException: Unable to read data from the transport connection: A operação de E/S foi anulada devido a uma saída de thread ou a uma requisição de aplicativo..
 ---> System.Net.Sockets.SocketException (995): A operação de E/S foi anulada devido a uma saída de thread ou a uma requisição de aplicativo.
   --- End of inner exception stack trace ---
   at System.Net.Sockets.Socket.AwaitableSocketAsyncEventArgs.System.Threading.Tasks.Sources.IValueTaskSource<System.Int32>.GetResult(Int16 token)
   at System.Net.Security.SslStream.EnsureFullTlsFrameAsync[TIOAdapter](CancellationToken cancellationToken, Int32 estimatedSize)
   at System.Runtime.CompilerServices.PoolingAsyncValueTaskMethodBuilder`1.StateMachineBox`1.System.Threading.Tasks.Sources.IValueTaskSource<TResult>.GetResult(Int16 token)
   at System.Net.Security.SslStream.ReadAsyncInternal[TIOAdapter](Memory`1 buffer, CancellationToken cancellationToken)
   at System.Runtime.CompilerServices.PoolingAsyncValueTaskMethodBuilder`1.StateMachineBox`1.System.Threading.Tasks.Sources.IValueTaskSource<TResult>.GetResult(Int16 token)
   at System.Net.Http.HttpConnection.SendAsync(HttpRequestMessage request, Boolean async, CancellationToken cancellationToken)
   --- End of inner exception stack trace ---
   at System.Net.Http.HttpConnection.SendAsync(HttpRequestMessage request, Boolean async, CancellationToken cancellationToken)
   at System.Net.Http.AuthenticationHelper.SendWithNtAuthAsync(HttpRequestMessage request, Uri authUri, Boolean async, ICredentials credentials, Boolean isProxyAuth, HttpConnection connection, HttpConnectionPool connectionPool, CancellationToken cancellationToken)
   at System.Net.Http.HttpConnectionPool.SendWithVersionDetectionAndRetryAsync(HttpRequestMessage request, Boolean async, Boolean doRequestAuth, CancellationToken cancellationToken)
   at System.Net.Http.AuthenticationHelper.SendWithAuthAsync(HttpRequestMessage request, Uri authUri, Boolean async, ICredentials credentials, Boolean preAuthenticate, Boolean isProxyAuth, Boolean doRequestAuth, HttpConnectionPool pool, CancellationToken cancellationToken)
   at System.Net.Http.RedirectHandler.SendAsync(HttpRequestMessage request, Boolean async, CancellationToken cancellationToken)
   at GitHub.Services.Common.RawHttpMessageHandler.SendAsync(HttpRequestMessage request, CancellationToken cancellationToken)
   at GitHub.Services.Common.VssHttpRetryMessageHandler.SendAsync(HttpRequestMessage request, CancellationToken cancellationToken)
   at System.Net.Http.HttpClient.<SendAsync>g__Core|83_0(HttpRequestMessage request, HttpCompletionOption completionOption, CancellationTokenSource cts, Boolean disposeCts, CancellationTokenSource pendingRequestsCts, CancellationToken originalCancellationToken)
   --- End of inner exception stack trace ---
   at System.Net.Http.HttpClient.HandleFailure(Exception e, Boolean telemetryStarted, HttpResponseMessage response, CancellationTokenSource cts, CancellationToken cancellationToken, CancellationTokenSource pendingRequestsCts)
   at System.Net.Http.HttpClient.<SendAsync>g__Core|83_0(HttpRequestMessage request, HttpCompletionOption completionOption, CancellationTokenSource cts, Boolean disposeCts, CancellationTokenSource pendingRequestsCts, CancellationToken originalCancellationToken)
   at Sdk.WebApi.WebApi.RawHttpClientBase.SendAsync(HttpRequestMessage message, HttpCompletionOption completionOption, Object userState, CancellationToken cancellationToken)
   at Sdk.WebApi.WebApi.RawHttpClientBase.SendAsync[T](HttpRequestMessage message, Boolean readErrorBody, Object userState, CancellationToken cancellationToken)
   at Sdk.WebApi.WebApi.RawHttpClientBase.SendAsync[T](HttpMethod method, IEnumerable`1 additionalHeaders, Uri requestUri, HttpContent content, IEnumerable`1 queryParameters, Boolean readErrorBody, Object userState, CancellationToken cancellationToken)
   at GitHub.Actions.RunService.WebApi.BrokerHttpClient.GetRunnerMessageAsync(Nullable`1 sessionId, String runnerVersion, Nullable`1 status, String os, String architecture, Nullable`1 disableUpdate, CancellationToken cancellationToken)
   at GitHub.Runner.Common.BrokerServer.<>c__DisplayClass7_0.<<GetRunnerMessageAsync>b__0>d.MoveNext()
--- End of stack trace from previous location ---
   at GitHub.Runner.Common.RunnerService.RetryRequest[T](Func`1 func, CancellationToken cancellationToken, Int32 maxRetryAttemptsCount, Func`2 shouldRetry)
[2025-06-01 00:56:47Z ERR  BrokerServer] #####################################################
[2025-06-01 00:56:47Z ERR  BrokerServer] System.Threading.Tasks.TaskCanceledException: The operation was canceled.
 ---> System.IO.IOException: Unable to read data from the transport connection: A operação de E/S foi anulada devido a uma saída de thread ou a uma requisição de aplicativo..
 ---> System.Net.Sockets.SocketException (995): A operação de E/S foi anulada devido a uma saída de thread ou a uma requisição de aplicativo.
   --- End of inner exception stack trace ---
   at System.Net.Sockets.Socket.AwaitableSocketAsyncEventArgs.System.Threading.Tasks.Sources.IValueTaskSource<System.Int32>.GetResult(Int16 token)
   at System.Net.Security.SslStream.EnsureFullTlsFrameAsync[TIOAdapter](CancellationToken cancellationToken, Int32 estimatedSize)
   at System.Runtime.CompilerServices.PoolingAsyncValueTaskMethodBuilder`1.StateMachineBox`1.System.Threading.Tasks.Sources.IValueTaskSource<TResult>.GetResult(Int16 token)
   at System.Net.Security.SslStream.ReadAsyncInternal[TIOAdapter](Memory`1 buffer, CancellationToken cancellationToken)
   at System.Runtime.CompilerServices.PoolingAsyncValueTaskMethodBuilder`1.StateMachineBox`1.System.Threading.Tasks.Sources.IValueTaskSource<TResult>.GetResult(Int16 token)
   at System.Net.Http.HttpConnection.SendAsync(HttpRequestMessage request, Boolean async, CancellationToken cancellationToken)
   --- End of inner exception stack trace ---
   at System.Net.Http.HttpConnection.SendAsync(HttpRequestMessage request, Boolean async, CancellationToken cancellationToken)
   at System.Net.Http.AuthenticationHelper.SendWithNtAuthAsync(HttpRequestMessage request, Uri authUri, Boolean async, ICredentials credentials, Boolean isProxyAuth, HttpConnection connection, HttpConnectionPool connectionPool, CancellationToken cancellationToken)
   at System.Net.Http.HttpConnectionPool.SendWithVersionDetectionAndRetryAsync(HttpRequestMessage request, Boolean async, Boolean doRequestAuth, CancellationToken cancellationToken)
   at System.Net.Http.AuthenticationHelper.SendWithAuthAsync(HttpRequestMessage request, Uri authUri, Boolean async, ICredentials credentials, Boolean preAuthenticate, Boolean isProxyAuth, Boolean doRequestAuth, HttpConnectionPool pool, CancellationToken cancellationToken)
   at System.Net.Http.RedirectHandler.SendAsync(HttpRequestMessage request, Boolean async, CancellationToken cancellationToken)
   at GitHub.Services.Common.RawHttpMessageHandler.SendAsync(HttpRequestMessage request, CancellationToken cancellationToken)
   at GitHub.Services.Common.VssHttpRetryMessageHandler.SendAsync(HttpRequestMessage request, CancellationToken cancellationToken)
   at System.Net.Http.HttpClient.<SendAsync>g__Core|83_0(HttpRequestMessage request, HttpCompletionOption completionOption, CancellationTokenSource cts, Boolean disposeCts, CancellationTokenSource pendingRequestsCts, CancellationToken originalCancellationToken)
[2025-06-01 00:56:47Z ERR  BrokerServer] #####################################################
[2025-06-01 00:56:47Z ERR  BrokerServer] System.IO.IOException: Unable to read data from the transport connection: A operação de E/S foi anulada devido a uma saída de thread ou a uma requisição de aplicativo..
 ---> System.Net.Sockets.SocketException (995): A operação de E/S foi anulada devido a uma saída de thread ou a uma requisição de aplicativo.
   --- End of inner exception stack trace ---
   at System.Net.Sockets.Socket.AwaitableSocketAsyncEventArgs.System.Threading.Tasks.Sources.IValueTaskSource<System.Int32>.GetResult(Int16 token)
   at System.Net.Security.SslStream.EnsureFullTlsFrameAsync[TIOAdapter](CancellationToken cancellationToken, Int32 estimatedSize)
   at System.Runtime.CompilerServices.PoolingAsyncValueTaskMethodBuilder`1.StateMachineBox`1.System.Threading.Tasks.Sources.IValueTaskSource<TResult>.GetResult(Int16 token)
   at System.Net.Security.SslStream.ReadAsyncInternal[TIOAdapter](Memory`1 buffer, CancellationToken cancellationToken)
   at System.Runtime.CompilerServices.PoolingAsyncValueTaskMethodBuilder`1.StateMachineBox`1.System.Threading.Tasks.Sources.IValueTaskSource<TResult>.GetResult(Int16 token)
   at System.Net.Http.HttpConnection.SendAsync(HttpRequestMessage request, Boolean async, CancellationToken cancellationToken)
[2025-06-01 00:56:47Z ERR  BrokerServer] #####################################################
[2025-06-01 00:56:47Z ERR  BrokerServer] System.Net.Sockets.SocketException (995): A operação de E/S foi anulada devido a uma saída de thread ou a uma requisição de aplicativo.
[2025-06-01 00:56:47Z WARN BrokerServer] Back off 8,241 seconds before next retry. 4 attempt left.
[2025-06-01 00:56:47Z INFO BrokerMessageListener] Get messages has been cancelled using local token source. Continue to get messages with new status.
[2025-06-01 01:01:36Z INFO ConfigurationStore] HasCredentials()
[2025-06-01 01:01:36Z INFO ConfigurationStore] stored True
[2025-06-01 01:01:36Z INFO CredentialManager] GetCredentialProvider
[2025-06-01 01:01:36Z INFO CredentialManager] Creating type OAuth
[2025-06-01 01:01:36Z INFO CredentialManager] Creating credential type: OAuth
[2025-06-01 01:01:36Z INFO RSAEncryptedFileKeyManager] Loading RSA key parameters from file C:\Users\User\Renata\PosGraduacao\ProjetosJavaScript\pgats-ci-lab\actions-runner\.credentials_rsaparams
[2025-06-01 01:01:36Z INFO RSAEncryptedFileKeyManager] Loading RSA key parameters from file C:\Users\User\Renata\PosGraduacao\ProjetosJavaScript\pgats-ci-lab\actions-runner\.credentials_rsaparams
[2025-06-01 01:01:36Z INFO RSAEncryptedFileKeyManager] Loading RSA key parameters from file C:\Users\User\Renata\PosGraduacao\ProjetosJavaScript\pgats-ci-lab\actions-runner\.credentials_rsaparams
[2025-06-01 01:01:37Z INFO GitHubActionsService] AAD Correlation ID for this token request: Unknown
[2025-06-01 01:01:37Z INFO JobDispatcher] Job request 0 for plan 7a579106-f6f0-4007-8884-d5a55a555265 job b715f3f7-e1a2-5c49-acac-b8485d729558 received.
[2025-06-01 01:01:37Z INFO BrokerMessageListener] Received job status event. JobState: Busy
[2025-06-01 01:01:37Z INFO BrokerMessageListener] _getMessagesTokenSource is already disposed.
[2025-06-01 01:01:37Z INFO JobDispatcher] Job request 2327f057-65a3-5452-b19d-51a88f113875 processed succeed.
[2025-06-01 01:01:37Z INFO Terminal] WRITE LINE: 2025-06-01 01:01:37Z: Running job: e2e-tests
[2025-06-01 01:01:37Z INFO JobDispatcher] Start renew job request 0 for job b715f3f7-e1a2-5c49-acac-b8485d729558.
[2025-06-01 01:01:38Z INFO JobDispatcher] Successfully renew job b715f3f7-e1a2-5c49-acac-b8485d729558, job is valid till 01/06/2025 01:11:38
[2025-06-01 01:01:38Z INFO HostContext] Well known directory 'Bin': 'C:\Users\User\Renata\PosGraduacao\ProjetosJavaScript\pgats-ci-lab\actions-runner\bin'
[2025-06-01 01:01:38Z INFO ProcessInvokerWrapper] Starting process:
[2025-06-01 01:01:38Z INFO ProcessInvokerWrapper]   File name: 'C:\Users\User\Renata\PosGraduacao\ProjetosJavaScript\pgats-ci-lab\actions-runner\bin\Runner.Worker.exe'
[2025-06-01 01:01:38Z INFO ProcessInvokerWrapper]   Arguments: 'spawnclient 2368 1284'
[2025-06-01 01:01:38Z INFO ProcessInvokerWrapper]   Working directory: 'C:\Users\User\Renata\PosGraduacao\ProjetosJavaScript\pgats-ci-lab\actions-runner\bin'
[2025-06-01 01:01:38Z INFO ProcessInvokerWrapper]   Require exit code zero: 'False'
[2025-06-01 01:01:38Z INFO ProcessInvokerWrapper]   Encoding web name:  ; code page: ''
[2025-06-01 01:01:38Z INFO ProcessInvokerWrapper]   Force kill process on cancellation: 'True'
[2025-06-01 01:01:38Z INFO ProcessInvokerWrapper]   Redirected STDIN: 'False'
[2025-06-01 01:01:38Z INFO ProcessInvokerWrapper]   Persist current code page: 'False'
[2025-06-01 01:01:38Z INFO ProcessInvokerWrapper]   Keep redirected STDIN open: 'False'
[2025-06-01 01:01:38Z INFO ProcessInvokerWrapper]   High priority process: 'True'
[2025-06-01 01:01:38Z INFO ProcessInvokerWrapper] Process started with process id 8788, waiting for process exit.
[2025-06-01 01:01:38Z INFO JobDispatcher] Send job request message to worker for job b715f3f7-e1a2-5c49-acac-b8485d729558.
[2025-06-01 01:01:38Z INFO ProcessChannel] Sending message of length 19209, with hash '95ff74ce3c999f44bededacfae62c0f447fc07ae2d9986d8dfa200f3a40bb04a'
[2025-06-01 01:01:38Z INFO JobNotification] Entering JobStarted Notification
[2025-06-01 01:01:38Z INFO JobNotification] Entering StartMonitor
[2025-06-01 01:02:38Z INFO JobDispatcher] Successfully renew job b715f3f7-e1a2-5c49-acac-b8485d729558, job is valid till 01/06/2025 01:12:38
[2025-06-01 01:03:01Z INFO ProcessInvokerWrapper] STDOUT/STDERR stream read finished.
[2025-06-01 01:03:01Z INFO ProcessInvokerWrapper] STDOUT/STDERR stream read finished.
[2025-06-01 01:03:01Z INFO ProcessInvokerWrapper] Finished process 8788 with exit code 102, and elapsed time 00:01:22.9493277.
[2025-06-01 01:03:01Z INFO JobDispatcher] Worker finished for job b715f3f7-e1a2-5c49-acac-b8485d729558. Code: 102
[2025-06-01 01:03:01Z INFO JobDispatcher] finish job request for job b715f3f7-e1a2-5c49-acac-b8485d729558 with result: Failed
[2025-06-01 01:03:01Z INFO Terminal] WRITE LINE: 2025-06-01 01:03:01Z: Job e2e-tests completed with result: Failed
[2025-06-01 01:03:01Z INFO JobDispatcher] Stop renew job request for job b715f3f7-e1a2-5c49-acac-b8485d729558.
[2025-06-01 01:03:01Z INFO JobDispatcher] job renew has been cancelled, stop renew job b715f3f7-e1a2-5c49-acac-b8485d729558.
[2025-06-01 01:03:01Z INFO JobNotification] Entering JobCompleted Notification
[2025-06-01 01:03:01Z INFO JobNotification] Entering EndMonitor
[2025-06-01 01:03:01Z INFO BrokerMessageListener] Received job status event. JobState: Online
[2025-06-01 01:03:01Z WARN GitHubActionsService] GET request to https://broker.actions.githubusercontent.com/message?sessionId=74c4c409-150d-4ac7-8502-9aa8268cdedf&status=Busy&runnerVersion=2.324.0&os=Windows&architecture=X64&disableUpdate=false has been cancelled.
[2025-06-01 01:03:01Z ERR  BrokerServer] Catch exception during request
[2025-06-01 01:03:01Z ERR  BrokerServer] System.Threading.Tasks.TaskCanceledException: The operation was canceled.
 ---> System.Threading.Tasks.TaskCanceledException: The operation was canceled.
 ---> System.IO.IOException: Unable to read data from the transport connection: A operação de E/S foi anulada devido a uma saída de thread ou a uma requisição de aplicativo..
 ---> System.Net.Sockets.SocketException (995): A operação de E/S foi anulada devido a uma saída de thread ou a uma requisição de aplicativo.
   --- End of inner exception stack trace ---
   at System.Net.Sockets.Socket.AwaitableSocketAsyncEventArgs.System.Threading.Tasks.Sources.IValueTaskSource<System.Int32>.GetResult(Int16 token)
   at System.Net.Security.SslStream.EnsureFullTlsFrameAsync[TIOAdapter](CancellationToken cancellationToken, Int32 estimatedSize)
   at System.Runtime.CompilerServices.PoolingAsyncValueTaskMethodBuilder`1.StateMachineBox`1.System.Threading.Tasks.Sources.IValueTaskSource<TResult>.GetResult(Int16 token)
   at System.Net.Security.SslStream.ReadAsyncInternal[TIOAdapter](Memory`1 buffer, CancellationToken cancellationToken)
   at System.Runtime.CompilerServices.PoolingAsyncValueTaskMethodBuilder`1.StateMachineBox`1.System.Threading.Tasks.Sources.IValueTaskSource<TResult>.GetResult(Int16 token)
   at System.Net.Http.HttpConnection.SendAsync(HttpRequestMessage request, Boolean async, CancellationToken cancellationToken)
   --- End of inner exception stack trace ---
   at System.Net.Http.HttpConnection.SendAsync(HttpRequestMessage request, Boolean async, CancellationToken cancellationToken)
   at System.Net.Http.AuthenticationHelper.SendWithNtAuthAsync(HttpRequestMessage request, Uri authUri, Boolean async, ICredentials credentials, Boolean isProxyAuth, HttpConnection connection, HttpConnectionPool connectionPool, CancellationToken cancellationToken)
   at System.Net.Http.HttpConnectionPool.SendWithVersionDetectionAndRetryAsync(HttpRequestMessage request, Boolean async, Boolean doRequestAuth, CancellationToken cancellationToken)
   at System.Net.Http.AuthenticationHelper.SendWithAuthAsync(HttpRequestMessage request, Uri authUri, Boolean async, ICredentials credentials, Boolean preAuthenticate, Boolean isProxyAuth, Boolean doRequestAuth, HttpConnectionPool pool, CancellationToken cancellationToken)
   at System.Net.Http.RedirectHandler.SendAsync(HttpRequestMessage request, Boolean async, CancellationToken cancellationToken)
   at GitHub.Services.Common.RawHttpMessageHandler.SendAsync(HttpRequestMessage request, CancellationToken cancellationToken)
   at GitHub.Services.Common.VssHttpRetryMessageHandler.SendAsync(HttpRequestMessage request, CancellationToken cancellationToken)
   at System.Net.Http.HttpClient.<SendAsync>g__Core|83_0(HttpRequestMessage request, HttpCompletionOption completionOption, CancellationTokenSource cts, Boolean disposeCts, CancellationTokenSource pendingRequestsCts, CancellationToken originalCancellationToken)
   --- End of inner exception stack trace ---
   at System.Net.Http.HttpClient.HandleFailure(Exception e, Boolean telemetryStarted, HttpResponseMessage response, CancellationTokenSource cts, CancellationToken cancellationToken, CancellationTokenSource pendingRequestsCts)
   at System.Net.Http.HttpClient.<SendAsync>g__Core|83_0(HttpRequestMessage request, HttpCompletionOption completionOption, CancellationTokenSource cts, Boolean disposeCts, CancellationTokenSource pendingRequestsCts, CancellationToken originalCancellationToken)
   at Sdk.WebApi.WebApi.RawHttpClientBase.SendAsync(HttpRequestMessage message, HttpCompletionOption completionOption, Object userState, CancellationToken cancellationToken)
   at Sdk.WebApi.WebApi.RawHttpClientBase.SendAsync[T](HttpRequestMessage message, Boolean readErrorBody, Object userState, CancellationToken cancellationToken)
   at Sdk.WebApi.WebApi.RawHttpClientBase.SendAsync[T](HttpMethod method, IEnumerable`1 additionalHeaders, Uri requestUri, HttpContent content, IEnumerable`1 queryParameters, Boolean readErrorBody, Object userState, CancellationToken cancellationToken)
   at GitHub.Actions.RunService.WebApi.BrokerHttpClient.GetRunnerMessageAsync(Nullable`1 sessionId, String runnerVersion, Nullable`1 status, String os, String architecture, Nullable`1 disableUpdate, CancellationToken cancellationToken)
   at GitHub.Runner.Common.BrokerServer.<>c__DisplayClass7_0.<<GetRunnerMessageAsync>b__0>d.MoveNext()
--- End of stack trace from previous location ---
   at GitHub.Runner.Common.RunnerService.RetryRequest[T](Func`1 func, CancellationToken cancellationToken, Int32 maxRetryAttemptsCount, Func`2 shouldRetry)
[2025-06-01 01:03:01Z ERR  BrokerServer] #####################################################
[2025-06-01 01:03:01Z ERR  BrokerServer] System.Threading.Tasks.TaskCanceledException: The operation was canceled.
 ---> System.IO.IOException: Unable to read data from the transport connection: A operação de E/S foi anulada devido a uma saída de thread ou a uma requisição de aplicativo..
 ---> System.Net.Sockets.SocketException (995): A operação de E/S foi anulada devido a uma saída de thread ou a uma requisição de aplicativo.
   --- End of inner exception stack trace ---
   at System.Net.Sockets.Socket.AwaitableSocketAsyncEventArgs.System.Threading.Tasks.Sources.IValueTaskSource<System.Int32>.GetResult(Int16 token)
   at System.Net.Security.SslStream.EnsureFullTlsFrameAsync[TIOAdapter](CancellationToken cancellationToken, Int32 estimatedSize)
   at System.Runtime.CompilerServices.PoolingAsyncValueTaskMethodBuilder`1.StateMachineBox`1.System.Threading.Tasks.Sources.IValueTaskSource<TResult>.GetResult(Int16 token)
   at System.Net.Security.SslStream.ReadAsyncInternal[TIOAdapter](Memory`1 buffer, CancellationToken cancellationToken)
   at System.Runtime.CompilerServices.PoolingAsyncValueTaskMethodBuilder`1.StateMachineBox`1.System.Threading.Tasks.Sources.IValueTaskSource<TResult>.GetResult(Int16 token)
   at System.Net.Http.HttpConnection.SendAsync(HttpRequestMessage request, Boolean async, CancellationToken cancellationToken)
   --- End of inner exception stack trace ---
   at System.Net.Http.HttpConnection.SendAsync(HttpRequestMessage request, Boolean async, CancellationToken cancellationToken)
   at System.Net.Http.AuthenticationHelper.SendWithNtAuthAsync(HttpRequestMessage request, Uri authUri, Boolean async, ICredentials credentials, Boolean isProxyAuth, HttpConnection connection, HttpConnectionPool connectionPool, CancellationToken cancellationToken)
   at System.Net.Http.HttpConnectionPool.SendWithVersionDetectionAndRetryAsync(HttpRequestMessage request, Boolean async, Boolean doRequestAuth, CancellationToken cancellationToken)
   at System.Net.Http.AuthenticationHelper.SendWithAuthAsync(HttpRequestMessage request, Uri authUri, Boolean async, ICredentials credentials, Boolean preAuthenticate, Boolean isProxyAuth, Boolean doRequestAuth, HttpConnectionPool pool, CancellationToken cancellationToken)
   at System.Net.Http.RedirectHandler.SendAsync(HttpRequestMessage request, Boolean async, CancellationToken cancellationToken)
   at GitHub.Services.Common.RawHttpMessageHandler.SendAsync(HttpRequestMessage request, CancellationToken cancellationToken)
   at GitHub.Services.Common.VssHttpRetryMessageHandler.SendAsync(HttpRequestMessage request, CancellationToken cancellationToken)
   at System.Net.Http.HttpClient.<SendAsync>g__Core|83_0(HttpRequestMessage request, HttpCompletionOption completionOption, CancellationTokenSource cts, Boolean disposeCts, CancellationTokenSource pendingRequestsCts, CancellationToken originalCancellationToken)
[2025-06-01 01:03:01Z ERR  BrokerServer] #####################################################
[2025-06-01 01:03:01Z ERR  BrokerServer] System.IO.IOException: Unable to read data from the transport connection: A operação de E/S foi anulada devido a uma saída de thread ou a uma requisição de aplicativo..
 ---> System.Net.Sockets.SocketException (995): A operação de E/S foi anulada devido a uma saída de thread ou a uma requisição de aplicativo.
   --- End of inner exception stack trace ---
   at System.Net.Sockets.Socket.AwaitableSocketAsyncEventArgs.System.Threading.Tasks.Sources.IValueTaskSource<System.Int32>.GetResult(Int16 token)
   at System.Net.Security.SslStream.EnsureFullTlsFrameAsync[TIOAdapter](CancellationToken cancellationToken, Int32 estimatedSize)
   at System.Runtime.CompilerServices.PoolingAsyncValueTaskMethodBuilder`1.StateMachineBox`1.System.Threading.Tasks.Sources.IValueTaskSource<TResult>.GetResult(Int16 token)
   at System.Net.Security.SslStream.ReadAsyncInternal[TIOAdapter](Memory`1 buffer, CancellationToken cancellationToken)
   at System.Runtime.CompilerServices.PoolingAsyncValueTaskMethodBuilder`1.StateMachineBox`1.System.Threading.Tasks.Sources.IValueTaskSource<TResult>.GetResult(Int16 token)
   at System.Net.Http.HttpConnection.SendAsync(HttpRequestMessage request, Boolean async, CancellationToken cancellationToken)
[2025-06-01 01:03:01Z ERR  BrokerServer] #####################################################
[2025-06-01 01:03:01Z ERR  BrokerServer] System.Net.Sockets.SocketException (995): A operação de E/S foi anulada devido a uma saída de thread ou a uma requisição de aplicativo.
[2025-06-01 01:03:01Z WARN BrokerServer] Back off 8,551 seconds before next retry. 4 attempt left.
[2025-06-01 01:03:01Z INFO BrokerMessageListener] Get messages has been cancelled using local token source. Continue to get messages with new status.
[2025-06-01 01:06:13Z INFO ConfigurationStore] HasCredentials()
[2025-06-01 01:06:13Z INFO ConfigurationStore] stored True
[2025-06-01 01:06:13Z INFO CredentialManager] GetCredentialProvider
[2025-06-01 01:06:13Z INFO CredentialManager] Creating type OAuth
[2025-06-01 01:06:13Z INFO CredentialManager] Creating credential type: OAuth
[2025-06-01 01:06:13Z INFO RSAEncryptedFileKeyManager] Loading RSA key parameters from file C:\Users\User\Renata\PosGraduacao\ProjetosJavaScript\pgats-ci-lab\actions-runner\.credentials_rsaparams
[2025-06-01 01:06:13Z INFO RSAEncryptedFileKeyManager] Loading RSA key parameters from file C:\Users\User\Renata\PosGraduacao\ProjetosJavaScript\pgats-ci-lab\actions-runner\.credentials_rsaparams
[2025-06-01 01:06:13Z INFO RSAEncryptedFileKeyManager] Loading RSA key parameters from file C:\Users\User\Renata\PosGraduacao\ProjetosJavaScript\pgats-ci-lab\actions-runner\.credentials_rsaparams
[2025-06-01 01:06:14Z INFO GitHubActionsService] AAD Correlation ID for this token request: Unknown
[2025-06-01 01:06:15Z INFO JobDispatcher] Job request 0 for plan be277f08-5137-4613-b361-6ea2044bbcf4 job 09079189-180f-57a4-a56f-2bbd169fd2c3 received.
[2025-06-01 01:06:15Z INFO BrokerMessageListener] Received job status event. JobState: Busy
[2025-06-01 01:06:15Z INFO BrokerMessageListener] _getMessagesTokenSource is already disposed.
[2025-06-01 01:06:15Z INFO JobDispatcher] Job request b715f3f7-e1a2-5c49-acac-b8485d729558 processed succeed.
[2025-06-01 01:06:15Z INFO Terminal] WRITE LINE: 2025-06-01 01:06:15Z: Running job: e2e-tests
[2025-06-01 01:06:15Z INFO JobDispatcher] Start renew job request 0 for job 09079189-180f-57a4-a56f-2bbd169fd2c3.
[2025-06-01 01:06:15Z INFO JobDispatcher] Successfully renew job 09079189-180f-57a4-a56f-2bbd169fd2c3, job is valid till 01/06/2025 01:16:15
[2025-06-01 01:06:15Z INFO HostContext] Well known directory 'Bin': 'C:\Users\User\Renata\PosGraduacao\ProjetosJavaScript\pgats-ci-lab\actions-runner\bin'
[2025-06-01 01:06:15Z INFO ProcessInvokerWrapper] Starting process:
[2025-06-01 01:06:15Z INFO ProcessInvokerWrapper]   File name: 'C:\Users\User\Renata\PosGraduacao\ProjetosJavaScript\pgats-ci-lab\actions-runner\bin\Runner.Worker.exe'
[2025-06-01 01:06:15Z INFO ProcessInvokerWrapper]   Arguments: 'spawnclient 2532 2516'
[2025-06-01 01:06:15Z INFO ProcessInvokerWrapper]   Working directory: 'C:\Users\User\Renata\PosGraduacao\ProjetosJavaScript\pgats-ci-lab\actions-runner\bin'
[2025-06-01 01:06:15Z INFO ProcessInvokerWrapper]   Require exit code zero: 'False'
[2025-06-01 01:06:15Z INFO ProcessInvokerWrapper]   Encoding web name:  ; code page: ''
[2025-06-01 01:06:15Z INFO ProcessInvokerWrapper]   Force kill process on cancellation: 'True'
[2025-06-01 01:06:15Z INFO ProcessInvokerWrapper]   Redirected STDIN: 'False'
[2025-06-01 01:06:15Z INFO ProcessInvokerWrapper]   Persist current code page: 'False'
[2025-06-01 01:06:15Z INFO ProcessInvokerWrapper]   Keep redirected STDIN open: 'False'
[2025-06-01 01:06:15Z INFO ProcessInvokerWrapper]   High priority process: 'True'
[2025-06-01 01:06:15Z INFO ProcessInvokerWrapper] Process started with process id 19304, waiting for process exit.
[2025-06-01 01:06:15Z INFO JobDispatcher] Send job request message to worker for job 09079189-180f-57a4-a56f-2bbd169fd2c3.
[2025-06-01 01:06:15Z INFO ProcessChannel] Sending message of length 19211, with hash '0821a57fb35105f9ea2683af5b89050b13d0af7134eba0ab1870fb9a017b686b'
[2025-06-01 01:06:15Z INFO JobNotification] Entering JobStarted Notification
[2025-06-01 01:06:15Z INFO JobNotification] Entering StartMonitor
[2025-06-01 01:07:15Z INFO JobDispatcher] Successfully renew job 09079189-180f-57a4-a56f-2bbd169fd2c3, job is valid till 01/06/2025 01:17:15
[2025-06-01 01:07:26Z INFO ProcessInvokerWrapper] STDOUT/STDERR stream read finished.
[2025-06-01 01:07:26Z INFO ProcessInvokerWrapper] STDOUT/STDERR stream read finished.
[2025-06-01 01:07:26Z INFO ProcessInvokerWrapper] Finished process 19304 with exit code 102, and elapsed time 00:01:10.9710485.
[2025-06-01 01:07:26Z INFO JobDispatcher] Worker finished for job 09079189-180f-57a4-a56f-2bbd169fd2c3. Code: 102
[2025-06-01 01:07:26Z INFO JobDispatcher] finish job request for job 09079189-180f-57a4-a56f-2bbd169fd2c3 with result: Failed
[2025-06-01 01:07:26Z INFO Terminal] WRITE LINE: 2025-06-01 01:07:26Z: Job e2e-tests completed with result: Failed
[2025-06-01 01:07:26Z INFO JobDispatcher] Stop renew job request for job 09079189-180f-57a4-a56f-2bbd169fd2c3.
[2025-06-01 01:07:26Z INFO JobDispatcher] job renew has been cancelled, stop renew job 09079189-180f-57a4-a56f-2bbd169fd2c3.
[2025-06-01 01:07:26Z INFO JobNotification] Entering JobCompleted Notification
[2025-06-01 01:07:26Z INFO JobNotification] Entering EndMonitor
[2025-06-01 01:07:26Z INFO BrokerMessageListener] Received job status event. JobState: Online
[2025-06-01 01:07:26Z WARN GitHubActionsService] GET request to https://broker.actions.githubusercontent.com/message?sessionId=74c4c409-150d-4ac7-8502-9aa8268cdedf&status=Busy&runnerVersion=2.324.0&os=Windows&architecture=X64&disableUpdate=false has been cancelled.
[2025-06-01 01:07:26Z ERR  BrokerServer] Catch exception during request
[2025-06-01 01:07:26Z ERR  BrokerServer] System.Threading.Tasks.TaskCanceledException: The operation was canceled.
 ---> System.Threading.Tasks.TaskCanceledException: The operation was canceled.
 ---> System.IO.IOException: Unable to read data from the transport connection: A operação de E/S foi anulada devido a uma saída de thread ou a uma requisição de aplicativo..
 ---> System.Net.Sockets.SocketException (995): A operação de E/S foi anulada devido a uma saída de thread ou a uma requisição de aplicativo.
   --- End of inner exception stack trace ---
   at System.Net.Sockets.Socket.AwaitableSocketAsyncEventArgs.System.Threading.Tasks.Sources.IValueTaskSource<System.Int32>.GetResult(Int16 token)
   at System.Net.Security.SslStream.EnsureFullTlsFrameAsync[TIOAdapter](CancellationToken cancellationToken, Int32 estimatedSize)
   at System.Runtime.CompilerServices.PoolingAsyncValueTaskMethodBuilder`1.StateMachineBox`1.System.Threading.Tasks.Sources.IValueTaskSource<TResult>.GetResult(Int16 token)
   at System.Net.Security.SslStream.ReadAsyncInternal[TIOAdapter](Memory`1 buffer, CancellationToken cancellationToken)
   at System.Runtime.CompilerServices.PoolingAsyncValueTaskMethodBuilder`1.StateMachineBox`1.System.Threading.Tasks.Sources.IValueTaskSource<TResult>.GetResult(Int16 token)
   at System.Net.Http.HttpConnection.SendAsync(HttpRequestMessage request, Boolean async, CancellationToken cancellationToken)
   --- End of inner exception stack trace ---
   at System.Net.Http.HttpConnection.SendAsync(HttpRequestMessage request, Boolean async, CancellationToken cancellationToken)
   at System.Net.Http.AuthenticationHelper.SendWithNtAuthAsync(HttpRequestMessage request, Uri authUri, Boolean async, ICredentials credentials, Boolean isProxyAuth, HttpConnection connection, HttpConnectionPool connectionPool, CancellationToken cancellationToken)
   at System.Net.Http.HttpConnectionPool.SendWithVersionDetectionAndRetryAsync(HttpRequestMessage request, Boolean async, Boolean doRequestAuth, CancellationToken cancellationToken)
   at System.Net.Http.AuthenticationHelper.SendWithAuthAsync(HttpRequestMessage request, Uri authUri, Boolean async, ICredentials credentials, Boolean preAuthenticate, Boolean isProxyAuth, Boolean doRequestAuth, HttpConnectionPool pool, CancellationToken cancellationToken)
   at System.Net.Http.RedirectHandler.SendAsync(HttpRequestMessage request, Boolean async, CancellationToken cancellationToken)
   at GitHub.Services.Common.RawHttpMessageHandler.SendAsync(HttpRequestMessage request, CancellationToken cancellationToken)
   at GitHub.Services.Common.VssHttpRetryMessageHandler.SendAsync(HttpRequestMessage request, CancellationToken cancellationToken)
   at System.Net.Http.HttpClient.<SendAsync>g__Core|83_0(HttpRequestMessage request, HttpCompletionOption completionOption, CancellationTokenSource cts, Boolean disposeCts, CancellationTokenSource pendingRequestsCts, CancellationToken originalCancellationToken)
   --- End of inner exception stack trace ---
   at System.Net.Http.HttpClient.HandleFailure(Exception e, Boolean telemetryStarted, HttpResponseMessage response, CancellationTokenSource cts, CancellationToken cancellationToken, CancellationTokenSource pendingRequestsCts)
   at System.Net.Http.HttpClient.<SendAsync>g__Core|83_0(HttpRequestMessage request, HttpCompletionOption completionOption, CancellationTokenSource cts, Boolean disposeCts, CancellationTokenSource pendingRequestsCts, CancellationToken originalCancellationToken)
   at Sdk.WebApi.WebApi.RawHttpClientBase.SendAsync(HttpRequestMessage message, HttpCompletionOption completionOption, Object userState, CancellationToken cancellationToken)
   at Sdk.WebApi.WebApi.RawHttpClientBase.SendAsync[T](HttpRequestMessage message, Boolean readErrorBody, Object userState, CancellationToken cancellationToken)
   at Sdk.WebApi.WebApi.RawHttpClientBase.SendAsync[T](HttpMethod method, IEnumerable`1 additionalHeaders, Uri requestUri, HttpContent content, IEnumerable`1 queryParameters, Boolean readErrorBody, Object userState, CancellationToken cancellationToken)
   at GitHub.Actions.RunService.WebApi.BrokerHttpClient.GetRunnerMessageAsync(Nullable`1 sessionId, String runnerVersion, Nullable`1 status, String os, String architecture, Nullable`1 disableUpdate, CancellationToken cancellationToken)
   at GitHub.Runner.Common.BrokerServer.<>c__DisplayClass7_0.<<GetRunnerMessageAsync>b__0>d.MoveNext()
--- End of stack trace from previous location ---
   at GitHub.Runner.Common.RunnerService.RetryRequest[T](Func`1 func, CancellationToken cancellationToken, Int32 maxRetryAttemptsCount, Func`2 shouldRetry)
[2025-06-01 01:07:26Z ERR  BrokerServer] #####################################################
[2025-06-01 01:07:26Z ERR  BrokerServer] System.Threading.Tasks.TaskCanceledException: The operation was canceled.
 ---> System.IO.IOException: Unable to read data from the transport connection: A operação de E/S foi anulada devido a uma saída de thread ou a uma requisição de aplicativo..
 ---> System.Net.Sockets.SocketException (995): A operação de E/S foi anulada devido a uma saída de thread ou a uma requisição de aplicativo.
   --- End of inner exception stack trace ---
   at System.Net.Sockets.Socket.AwaitableSocketAsyncEventArgs.System.Threading.Tasks.Sources.IValueTaskSource<System.Int32>.GetResult(Int16 token)
   at System.Net.Security.SslStream.EnsureFullTlsFrameAsync[TIOAdapter](CancellationToken cancellationToken, Int32 estimatedSize)
   at System.Runtime.CompilerServices.PoolingAsyncValueTaskMethodBuilder`1.StateMachineBox`1.System.Threading.Tasks.Sources.IValueTaskSource<TResult>.GetResult(Int16 token)
   at System.Net.Security.SslStream.ReadAsyncInternal[TIOAdapter](Memory`1 buffer, CancellationToken cancellationToken)
   at System.Runtime.CompilerServices.PoolingAsyncValueTaskMethodBuilder`1.StateMachineBox`1.System.Threading.Tasks.Sources.IValueTaskSource<TResult>.GetResult(Int16 token)
   at System.Net.Http.HttpConnection.SendAsync(HttpRequestMessage request, Boolean async, CancellationToken cancellationToken)
   --- End of inner exception stack trace ---
   at System.Net.Http.HttpConnection.SendAsync(HttpRequestMessage request, Boolean async, CancellationToken cancellationToken)
   at System.Net.Http.AuthenticationHelper.SendWithNtAuthAsync(HttpRequestMessage request, Uri authUri, Boolean async, ICredentials credentials, Boolean isProxyAuth, HttpConnection connection, HttpConnectionPool connectionPool, CancellationToken cancellationToken)
   at System.Net.Http.HttpConnectionPool.SendWithVersionDetectionAndRetryAsync(HttpRequestMessage request, Boolean async, Boolean doRequestAuth, CancellationToken cancellationToken)
   at System.Net.Http.AuthenticationHelper.SendWithAuthAsync(HttpRequestMessage request, Uri authUri, Boolean async, ICredentials credentials, Boolean preAuthenticate, Boolean isProxyAuth, Boolean doRequestAuth, HttpConnectionPool pool, CancellationToken cancellationToken)
   at System.Net.Http.RedirectHandler.SendAsync(HttpRequestMessage request, Boolean async, CancellationToken cancellationToken)
   at GitHub.Services.Common.RawHttpMessageHandler.SendAsync(HttpRequestMessage request, CancellationToken cancellationToken)
   at GitHub.Services.Common.VssHttpRetryMessageHandler.SendAsync(HttpRequestMessage request, CancellationToken cancellationToken)
   at System.Net.Http.HttpClient.<SendAsync>g__Core|83_0(HttpRequestMessage request, HttpCompletionOption completionOption, CancellationTokenSource cts, Boolean disposeCts, CancellationTokenSource pendingRequestsCts, CancellationToken originalCancellationToken)
[2025-06-01 01:07:26Z ERR  BrokerServer] #####################################################
[2025-06-01 01:07:26Z ERR  BrokerServer] System.IO.IOException: Unable to read data from the transport connection: A operação de E/S foi anulada devido a uma saída de thread ou a uma requisição de aplicativo..
 ---> System.Net.Sockets.SocketException (995): A operação de E/S foi anulada devido a uma saída de thread ou a uma requisição de aplicativo.
   --- End of inner exception stack trace ---
   at System.Net.Sockets.Socket.AwaitableSocketAsyncEventArgs.System.Threading.Tasks.Sources.IValueTaskSource<System.Int32>.GetResult(Int16 token)
   at System.Net.Security.SslStream.EnsureFullTlsFrameAsync[TIOAdapter](CancellationToken cancellationToken, Int32 estimatedSize)
   at System.Runtime.CompilerServices.PoolingAsyncValueTaskMethodBuilder`1.StateMachineBox`1.System.Threading.Tasks.Sources.IValueTaskSource<TResult>.GetResult(Int16 token)
   at System.Net.Security.SslStream.ReadAsyncInternal[TIOAdapter](Memory`1 buffer, CancellationToken cancellationToken)
   at System.Runtime.CompilerServices.PoolingAsyncValueTaskMethodBuilder`1.StateMachineBox`1.System.Threading.Tasks.Sources.IValueTaskSource<TResult>.GetResult(Int16 token)
   at System.Net.Http.HttpConnection.SendAsync(HttpRequestMessage request, Boolean async, CancellationToken cancellationToken)
[2025-06-01 01:07:26Z ERR  BrokerServer] #####################################################
[2025-06-01 01:07:26Z ERR  BrokerServer] System.Net.Sockets.SocketException (995): A operação de E/S foi anulada devido a uma saída de thread ou a uma requisição de aplicativo.
[2025-06-01 01:07:26Z WARN BrokerServer] Back off 13,397 seconds before next retry. 4 attempt left.
[2025-06-01 01:07:26Z INFO BrokerMessageListener] Get messages has been cancelled using local token source. Continue to get messages with new status.
[2025-06-01 01:09:25Z INFO Terminal] WRITE LINE: Exiting...
[2025-06-01 01:09:25Z INFO ConfigurationStore] IsServiceConfigured()
[2025-06-01 01:09:25Z INFO ConfigurationStore] IsServiceConfigured: False
[2025-06-01 01:09:25Z INFO HostContext] Runner will be shutdown for UserCancelled
[2025-06-01 01:09:25Z WARN GitHubActionsService] GET request to https://broker.actions.githubusercontent.com/message?sessionId=74c4c409-150d-4ac7-8502-9aa8268cdedf&status=Online&runnerVersion=2.324.0&os=Windows&architecture=X64&disableUpdate=false has been cancelled.
[2025-06-01 01:09:25Z ERR  BrokerServer] Catch exception during request
[2025-06-01 01:09:25Z ERR  BrokerServer] System.Threading.Tasks.TaskCanceledException: The operation was canceled.
 ---> System.Threading.Tasks.TaskCanceledException: The operation was canceled.
 ---> System.IO.IOException: Unable to read data from the transport connection: A operação de E/S foi anulada devido a uma saída de thread ou a uma requisição de aplicativo..
 ---> System.Net.Sockets.SocketException (995): A operação de E/S foi anulada devido a uma saída de thread ou a uma requisição de aplicativo.
   --- End of inner exception stack trace ---
   at System.Net.Sockets.Socket.AwaitableSocketAsyncEventArgs.System.Threading.Tasks.Sources.IValueTaskSource<System.Int32>.GetResult(Int16 token)
   at System.Net.Security.SslStream.EnsureFullTlsFrameAsync[TIOAdapter](CancellationToken cancellationToken, Int32 estimatedSize)
   at System.Runtime.CompilerServices.PoolingAsyncValueTaskMethodBuilder`1.StateMachineBox`1.System.Threading.Tasks.Sources.IValueTaskSource<TResult>.GetResult(Int16 token)
   at System.Net.Security.SslStream.ReadAsyncInternal[TIOAdapter](Memory`1 buffer, CancellationToken cancellationToken)
   at System.Runtime.CompilerServices.PoolingAsyncValueTaskMethodBuilder`1.StateMachineBox`1.System.Threading.Tasks.Sources.IValueTaskSource<TResult>.GetResult(Int16 token)
   at System.Net.Http.HttpConnection.SendAsync(HttpRequestMessage request, Boolean async, CancellationToken cancellationToken)
   --- End of inner exception stack trace ---
   at System.Net.Http.HttpConnection.SendAsync(HttpRequestMessage request, Boolean async, CancellationToken cancellationToken)
   at System.Net.Http.AuthenticationHelper.SendWithNtAuthAsync(HttpRequestMessage request, Uri authUri, Boolean async, ICredentials credentials, Boolean isProxyAuth, HttpConnection connection, HttpConnectionPool connectionPool, CancellationToken cancellationToken)
   at System.Net.Http.HttpConnectionPool.SendWithVersionDetectionAndRetryAsync(HttpRequestMessage request, Boolean async, Boolean doRequestAuth, CancellationToken cancellationToken)
   at System.Net.Http.AuthenticationHelper.SendWithAuthAsync(HttpRequestMessage request, Uri authUri, Boolean async, ICredentials credentials, Boolean preAuthenticate, Boolean isProxyAuth, Boolean doRequestAuth, HttpConnectionPool pool, CancellationToken cancellationToken)
   at System.Net.Http.RedirectHandler.SendAsync(HttpRequestMessage request, Boolean async, CancellationToken cancellationToken)
   at GitHub.Services.Common.RawHttpMessageHandler.SendAsync(HttpRequestMessage request, CancellationToken cancellationToken)
   at GitHub.Services.Common.VssHttpRetryMessageHandler.SendAsync(HttpRequestMessage request, CancellationToken cancellationToken)
   at System.Net.Http.HttpClient.<SendAsync>g__Core|83_0(HttpRequestMessage request, HttpCompletionOption completionOption, CancellationTokenSource cts, Boolean disposeCts, CancellationTokenSource pendingRequestsCts, CancellationToken originalCancellationToken)
   --- End of inner exception stack trace ---
   at System.Net.Http.HttpClient.HandleFailure(Exception e, Boolean telemetryStarted, HttpResponseMessage response, CancellationTokenSource cts, CancellationToken cancellationToken, CancellationTokenSource pendingRequestsCts)
   at System.Net.Http.HttpClient.<SendAsync>g__Core|83_0(HttpRequestMessage request, HttpCompletionOption completionOption, CancellationTokenSource cts, Boolean disposeCts, CancellationTokenSource pendingRequestsCts, CancellationToken originalCancellationToken)
   at Sdk.WebApi.WebApi.RawHttpClientBase.SendAsync(HttpRequestMessage message, HttpCompletionOption completionOption, Object userState, CancellationToken cancellationToken)
   at Sdk.WebApi.WebApi.RawHttpClientBase.SendAsync[T](HttpRequestMessage message, Boolean readErrorBody, Object userState, CancellationToken cancellationToken)
   at Sdk.WebApi.WebApi.RawHttpClientBase.SendAsync[T](HttpMethod method, IEnumerable`1 additionalHeaders, Uri requestUri, HttpContent content, IEnumerable`1 queryParameters, Boolean readErrorBody, Object userState, CancellationToken cancellationToken)
   at GitHub.Actions.RunService.WebApi.BrokerHttpClient.GetRunnerMessageAsync(Nullable`1 sessionId, String runnerVersion, Nullable`1 status, String os, String architecture, Nullable`1 disableUpdate, CancellationToken cancellationToken)
   at GitHub.Runner.Common.BrokerServer.<>c__DisplayClass7_0.<<GetRunnerMessageAsync>b__0>d.MoveNext()
--- End of stack trace from previous location ---
   at GitHub.Runner.Common.RunnerService.RetryRequest[T](Func`1 func, CancellationToken cancellationToken, Int32 maxRetryAttemptsCount, Func`2 shouldRetry)
[2025-06-01 01:09:25Z ERR  BrokerServer] #####################################################
[2025-06-01 01:09:25Z ERR  BrokerServer] System.Threading.Tasks.TaskCanceledException: The operation was canceled.
 ---> System.IO.IOException: Unable to read data from the transport connection: A operação de E/S foi anulada devido a uma saída de thread ou a uma requisição de aplicativo..
 ---> System.Net.Sockets.SocketException (995): A operação de E/S foi anulada devido a uma saída de thread ou a uma requisição de aplicativo.
   --- End of inner exception stack trace ---
   at System.Net.Sockets.Socket.AwaitableSocketAsyncEventArgs.System.Threading.Tasks.Sources.IValueTaskSource<System.Int32>.GetResult(Int16 token)
   at System.Net.Security.SslStream.EnsureFullTlsFrameAsync[TIOAdapter](CancellationToken cancellationToken, Int32 estimatedSize)
   at System.Runtime.CompilerServices.PoolingAsyncValueTaskMethodBuilder`1.StateMachineBox`1.System.Threading.Tasks.Sources.IValueTaskSource<TResult>.GetResult(Int16 token)
   at System.Net.Security.SslStream.ReadAsyncInternal[TIOAdapter](Memory`1 buffer, CancellationToken cancellationToken)
   at System.Runtime.CompilerServices.PoolingAsyncValueTaskMethodBuilder`1.StateMachineBox`1.System.Threading.Tasks.Sources.IValueTaskSource<TResult>.GetResult(Int16 token)
   at System.Net.Http.HttpConnection.SendAsync(HttpRequestMessage request, Boolean async, CancellationToken cancellationToken)
   --- End of inner exception stack trace ---
   at System.Net.Http.HttpConnection.SendAsync(HttpRequestMessage request, Boolean async, CancellationToken cancellationToken)
   at System.Net.Http.AuthenticationHelper.SendWithNtAuthAsync(HttpRequestMessage request, Uri authUri, Boolean async, ICredentials credentials, Boolean isProxyAuth, HttpConnection connection, HttpConnectionPool connectionPool, CancellationToken cancellationToken)
   at System.Net.Http.HttpConnectionPool.SendWithVersionDetectionAndRetryAsync(HttpRequestMessage request, Boolean async, Boolean doRequestAuth, CancellationToken cancellationToken)
   at System.Net.Http.AuthenticationHelper.SendWithAuthAsync(HttpRequestMessage request, Uri authUri, Boolean async, ICredentials credentials, Boolean preAuthenticate, Boolean isProxyAuth, Boolean doRequestAuth, HttpConnectionPool pool, CancellationToken cancellationToken)
   at System.Net.Http.RedirectHandler.SendAsync(HttpRequestMessage request, Boolean async, CancellationToken cancellationToken)
   at GitHub.Services.Common.RawHttpMessageHandler.SendAsync(HttpRequestMessage request, CancellationToken cancellationToken)
   at GitHub.Services.Common.VssHttpRetryMessageHandler.SendAsync(HttpRequestMessage request, CancellationToken cancellationToken)
   at System.Net.Http.HttpClient.<SendAsync>g__Core|83_0(HttpRequestMessage request, HttpCompletionOption completionOption, CancellationTokenSource cts, Boolean disposeCts, CancellationTokenSource pendingRequestsCts, CancellationToken originalCancellationToken)
[2025-06-01 01:09:25Z ERR  BrokerServer] #####################################################
[2025-06-01 01:09:25Z ERR  BrokerServer] System.IO.IOException: Unable to read data from the transport connection: A operação de E/S foi anulada devido a uma saída de thread ou a uma requisição de aplicativo..
 ---> System.Net.Sockets.SocketException (995): A operação de E/S foi anulada devido a uma saída de thread ou a uma requisição de aplicativo.
   --- End of inner exception stack trace ---
   at System.Net.Sockets.Socket.AwaitableSocketAsyncEventArgs.System.Threading.Tasks.Sources.IValueTaskSource<System.Int32>.GetResult(Int16 token)
   at System.Net.Security.SslStream.EnsureFullTlsFrameAsync[TIOAdapter](CancellationToken cancellationToken, Int32 estimatedSize)
   at System.Runtime.CompilerServices.PoolingAsyncValueTaskMethodBuilder`1.StateMachineBox`1.System.Threading.Tasks.Sources.IValueTaskSource<TResult>.GetResult(Int16 token)
   at System.Net.Security.SslStream.ReadAsyncInternal[TIOAdapter](Memory`1 buffer, CancellationToken cancellationToken)
   at System.Runtime.CompilerServices.PoolingAsyncValueTaskMethodBuilder`1.StateMachineBox`1.System.Threading.Tasks.Sources.IValueTaskSource<TResult>.GetResult(Int16 token)
   at System.Net.Http.HttpConnection.SendAsync(HttpRequestMessage request, Boolean async, CancellationToken cancellationToken)
[2025-06-01 01:09:25Z ERR  BrokerServer] #####################################################
[2025-06-01 01:09:25Z ERR  BrokerServer] System.Net.Sockets.SocketException (995): A operação de E/S foi anulada devido a uma saída de thread ou a uma requisição de aplicativo.
[2025-06-01 01:09:25Z WARN BrokerServer] Back off 11,312 seconds before next retry. 4 attempt left.
[2025-06-01 01:09:25Z INFO BrokerMessageListener] Get next message has been cancelled.
[2025-06-01 01:09:25Z INFO JobDispatcher] Shutting down JobDispatcher. Make sure all WorkerDispatcher has finished.
[2025-06-01 01:09:25Z INFO JobDispatcher] Ensure WorkerDispatcher for job 09079189-180f-57a4-a56f-2bbd169fd2c3 run to finish, cancel any running job.
[2025-06-01 01:09:25Z INFO JobDispatcher] Job request 09079189-180f-57a4-a56f-2bbd169fd2c3 processed succeed.
[2025-06-01 01:09:25Z INFO Runner] Deleting Runner Session...
[2025-06-01 01:09:25Z INFO Listener] Runner execution been cancelled.
