[2025-06-05 15:29:17Z INFO HostContext] No proxy settings were found based on environmental variables (http_proxy/https_proxy/HTTP_PROXY/HTTPS_PROXY)
[2025-06-05 15:29:17Z INFO HostContext] Well known directory 'Bin': 'C:\Users\User\Renata\PosGraduacao\ProjetosJavaScript\pgats-ci-lab\actions-runner\bin'
[2025-06-05 15:29:17Z INFO HostContext] Well known directory 'Root': 'C:\Users\User\Renata\PosGraduacao\ProjetosJavaScript\pgats-ci-lab\actions-runner'
[2025-06-05 15:29:17Z INFO HostContext] Well known config file 'Credentials': 'C:\Users\User\Renata\PosGraduacao\ProjetosJavaScript\pgats-ci-lab\actions-runner\.credentials'
[2025-06-05 15:29:17Z INFO HostContext] Well known directory 'Bin': 'C:\Users\User\Renata\PosGraduacao\ProjetosJavaScript\pgats-ci-lab\actions-runner\bin'
[2025-06-05 15:29:17Z INFO HostContext] Well known directory 'Root': 'C:\Users\User\Renata\PosGraduacao\ProjetosJavaScript\pgats-ci-lab\actions-runner'
[2025-06-05 15:29:17Z INFO HostContext] Well known config file 'Runner': 'C:\Users\User\Renata\PosGraduacao\ProjetosJavaScript\pgats-ci-lab\actions-runner\.runner'
[2025-06-05 15:29:17Z INFO Listener] Runner is built for Windows (X64) - win-x64.
[2025-06-05 15:29:17Z INFO Listener] RuntimeInformation: Microsoft Windows 10.0.26100.
[2025-06-05 15:29:17Z INFO Listener] Version: 2.324.0
[2025-06-05 15:29:17Z INFO Listener] Commit: da3412efd49b1cf1a0fbdcbcee4e4ac4cc2177c8
[2025-06-05 15:29:17Z INFO Listener] Culture: pt-BR
[2025-06-05 15:29:17Z INFO Listener] UI Culture: pt-BR
[2025-06-05 15:29:17Z INFO HostContext] Well known directory 'Bin': 'C:\Users\User\Renata\PosGraduacao\ProjetosJavaScript\pgats-ci-lab\actions-runner\bin'
[2025-06-05 15:29:17Z INFO HostContext] Well known directory 'Root': 'C:\Users\User\Renata\PosGraduacao\ProjetosJavaScript\pgats-ci-lab\actions-runner'
[2025-06-05 15:29:17Z INFO Listener] Validating directory permissions for: 'C:\Users\User\Renata\PosGraduacao\ProjetosJavaScript\pgats-ci-lab\actions-runner'
[2025-06-05 15:29:17Z INFO CommandLineParser] Parse
[2025-06-05 15:29:17Z INFO CommandLineParser] Parsing 1 args
[2025-06-05 15:29:17Z INFO CommandLineParser] parsing argument
[2025-06-05 15:29:17Z INFO CommandLineParser] HasArgs: False
[2025-06-05 15:29:17Z INFO CommandLineParser] Adding Command: run
[2025-06-05 15:29:17Z INFO Listener] Arguments parsed
[2025-06-05 15:29:17Z INFO Runner] ExecuteCommand
[2025-06-05 15:29:17Z INFO ConfigurationStore] currentAssemblyLocation: C:\Users\User\Renata\PosGraduacao\ProjetosJavaScript\pgats-ci-lab\actions-runner\bin\Runner.Listener.dll
[2025-06-05 15:29:17Z INFO HostContext] Well known directory 'Bin': 'C:\Users\User\Renata\PosGraduacao\ProjetosJavaScript\pgats-ci-lab\actions-runner\bin'
[2025-06-05 15:29:17Z INFO ConfigurationStore] binPath: C:\Users\User\Renata\PosGraduacao\ProjetosJavaScript\pgats-ci-lab\actions-runner\bin
[2025-06-05 15:29:17Z INFO HostContext] Well known directory 'Bin': 'C:\Users\User\Renata\PosGraduacao\ProjetosJavaScript\pgats-ci-lab\actions-runner\bin'
[2025-06-05 15:29:17Z INFO HostContext] Well known directory 'Root': 'C:\Users\User\Renata\PosGraduacao\ProjetosJavaScript\pgats-ci-lab\actions-runner'
[2025-06-05 15:29:17Z INFO ConfigurationStore] RootFolder: C:\Users\User\Renata\PosGraduacao\ProjetosJavaScript\pgats-ci-lab\actions-runner
[2025-06-05 15:29:17Z INFO HostContext] Well known directory 'Bin': 'C:\Users\User\Renata\PosGraduacao\ProjetosJavaScript\pgats-ci-lab\actions-runner\bin'
[2025-06-05 15:29:17Z INFO HostContext] Well known directory 'Root': 'C:\Users\User\Renata\PosGraduacao\ProjetosJavaScript\pgats-ci-lab\actions-runner'
[2025-06-05 15:29:17Z INFO HostContext] Well known config file 'Runner': 'C:\Users\User\Renata\PosGraduacao\ProjetosJavaScript\pgats-ci-lab\actions-runner\.runner'
[2025-06-05 15:29:17Z INFO ConfigurationStore] ConfigFilePath: C:\Users\User\Renata\PosGraduacao\ProjetosJavaScript\pgats-ci-lab\actions-runner\.runner
[2025-06-05 15:29:17Z INFO HostContext] Well known directory 'Bin': 'C:\Users\User\Renata\PosGraduacao\ProjetosJavaScript\pgats-ci-lab\actions-runner\bin'
[2025-06-05 15:29:17Z INFO HostContext] Well known directory 'Root': 'C:\Users\User\Renata\PosGraduacao\ProjetosJavaScript\pgats-ci-lab\actions-runner'
[2025-06-05 15:29:17Z INFO HostContext] Well known config file 'MigratedRunner': 'C:\Users\User\Renata\PosGraduacao\ProjetosJavaScript\pgats-ci-lab\actions-runner\.runner_migrated'
[2025-06-05 15:29:17Z INFO ConfigurationStore] MigratedConfigFilePath: C:\Users\User\Renata\PosGraduacao\ProjetosJavaScript\pgats-ci-lab\actions-runner\.runner_migrated
[2025-06-05 15:29:17Z INFO HostContext] Well known directory 'Bin': 'C:\Users\User\Renata\PosGraduacao\ProjetosJavaScript\pgats-ci-lab\actions-runner\bin'
[2025-06-05 15:29:17Z INFO HostContext] Well known directory 'Root': 'C:\Users\User\Renata\PosGraduacao\ProjetosJavaScript\pgats-ci-lab\actions-runner'
[2025-06-05 15:29:17Z INFO HostContext] Well known config file 'Credentials': 'C:\Users\User\Renata\PosGraduacao\ProjetosJavaScript\pgats-ci-lab\actions-runner\.credentials'
[2025-06-05 15:29:17Z INFO ConfigurationStore] CredFilePath: C:\Users\User\Renata\PosGraduacao\ProjetosJavaScript\pgats-ci-lab\actions-runner\.credentials
[2025-06-05 15:29:17Z INFO HostContext] Well known directory 'Bin': 'C:\Users\User\Renata\PosGraduacao\ProjetosJavaScript\pgats-ci-lab\actions-runner\bin'
[2025-06-05 15:29:17Z INFO HostContext] Well known directory 'Root': 'C:\Users\User\Renata\PosGraduacao\ProjetosJavaScript\pgats-ci-lab\actions-runner'
[2025-06-05 15:29:17Z INFO HostContext] Well known config file 'MigratedCredentials': 'C:\Users\User\Renata\PosGraduacao\ProjetosJavaScript\pgats-ci-lab\actions-runner\.credentials_migrated'
[2025-06-05 15:29:17Z INFO ConfigurationStore] MigratedCredFilePath: C:\Users\User\Renata\PosGraduacao\ProjetosJavaScript\pgats-ci-lab\actions-runner\.credentials_migrated
[2025-06-05 15:29:17Z INFO HostContext] Well known directory 'Bin': 'C:\Users\User\Renata\PosGraduacao\ProjetosJavaScript\pgats-ci-lab\actions-runner\bin'
[2025-06-05 15:29:17Z INFO HostContext] Well known directory 'Root': 'C:\Users\User\Renata\PosGraduacao\ProjetosJavaScript\pgats-ci-lab\actions-runner'
[2025-06-05 15:29:17Z INFO HostContext] Well known config file 'Service': 'C:\Users\User\Renata\PosGraduacao\ProjetosJavaScript\pgats-ci-lab\actions-runner\.service'
[2025-06-05 15:29:17Z INFO ConfigurationStore] ServiceConfigFilePath: C:\Users\User\Renata\PosGraduacao\ProjetosJavaScript\pgats-ci-lab\actions-runner\.service
[2025-06-05 15:29:17Z INFO CommandSettings] Flag 'help': 'False'
[2025-06-05 15:29:17Z INFO CommandSettings] Flag 'version': 'False'
[2025-06-05 15:29:17Z INFO CommandSettings] Flag 'commit': 'False'
[2025-06-05 15:29:17Z INFO CommandSettings] Flag 'check': 'False'
[2025-06-05 15:29:17Z INFO CommandSettings] Command 'configure': 'False'
[2025-06-05 15:29:17Z INFO CommandSettings] Command 'remove': 'False'
[2025-06-05 15:29:17Z INFO CommandSettings] Command 'warmup': 'False'
[2025-06-05 15:29:17Z INFO ConfigurationManager] LoadSettings
[2025-06-05 15:29:17Z INFO ConfigurationStore] IsConfigured()
[2025-06-05 15:29:17Z INFO ConfigurationStore] IsConfigured: True
[2025-06-05 15:29:17Z INFO ConfigurationManager] Is configured: True
[2025-06-05 15:29:17Z INFO ConfigurationStore] Read setting file: 401 chars
[2025-06-05 15:29:17Z INFO ConfigurationManager] Settings Loaded
[2025-06-05 15:29:17Z INFO ConfigurationStore] IsServiceConfigured()
[2025-06-05 15:29:17Z INFO ConfigurationStore] IsServiceConfigured: False
[2025-06-05 15:29:17Z INFO CommandSettings] Command 'run': 'True'
[2025-06-05 15:29:17Z INFO ConfigurationStore] IsConfigured()
[2025-06-05 15:29:17Z INFO ConfigurationStore] IsConfigured: True
[2025-06-05 15:29:17Z INFO ConfigurationManager] Is configured: True
[2025-06-05 15:29:17Z INFO Runner] Could not parse the argument value '' for StartupType. Defaulting to Manual
[2025-06-05 15:29:17Z INFO Runner] Set runner startup type - Manual
[2025-06-05 15:29:17Z INFO CommandSettings] Flag 'once': 'False'
[2025-06-05 15:29:17Z INFO CommandSettings] Flag 'once': 'False'
[2025-06-05 15:29:17Z INFO Runner] RunAsync
[2025-06-05 15:29:17Z INFO ConfigurationManager] LoadMigratedSettings
[2025-06-05 15:29:17Z INFO ConfigurationStore] IsMigratedConfigured()
[2025-06-05 15:29:17Z INFO ConfigurationStore] IsMigratedConfigured: False
[2025-06-05 15:29:17Z INFO Runner] Failed to load migrated settings: No migrated configuration found.
[2025-06-05 15:29:17Z INFO Runner] Falling back to original .runner settings
[2025-06-05 15:29:17Z INFO Runner] Using BrokerMessageListener
[2025-06-05 15:29:17Z INFO BrokerMessageListener] Using provided settings
[2025-06-05 15:29:17Z INFO BrokerMessageListener] {
  "AgentId": 21,
  "AgentName": "DESKTOP-IF6UBGF",
  "PoolId": 1,
  "PoolName": "Default",
  "ServerUrl": "https://pipelinesghubeus7.actions.githubusercontent.com/K38grThfgeu9BNF8KZFcPq67vOE02c1BvVGacPZlwXudDXW5Pj/",
  "GitHubUrl": "https://github.com/Renatacpf/pgats-ci-lab",
  "WorkFolder": "_work",
  "UseV2Flow": true,
  "ServerUrlV2": "https://broker.actions.githubusercontent.com/"
}
[2025-06-05 15:29:17Z INFO BrokerMessageListener] Loading Credentials
[2025-06-05 15:29:17Z INFO ConfigurationStore] HasCredentials()
[2025-06-05 15:29:17Z INFO ConfigurationStore] stored True
[2025-06-05 15:29:17Z INFO CredentialManager] GetCredentialProvider
[2025-06-05 15:29:17Z INFO CredentialManager] Creating type OAuth
[2025-06-05 15:29:17Z INFO CredentialManager] Creating credential type: OAuth
[2025-06-05 15:29:17Z INFO HostContext] Well known directory 'Bin': 'C:\Users\User\Renata\PosGraduacao\ProjetosJavaScript\pgats-ci-lab\actions-runner\bin'
[2025-06-05 15:29:17Z INFO HostContext] Well known directory 'Root': 'C:\Users\User\Renata\PosGraduacao\ProjetosJavaScript\pgats-ci-lab\actions-runner'
[2025-06-05 15:29:17Z INFO HostContext] Well known config file 'RSACredentials': 'C:\Users\User\Renata\PosGraduacao\ProjetosJavaScript\pgats-ci-lab\actions-runner\.credentials_rsaparams'
[2025-06-05 15:29:17Z INFO RSAEncryptedFileKeyManager] Loading RSA key parameters from file C:\Users\User\Renata\PosGraduacao\ProjetosJavaScript\pgats-ci-lab\actions-runner\.credentials_rsaparams
[2025-06-05 15:29:17Z INFO BrokerMessageListener] Attempt to create session.
[2025-06-05 15:29:17Z INFO BrokerMessageListener] Connecting to the Broker Server...
[2025-06-05 15:29:17Z INFO ConfigurationStore] HasCredentials()
[2025-06-05 15:29:17Z INFO ConfigurationStore] stored True
[2025-06-05 15:29:17Z INFO CredentialManager] GetCredentialProvider
[2025-06-05 15:29:17Z INFO CredentialManager] Creating type OAuth
[2025-06-05 15:29:17Z INFO CredentialManager] Creating credential type: OAuth
[2025-06-05 15:29:17Z INFO RSAEncryptedFileKeyManager] Loading RSA key parameters from file C:\Users\User\Renata\PosGraduacao\ProjetosJavaScript\pgats-ci-lab\actions-runner\.credentials_rsaparams
[2025-06-05 15:29:17Z INFO BrokerMessageListener] VssConnection created
[2025-06-05 15:29:17Z INFO BrokerMessageListener] Connecting to the Runner server...
[2025-06-05 15:29:17Z INFO RunnerServer] EstablishVssConnection
[2025-06-05 15:29:17Z INFO RunnerServer] Establish connection with 100 seconds timeout.
[2025-06-05 15:29:17Z INFO GitHubActionsService] Starting operation Location.GetConnectionData
[2025-06-05 15:29:17Z INFO RunnerServer] EstablishVssConnection
[2025-06-05 15:29:17Z INFO RunnerServer] Establish connection with 60 seconds timeout.
[2025-06-05 15:29:17Z INFO GitHubActionsService] Starting operation Location.GetConnectionData
[2025-06-05 15:29:17Z INFO RunnerServer] EstablishVssConnection
[2025-06-05 15:29:17Z INFO RunnerServer] Establish connection with 60 seconds timeout.
[2025-06-05 15:29:17Z INFO GitHubActionsService] Starting operation Location.GetConnectionData
[2025-06-05 15:29:18Z INFO GitHubActionsService] Finished operation Location.GetConnectionData
[2025-06-05 15:29:18Z INFO GitHubActionsService] Finished operation Location.GetConnectionData
[2025-06-05 15:29:18Z INFO GitHubActionsService] Finished operation Location.GetConnectionData
[2025-06-05 15:29:18Z INFO BrokerMessageListener] VssConnection created
[2025-06-05 15:29:18Z INFO Terminal] WRITE LINE: 
[2025-06-05 15:29:18Z INFO Terminal] WRITE LINE: 
[2025-06-05 15:29:18Z INFO RSAEncryptedFileKeyManager] Loading RSA key parameters from file C:\Users\User\Renata\PosGraduacao\ProjetosJavaScript\pgats-ci-lab\actions-runner\.credentials_rsaparams
[2025-06-05 15:29:18Z INFO RSAEncryptedFileKeyManager] Loading RSA key parameters from file C:\Users\User\Renata\PosGraduacao\ProjetosJavaScript\pgats-ci-lab\actions-runner\.credentials_rsaparams
[2025-06-05 15:29:19Z INFO GitHubActionsService] AAD Correlation ID for this token request: Unknown
[2025-06-05 15:29:19Z INFO BrokerMessageListener] Session created.
[2025-06-05 15:29:19Z INFO Terminal] WRITE LINE: Current runner version: '2.324.0'
[2025-06-05 15:29:19Z INFO Terminal] WRITE LINE: 2025-06-05 15:29:19Z: Listening for Jobs
[2025-06-05 15:29:20Z INFO JobDispatcher] Set runner/worker IPC timeout to 30 seconds.
[2025-06-05 15:29:39Z INFO ConfigurationStore] HasCredentials()
[2025-06-05 15:29:39Z INFO ConfigurationStore] stored True
[2025-06-05 15:29:39Z INFO CredentialManager] GetCredentialProvider
[2025-06-05 15:29:39Z INFO CredentialManager] Creating type OAuth
[2025-06-05 15:29:39Z INFO CredentialManager] Creating credential type: OAuth
[2025-06-05 15:29:39Z INFO RSAEncryptedFileKeyManager] Loading RSA key parameters from file C:\Users\User\Renata\PosGraduacao\ProjetosJavaScript\pgats-ci-lab\actions-runner\.credentials_rsaparams
[2025-06-05 15:29:39Z INFO RSAEncryptedFileKeyManager] Loading RSA key parameters from file C:\Users\User\Renata\PosGraduacao\ProjetosJavaScript\pgats-ci-lab\actions-runner\.credentials_rsaparams
[2025-06-05 15:29:39Z INFO RSAEncryptedFileKeyManager] Loading RSA key parameters from file C:\Users\User\Renata\PosGraduacao\ProjetosJavaScript\pgats-ci-lab\actions-runner\.credentials_rsaparams
[2025-06-05 15:29:40Z INFO GitHubActionsService] AAD Correlation ID for this token request: Unknown
[2025-06-05 15:29:41Z INFO JobDispatcher] Job request 0 for plan da7f9ed6-c3a4-48c0-b101-af589052736b job 1c1b6cf9-2286-5f95-81c3-100ad9edd3e6 received.
[2025-06-05 15:29:41Z INFO BrokerMessageListener] Received job status event. JobState: Busy
[2025-06-05 15:29:41Z INFO BrokerMessageListener] _getMessagesTokenSource is already disposed.
[2025-06-05 15:29:41Z INFO Terminal] WRITE LINE: 2025-06-05 15:29:41Z: Running job: e2e-tests
[2025-06-05 15:29:41Z INFO JobDispatcher] Start renew job request 0 for job 1c1b6cf9-2286-5f95-81c3-100ad9edd3e6.
[2025-06-05 15:29:41Z INFO JobDispatcher] Successfully renew job 1c1b6cf9-2286-5f95-81c3-100ad9edd3e6, job is valid till 05/06/2025 15:39:42
[2025-06-05 15:29:41Z INFO HostContext] Well known directory 'Bin': 'C:\Users\User\Renata\PosGraduacao\ProjetosJavaScript\pgats-ci-lab\actions-runner\bin'
[2025-06-05 15:29:41Z INFO ProcessInvokerWrapper] Starting process:
[2025-06-05 15:29:41Z INFO ProcessInvokerWrapper]   File name: 'C:\Users\User\Renata\PosGraduacao\ProjetosJavaScript\pgats-ci-lab\actions-runner\bin\Runner.Worker.exe'
[2025-06-05 15:29:41Z INFO ProcessInvokerWrapper]   Arguments: 'spawnclient 2256 2268'
[2025-06-05 15:29:41Z INFO ProcessInvokerWrapper]   Working directory: 'C:\Users\User\Renata\PosGraduacao\ProjetosJavaScript\pgats-ci-lab\actions-runner\bin'
[2025-06-05 15:29:41Z INFO ProcessInvokerWrapper]   Require exit code zero: 'False'
[2025-06-05 15:29:41Z INFO ProcessInvokerWrapper]   Encoding web name:  ; code page: ''
[2025-06-05 15:29:41Z INFO ProcessInvokerWrapper]   Force kill process on cancellation: 'True'
[2025-06-05 15:29:41Z INFO ProcessInvokerWrapper]   Redirected STDIN: 'False'
[2025-06-05 15:29:41Z INFO ProcessInvokerWrapper]   Persist current code page: 'False'
[2025-06-05 15:29:41Z INFO ProcessInvokerWrapper]   Keep redirected STDIN open: 'False'
[2025-06-05 15:29:41Z INFO ProcessInvokerWrapper]   High priority process: 'True'
[2025-06-05 15:29:41Z INFO ProcessInvokerWrapper] Process started with process id 2028, waiting for process exit.
[2025-06-05 15:29:41Z INFO JobDispatcher] Send job request message to worker for job 1c1b6cf9-2286-5f95-81c3-100ad9edd3e6.
[2025-06-05 15:29:42Z INFO ProcessChannel] Sending message of length 25022, with hash 'abd8506788a16b285539ab0cee5daaa10459113e03b279e5b309458a58f1c0cd'
[2025-06-05 15:29:42Z INFO JobNotification] Entering JobStarted Notification
[2025-06-05 15:29:42Z INFO JobNotification] Entering StartMonitor
[2025-06-05 15:30:42Z INFO JobDispatcher] Successfully renew job 1c1b6cf9-2286-5f95-81c3-100ad9edd3e6, job is valid till 05/06/2025 15:40:43
[2025-06-05 15:30:51Z INFO Runner] Refresh message received, kick-off selfupdate background process.
[2025-06-05 15:30:52Z INFO RSAEncryptedFileKeyManager] Loading RSA key parameters from file C:\Users\User\Renata\PosGraduacao\ProjetosJavaScript\pgats-ci-lab\actions-runner\.credentials_rsaparams
[2025-06-05 15:30:52Z INFO RSAEncryptedFileKeyManager] Loading RSA key parameters from file C:\Users\User\Renata\PosGraduacao\ProjetosJavaScript\pgats-ci-lab\actions-runner\.credentials_rsaparams
[2025-06-05 15:30:52Z INFO GitHubActionsService] AAD Correlation ID for this token request: Unknown
[2025-06-05 15:30:52Z INFO SelfUpdater] Version '2.325.0' of 'agent' package available in server.
[2025-06-05 15:30:52Z INFO SelfUpdater] Current running runner version is 2.324.0
[2025-06-05 15:30:52Z INFO SelfUpdater] An update is available.
[2025-06-05 15:30:52Z INFO Terminal] WRITE LINE: Runner update in progress, do not shutdown runner.
[2025-06-05 15:30:52Z INFO SelfUpdater] RunnerPlatform: win-x64
[2025-06-05 15:30:52Z INFO Terminal] WRITE LINE: Downloading 2.325.0 runner
[2025-06-05 15:30:53Z INFO HostContext] Well known directory 'Bin': 'C:\Users\User\Renata\PosGraduacao\ProjetosJavaScript\pgats-ci-lab\actions-runner\bin'
[2025-06-05 15:30:53Z INFO HostContext] Well known directory 'Root': 'C:\Users\User\Renata\PosGraduacao\ProjetosJavaScript\pgats-ci-lab\actions-runner'
[2025-06-05 15:30:53Z INFO HostContext] Well known directory 'Work': 'C:\Users\User\Renata\PosGraduacao\ProjetosJavaScript\pgats-ci-lab\actions-runner\_work'
[2025-06-05 15:30:53Z INFO SelfUpdater] Attempt 1: save latest runner into C:\Users\User\Renata\PosGraduacao\ProjetosJavaScript\pgats-ci-lab\actions-runner\_work\_update\runner1.zip.
[2025-06-05 15:30:53Z INFO SelfUpdater] Download runner: begin download
[2025-06-05 15:30:53Z INFO SelfUpdater] Downloading https://github.com/actions/runner/releases/download/v2.325.0/actions-runner-win-x64-2.325.0.zip
[2025-06-05 15:31:00Z INFO SelfUpdater] Download runner: finished download
[2025-06-05 15:31:05Z INFO SelfUpdater] Validated Runner Hash matches C:\Users\User\Renata\PosGraduacao\ProjetosJavaScript\pgats-ci-lab\actions-runner\_work\_update\runner1.zip : 8601aa56828c084b29bdfda574af1fcde0943ce275fdbafb3e6d4a8611245b1b
[2025-06-05 15:31:09Z INFO SelfUpdater] Finished getting latest runner package at: C:\Users\User\Renata\PosGraduacao\ProjetosJavaScript\pgats-ci-lab\actions-runner\_work\_update.
[2025-06-05 15:31:09Z INFO HostContext] Well known directory 'Bin': 'C:\Users\User\Renata\PosGraduacao\ProjetosJavaScript\pgats-ci-lab\actions-runner\bin'
[2025-06-05 15:31:09Z INFO HostContext] Well known directory 'Root': 'C:\Users\User\Renata\PosGraduacao\ProjetosJavaScript\pgats-ci-lab\actions-runner'
[2025-06-05 15:31:09Z INFO SelfUpdater] Copy C:\Users\User\Renata\PosGraduacao\ProjetosJavaScript\pgats-ci-lab\actions-runner\_work\_update\bin to C:\Users\User\Renata\PosGraduacao\ProjetosJavaScript\pgats-ci-lab\actions-runner\bin.2.325.0.
[2025-06-05 15:31:09Z INFO HostContext] Well known directory 'Bin': 'C:\Users\User\Renata\PosGraduacao\ProjetosJavaScript\pgats-ci-lab\actions-runner\bin'
[2025-06-05 15:31:09Z INFO HostContext] Well known directory 'Root': 'C:\Users\User\Renata\PosGraduacao\ProjetosJavaScript\pgats-ci-lab\actions-runner'
[2025-06-05 15:31:09Z INFO SelfUpdater] Copy C:\Users\User\Renata\PosGraduacao\ProjetosJavaScript\pgats-ci-lab\actions-runner\_work\_update\externals to C:\Users\User\Renata\PosGraduacao\ProjetosJavaScript\pgats-ci-lab\actions-runner\externals.2.325.0.
[2025-06-05 15:31:10Z INFO SelfUpdater] Copy any remaining .sh/.cmd files into runner root.
[2025-06-05 15:31:10Z INFO HostContext] Well known directory 'Bin': 'C:\Users\User\Renata\PosGraduacao\ProjetosJavaScript\pgats-ci-lab\actions-runner\bin'
[2025-06-05 15:31:10Z INFO HostContext] Well known directory 'Root': 'C:\Users\User\Renata\PosGraduacao\ProjetosJavaScript\pgats-ci-lab\actions-runner'
[2025-06-05 15:31:10Z INFO SelfUpdater] Copy C:\Users\User\Renata\PosGraduacao\ProjetosJavaScript\pgats-ci-lab\actions-runner\_work\_update\config.cmd to C:\Users\User\Renata\PosGraduacao\ProjetosJavaScript\pgats-ci-lab\actions-runner\config.cmd
[2025-06-05 15:31:10Z INFO HostContext] Well known directory 'Bin': 'C:\Users\User\Renata\PosGraduacao\ProjetosJavaScript\pgats-ci-lab\actions-runner\bin'
[2025-06-05 15:31:10Z INFO HostContext] Well known directory 'Root': 'C:\Users\User\Renata\PosGraduacao\ProjetosJavaScript\pgats-ci-lab\actions-runner'
[2025-06-05 15:31:10Z INFO SelfUpdater] Copy C:\Users\User\Renata\PosGraduacao\ProjetosJavaScript\pgats-ci-lab\actions-runner\_work\_update\run-helper.cmd.template to C:\Users\User\Renata\PosGraduacao\ProjetosJavaScript\pgats-ci-lab\actions-runner\run-helper.cmd.template
[2025-06-05 15:31:10Z INFO HostContext] Well known directory 'Bin': 'C:\Users\User\Renata\PosGraduacao\ProjetosJavaScript\pgats-ci-lab\actions-runner\bin'
[2025-06-05 15:31:10Z INFO HostContext] Well known directory 'Root': 'C:\Users\User\Renata\PosGraduacao\ProjetosJavaScript\pgats-ci-lab\actions-runner'
[2025-06-05 15:31:10Z INFO SelfUpdater] Copy C:\Users\User\Renata\PosGraduacao\ProjetosJavaScript\pgats-ci-lab\actions-runner\_work\_update\run-helper.sh.template to C:\Users\User\Renata\PosGraduacao\ProjetosJavaScript\pgats-ci-lab\actions-runner\run-helper.sh.template
[2025-06-05 15:31:10Z INFO HostContext] Well known directory 'Bin': 'C:\Users\User\Renata\PosGraduacao\ProjetosJavaScript\pgats-ci-lab\actions-runner\bin'
[2025-06-05 15:31:10Z INFO HostContext] Well known directory 'Root': 'C:\Users\User\Renata\PosGraduacao\ProjetosJavaScript\pgats-ci-lab\actions-runner'
[2025-06-05 15:31:10Z INFO SelfUpdater] Copy C:\Users\User\Renata\PosGraduacao\ProjetosJavaScript\pgats-ci-lab\actions-runner\_work\_update\run.cmd to C:\Users\User\Renata\PosGraduacao\ProjetosJavaScript\pgats-ci-lab\actions-runner\run.cmd
[2025-06-05 15:31:10Z INFO SelfUpdater] Download latest runner and unzip into runner root.
[2025-06-05 15:31:10Z INFO Terminal] WRITE LINE: Waiting for current job finish running.
[2025-06-05 15:31:10Z INFO SelfUpdater] DownloadUrl: https://github.com/actions/runner/releases/download/v2.325.0/actions-runner-win-x64-2.325.0.zip
[2025-06-05 15:31:10Z INFO SelfUpdater] PackageDownloadTime: 7728ms
[2025-06-05 15:31:10Z INFO SelfUpdater] Attempts: 1
[2025-06-05 15:31:10Z INFO SelfUpdater] PackageSize: 60MB
[2025-06-05 15:31:10Z INFO SelfUpdater] ValidateHashTime: 4781ms
[2025-06-05 15:31:10Z INFO SelfUpdater] PackageExtractTime: 3761ms
[2025-06-05 15:31:10Z INFO SelfUpdater] CopyRunnerToRootTime: 786ms
[2025-06-05 15:31:10Z INFO JobDispatcher] Waiting WorkerDispatcher for job 1c1b6cf9-2286-5f95-81c3-100ad9edd3e6 run to finish.
[2025-06-05 15:31:42Z INFO JobDispatcher] Successfully renew job 1c1b6cf9-2286-5f95-81c3-100ad9edd3e6, job is valid till 05/06/2025 15:41:43
[2025-06-05 15:32:35Z INFO ProcessInvokerWrapper] STDOUT/STDERR stream read finished.
[2025-06-05 15:32:35Z INFO ProcessInvokerWrapper] STDOUT/STDERR stream read finished.
[2025-06-05 15:32:35Z INFO ProcessInvokerWrapper] Finished process 2028 with exit code 100, and elapsed time 00:02:53.6718723.
[2025-06-05 15:32:35Z INFO JobDispatcher] Worker finished for job 1c1b6cf9-2286-5f95-81c3-100ad9edd3e6. Code: 100
[2025-06-05 15:32:35Z INFO JobDispatcher] finish job request for job 1c1b6cf9-2286-5f95-81c3-100ad9edd3e6 with result: Succeeded
[2025-06-05 15:32:35Z INFO Terminal] WRITE LINE: 2025-06-05 15:32:35Z: Job e2e-tests completed with result: Succeeded
[2025-06-05 15:32:35Z INFO JobDispatcher] Stop renew job request for job 1c1b6cf9-2286-5f95-81c3-100ad9edd3e6.
[2025-06-05 15:32:35Z INFO JobDispatcher] job renew has been cancelled, stop renew job 1c1b6cf9-2286-5f95-81c3-100ad9edd3e6.
[2025-06-05 15:32:35Z INFO JobNotification] Entering JobCompleted Notification
[2025-06-05 15:32:35Z INFO JobNotification] Entering EndMonitor
[2025-06-05 15:32:35Z INFO BrokerMessageListener] Received job status event. JobState: Online
[2025-06-05 15:32:35Z INFO JobDispatcher] Job request 1c1b6cf9-2286-5f95-81c3-100ad9edd3e6 processed succeed.
[2025-06-05 15:32:35Z INFO SelfUpdater] All running job has exited.
[2025-06-05 15:32:35Z WARN GitHubActionsService] GET request to https://broker.actions.githubusercontent.com/message?sessionId=bc4d8152-98a1-490f-a315-7201e58fe36f&status=Busy&runnerVersion=2.324.0&os=Windows&architecture=X64&disableUpdate=false has been cancelled.
[2025-06-05 15:32:35Z INFO HostContext] Well known directory 'Bin': 'C:\Users\User\Renata\PosGraduacao\ProjetosJavaScript\pgats-ci-lab\actions-runner\bin'
[2025-06-05 15:32:35Z INFO HostContext] Well known directory 'Root': 'C:\Users\User\Renata\PosGraduacao\ProjetosJavaScript\pgats-ci-lab\actions-runner'
[2025-06-05 15:32:35Z ERR  BrokerServer] Catch exception during request
[2025-06-05 15:32:35Z INFO HostContext] Well known directory 'Bin': 'C:\Users\User\Renata\PosGraduacao\ProjetosJavaScript\pgats-ci-lab\actions-runner\bin'
[2025-06-05 15:32:35Z INFO HostContext] Well known directory 'Root': 'C:\Users\User\Renata\PosGraduacao\ProjetosJavaScript\pgats-ci-lab\actions-runner'
[2025-06-05 15:32:35Z INFO HostContext] Well known directory 'Bin': 'C:\Users\User\Renata\PosGraduacao\ProjetosJavaScript\pgats-ci-lab\actions-runner\bin'
[2025-06-05 15:32:35Z INFO HostContext] Well known directory 'Root': 'C:\Users\User\Renata\PosGraduacao\ProjetosJavaScript\pgats-ci-lab\actions-runner'
[2025-06-05 15:32:35Z INFO HostContext] Well known directory 'Bin': 'C:\Users\User\Renata\PosGraduacao\ProjetosJavaScript\pgats-ci-lab\actions-runner\bin'
[2025-06-05 15:32:35Z INFO HostContext] Well known directory 'Root': 'C:\Users\User\Renata\PosGraduacao\ProjetosJavaScript\pgats-ci-lab\actions-runner'
[2025-06-05 15:32:35Z INFO HostContext] Well known directory 'Bin': 'C:\Users\User\Renata\PosGraduacao\ProjetosJavaScript\pgats-ci-lab\actions-runner\bin'
[2025-06-05 15:32:35Z INFO HostContext] Well known directory 'Root': 'C:\Users\User\Renata\PosGraduacao\ProjetosJavaScript\pgats-ci-lab\actions-runner'
[2025-06-05 15:32:35Z INFO HostContext] Well known directory 'Bin': 'C:\Users\User\Renata\PosGraduacao\ProjetosJavaScript\pgats-ci-lab\actions-runner\bin'
[2025-06-05 15:32:35Z INFO HostContext] Well known directory 'Root': 'C:\Users\User\Renata\PosGraduacao\ProjetosJavaScript\pgats-ci-lab\actions-runner'
[2025-06-05 15:32:35Z INFO HostContext] Well known directory 'Bin': 'C:\Users\User\Renata\PosGraduacao\ProjetosJavaScript\pgats-ci-lab\actions-runner\bin'
[2025-06-05 15:32:35Z INFO HostContext] Well known directory 'Root': 'C:\Users\User\Renata\PosGraduacao\ProjetosJavaScript\pgats-ci-lab\actions-runner'
[2025-06-05 15:32:35Z INFO HostContext] Well known directory 'Bin': 'C:\Users\User\Renata\PosGraduacao\ProjetosJavaScript\pgats-ci-lab\actions-runner\bin'
[2025-06-05 15:32:35Z INFO HostContext] Well known directory 'Root': 'C:\Users\User\Renata\PosGraduacao\ProjetosJavaScript\pgats-ci-lab\actions-runner'
[2025-06-05 15:32:35Z INFO HostContext] Well known directory 'Bin': 'C:\Users\User\Renata\PosGraduacao\ProjetosJavaScript\pgats-ci-lab\actions-runner\bin'
[2025-06-05 15:32:35Z INFO HostContext] Well known directory 'Root': 'C:\Users\User\Renata\PosGraduacao\ProjetosJavaScript\pgats-ci-lab\actions-runner'
[2025-06-05 15:32:35Z INFO HostContext] Well known directory 'Bin': 'C:\Users\User\Renata\PosGraduacao\ProjetosJavaScript\pgats-ci-lab\actions-runner\bin'
[2025-06-05 15:32:35Z INFO HostContext] Well known directory 'Root': 'C:\Users\User\Renata\PosGraduacao\ProjetosJavaScript\pgats-ci-lab\actions-runner'
[2025-06-05 15:32:35Z INFO HostContext] Well known directory 'Bin': 'C:\Users\User\Renata\PosGraduacao\ProjetosJavaScript\pgats-ci-lab\actions-runner\bin'
[2025-06-05 15:32:35Z INFO HostContext] Well known directory 'Root': 'C:\Users\User\Renata\PosGraduacao\ProjetosJavaScript\pgats-ci-lab\actions-runner'
[2025-06-05 15:32:35Z INFO SelfUpdater] Delete old version runner backup.
[2025-06-05 15:32:35Z INFO Terminal] WRITE LINE: Generate and execute update script.
[2025-06-05 15:32:35Z INFO SelfUpdater] DeleteRunnerBackupTime: 1ms
[2025-06-05 15:32:35Z ERR  BrokerServer] System.Threading.Tasks.TaskCanceledException: The operation was canceled.
 ---> System.Threading.Tasks.TaskCanceledException: The operation was canceled.
 ---> System.IO.IOException: Unable to read data from the transport connection: A operação de E/S foi anulada devido a uma saída de thread ou a uma requisição de aplicativo..
 ---> System.Net.Sockets.SocketException (995): A operação de E/S foi anulada devido a uma saída de thread ou a uma requisição de aplicativo.
   --- End of inner exception stack trace ---
   at System.Net.Sockets.Socket.AwaitableSocketAsyncEventArgs.ThrowException(SocketError error, CancellationToken cancellationToken)
   at System.Net.Sockets.Socket.AwaitableSocketAsyncEventArgs.System.Threading.Tasks.Sources.IValueTaskSource<System.Int32>.GetResult(Int16 token)
   at System.Net.Security.SslStream.EnsureFullTlsFrameAsync[TIOAdapter](CancellationToken cancellationToken, Int32 estimatedSize)
   at System.Runtime.CompilerServices.PoolingAsyncValueTaskMethodBuilder`1.StateMachineBox`1.System.Threading.Tasks.Sources.IValueTaskSource<TResult>.GetResult(Int16 token)
   at System.Net.Security.SslStream.ReadAsyncInternal[TIOAdapter](Memory`1 buffer, CancellationToken cancellationToken)
   at System.Runtime.CompilerServices.PoolingAsyncValueTaskMethodBuilder`1.StateMachineBox`1.System.Threading.Tasks.Sources.IValueTaskSource<TResult>.GetResult(Int16 token)
   at System.Net.Http.HttpConnection.SendAsync(HttpRequestMessage request, Boolean async, CancellationToken cancellationToken)
   --- End of inner exception stack trace ---
   at System.Net.Http.HttpConnection.SendAsync(HttpRequestMessage request, Boolean async, CancellationToken cancellationToken)
   at System.Net.Http.AuthenticationHelper.SendWithNtAuthAsync(HttpRequestMessage request, Uri authUri, Boolean async, ICredentials credentials, Boolean isProxyAuth, HttpConnection connection, HttpConnectionPool connectionPool, CancellationToken cancellationToken)
   at System.Net.Http.HttpConnectionPool.SendWithVersionDetectionAndRetryAsync(HttpRequestMessage request, Boolean async, Boolean doRequestAuth, CancellationToken cancellationToken)
   at System.Net.Http.AuthenticationHelper.SendWithAuthAsync(HttpRequestMessage request, Uri authUri, Boolean async, ICredentials credentials, Boolean preAuthenticate, Boolean isProxyAuth, Boolean doRequestAuth, HttpConnectionPool pool, CancellationToken cancellationToken)
   at System.Net.Http.RedirectHandler.SendAsync(HttpRequestMessage request, Boolean async, CancellationToken cancellationToken)
   at GitHub.Services.Common.RawHttpMessageHandler.SendAsync(HttpRequestMessage request, CancellationToken cancellationToken)
   at GitHub.Services.Common.VssHttpRetryMessageHandler.SendAsync(HttpRequestMessage request, CancellationToken cancellationToken)
   at System.Net.Http.HttpClient.<SendAsync>g__Core|83_0(HttpRequestMessage request, HttpCompletionOption completionOption, CancellationTokenSource cts, Boolean disposeCts, CancellationTokenSource pendingRequestsCts, CancellationToken originalCancellationToken)
   --- End of inner exception stack trace ---
   at System.Net.Http.HttpClient.HandleFailure(Exception e, Boolean telemetryStarted, HttpResponseMessage response, CancellationTokenSource cts, CancellationToken cancellationToken, CancellationTokenSource pendingRequestsCts)
   at System.Net.Http.HttpClient.<SendAsync>g__Core|83_0(HttpRequestMessage request, HttpCompletionOption completionOption, CancellationTokenSource cts, Boolean disposeCts, CancellationTokenSource pendingRequestsCts, CancellationToken originalCancellationToken)
   at Sdk.WebApi.WebApi.RawHttpClientBase.SendAsync(HttpRequestMessage message, HttpCompletionOption completionOption, Object userState, CancellationToken cancellationToken)
   at Sdk.WebApi.WebApi.RawHttpClientBase.SendAsync[T](HttpRequestMessage message, Boolean readErrorBody, Object userState, CancellationToken cancellationToken)
   at Sdk.WebApi.WebApi.RawHttpClientBase.SendAsync[T](HttpMethod method, IEnumerable`1 additionalHeaders, Uri requestUri, HttpContent content, IEnumerable`1 queryParameters, Boolean readErrorBody, Object userState, CancellationToken cancellationToken)
   at GitHub.Actions.RunService.WebApi.BrokerHttpClient.GetRunnerMessageAsync(Nullable`1 sessionId, String runnerVersion, Nullable`1 status, String os, String architecture, Nullable`1 disableUpdate, CancellationToken cancellationToken)
   at GitHub.Runner.Common.BrokerServer.<>c__DisplayClass7_0.<<GetRunnerMessageAsync>b__0>d.MoveNext()
--- End of stack trace from previous location ---
   at GitHub.Runner.Common.RunnerService.RetryRequest[T](Func`1 func, CancellationToken cancellationToken, Int32 maxRetryAttemptsCount, Func`2 shouldRetry)
[2025-06-05 15:32:35Z ERR  BrokerServer] #####################################################
[2025-06-05 15:32:35Z ERR  BrokerServer] System.Threading.Tasks.TaskCanceledException: The operation was canceled.
 ---> System.IO.IOException: Unable to read data from the transport connection: A operação de E/S foi anulada devido a uma saída de thread ou a uma requisição de aplicativo..
 ---> System.Net.Sockets.SocketException (995): A operação de E/S foi anulada devido a uma saída de thread ou a uma requisição de aplicativo.
   --- End of inner exception stack trace ---
   at System.Net.Sockets.Socket.AwaitableSocketAsyncEventArgs.ThrowException(SocketError error, CancellationToken cancellationToken)
   at System.Net.Sockets.Socket.AwaitableSocketAsyncEventArgs.System.Threading.Tasks.Sources.IValueTaskSource<System.Int32>.GetResult(Int16 token)
   at System.Net.Security.SslStream.EnsureFullTlsFrameAsync[TIOAdapter](CancellationToken cancellationToken, Int32 estimatedSize)
   at System.Runtime.CompilerServices.PoolingAsyncValueTaskMethodBuilder`1.StateMachineBox`1.System.Threading.Tasks.Sources.IValueTaskSource<TResult>.GetResult(Int16 token)
   at System.Net.Security.SslStream.ReadAsyncInternal[TIOAdapter](Memory`1 buffer, CancellationToken cancellationToken)
   at System.Runtime.CompilerServices.PoolingAsyncValueTaskMethodBuilder`1.StateMachineBox`1.System.Threading.Tasks.Sources.IValueTaskSource<TResult>.GetResult(Int16 token)
   at System.Net.Http.HttpConnection.SendAsync(HttpRequestMessage request, Boolean async, CancellationToken cancellationToken)
   --- End of inner exception stack trace ---
   at System.Net.Http.HttpConnection.SendAsync(HttpRequestMessage request, Boolean async, CancellationToken cancellationToken)
   at System.Net.Http.AuthenticationHelper.SendWithNtAuthAsync(HttpRequestMessage request, Uri authUri, Boolean async, ICredentials credentials, Boolean isProxyAuth, HttpConnection connection, HttpConnectionPool connectionPool, CancellationToken cancellationToken)
   at System.Net.Http.HttpConnectionPool.SendWithVersionDetectionAndRetryAsync(HttpRequestMessage request, Boolean async, Boolean doRequestAuth, CancellationToken cancellationToken)
   at System.Net.Http.AuthenticationHelper.SendWithAuthAsync(HttpRequestMessage request, Uri authUri, Boolean async, ICredentials credentials, Boolean preAuthenticate, Boolean isProxyAuth, Boolean doRequestAuth, HttpConnectionPool pool, CancellationToken cancellationToken)
   at System.Net.Http.RedirectHandler.SendAsync(HttpRequestMessage request, Boolean async, CancellationToken cancellationToken)
   at GitHub.Services.Common.RawHttpMessageHandler.SendAsync(HttpRequestMessage request, CancellationToken cancellationToken)
   at GitHub.Services.Common.VssHttpRetryMessageHandler.SendAsync(HttpRequestMessage request, CancellationToken cancellationToken)
   at System.Net.Http.HttpClient.<SendAsync>g__Core|83_0(HttpRequestMessage request, HttpCompletionOption completionOption, CancellationTokenSource cts, Boolean disposeCts, CancellationTokenSource pendingRequestsCts, CancellationToken originalCancellationToken)
[2025-06-05 15:32:35Z ERR  BrokerServer] #####################################################
[2025-06-05 15:32:35Z ERR  BrokerServer] System.IO.IOException: Unable to read data from the transport connection: A operação de E/S foi anulada devido a uma saída de thread ou a uma requisição de aplicativo..
 ---> System.Net.Sockets.SocketException (995): A operação de E/S foi anulada devido a uma saída de thread ou a uma requisição de aplicativo.
   --- End of inner exception stack trace ---
   at System.Net.Sockets.Socket.AwaitableSocketAsyncEventArgs.ThrowException(SocketError error, CancellationToken cancellationToken)
   at System.Net.Sockets.Socket.AwaitableSocketAsyncEventArgs.System.Threading.Tasks.Sources.IValueTaskSource<System.Int32>.GetResult(Int16 token)
   at System.Net.Security.SslStream.EnsureFullTlsFrameAsync[TIOAdapter](CancellationToken cancellationToken, Int32 estimatedSize)
   at System.Runtime.CompilerServices.PoolingAsyncValueTaskMethodBuilder`1.StateMachineBox`1.System.Threading.Tasks.Sources.IValueTaskSource<TResult>.GetResult(Int16 token)
   at System.Net.Security.SslStream.ReadAsyncInternal[TIOAdapter](Memory`1 buffer, CancellationToken cancellationToken)
   at System.Runtime.CompilerServices.PoolingAsyncValueTaskMethodBuilder`1.StateMachineBox`1.System.Threading.Tasks.Sources.IValueTaskSource<TResult>.GetResult(Int16 token)
   at System.Net.Http.HttpConnection.SendAsync(HttpRequestMessage request, Boolean async, CancellationToken cancellationToken)
[2025-06-05 15:32:35Z ERR  BrokerServer] #####################################################
[2025-06-05 15:32:35Z ERR  BrokerServer] System.Net.Sockets.SocketException (995): A operação de E/S foi anulada devido a uma saída de thread ou a uma requisição de aplicativo.
[2025-06-05 15:32:35Z WARN BrokerServer] Back off 13,545 seconds before next retry. 4 attempt left.
[2025-06-05 15:32:35Z INFO BrokerMessageListener] Get messages has been cancelled using local token source. Continue to get messages with new status.
[2025-06-05 15:32:36Z INFO HostContext] Well known directory 'Bin': 'C:\Users\User\Renata\PosGraduacao\ProjetosJavaScript\pgats-ci-lab\actions-runner\bin'
[2025-06-05 15:32:36Z INFO HostContext] Well known directory 'Root': 'C:\Users\User\Renata\PosGraduacao\ProjetosJavaScript\pgats-ci-lab\actions-runner'
[2025-06-05 15:32:36Z INFO HostContext] Well known directory 'Diag': 'C:\Users\User\Renata\PosGraduacao\ProjetosJavaScript\pgats-ci-lab\actions-runner\_diag'
[2025-06-05 15:32:36Z INFO HostContext] Well known directory 'Bin': 'C:\Users\User\Renata\PosGraduacao\ProjetosJavaScript\pgats-ci-lab\actions-runner\bin'
[2025-06-05 15:32:36Z INFO HostContext] Well known directory 'Root': 'C:\Users\User\Renata\PosGraduacao\ProjetosJavaScript\pgats-ci-lab\actions-runner'
[2025-06-05 15:32:36Z INFO HostContext] Well known directory 'Bin': 'C:\Users\User\Renata\PosGraduacao\ProjetosJavaScript\pgats-ci-lab\actions-runner\bin'
[2025-06-05 15:32:36Z INFO HostContext] Well known directory 'Root': 'C:\Users\User\Renata\PosGraduacao\ProjetosJavaScript\pgats-ci-lab\actions-runner'
[2025-06-05 15:32:36Z INFO HostContext] Well known directory 'Work': 'C:\Users\User\Renata\PosGraduacao\ProjetosJavaScript\pgats-ci-lab\actions-runner\_work'
[2025-06-05 15:32:36Z INFO SelfUpdater] Generate update script into: C:\Users\User\Renata\PosGraduacao\ProjetosJavaScript\pgats-ci-lab\actions-runner\_work\_update.cmd
[2025-06-05 15:32:36Z INFO SelfUpdater] Which2: 'cmd.exe'
[2025-06-05 15:32:36Z INFO SelfUpdater] Location: 'C:\WINDOWS\system32\cmd.exe'
[2025-06-05 15:32:36Z INFO SelfUpdater] Update script start running
[2025-06-05 15:32:36Z INFO Terminal] WRITE LINE: Runner will exit shortly for update, should be back online within 10 seconds.
[2025-06-05 15:32:36Z INFO SelfUpdater] TotalUpdateTime: 104805ms
[2025-06-05 15:32:36Z INFO Terminal] WRITE LINE: Runner update process finished.
[2025-06-05 15:32:36Z INFO Runner] Auto update task finished at backend, an runner update is ready to apply exit the current runner instance.
[2025-06-05 15:32:36Z INFO Runner] Stop message queue looping.
[2025-06-05 15:32:36Z WARN GitHubActionsService] GET request to https://broker.actions.githubusercontent.com/message?sessionId=bc4d8152-98a1-490f-a315-7201e58fe36f&status=Online&runnerVersion=2.324.0&os=Windows&architecture=X64&disableUpdate=false has been cancelled.
[2025-06-05 15:32:36Z ERR  BrokerServer] Catch exception during request
[2025-06-05 15:32:36Z ERR  BrokerServer] System.Threading.Tasks.TaskCanceledException: The operation was canceled.
 ---> System.Threading.Tasks.TaskCanceledException: The operation was canceled.
 ---> System.IO.IOException: Unable to read data from the transport connection: A operação de E/S foi anulada devido a uma saída de thread ou a uma requisição de aplicativo..
 ---> System.Net.Sockets.SocketException (995): A operação de E/S foi anulada devido a uma saída de thread ou a uma requisição de aplicativo.
   --- End of inner exception stack trace ---
   at System.Net.Sockets.Socket.AwaitableSocketAsyncEventArgs.ThrowException(SocketError error, CancellationToken cancellationToken)
   at System.Net.Sockets.Socket.AwaitableSocketAsyncEventArgs.System.Threading.Tasks.Sources.IValueTaskSource<System.Int32>.GetResult(Int16 token)
   at System.Net.Security.SslStream.EnsureFullTlsFrameAsync[TIOAdapter](CancellationToken cancellationToken, Int32 estimatedSize)
   at System.Runtime.CompilerServices.PoolingAsyncValueTaskMethodBuilder`1.StateMachineBox`1.System.Threading.Tasks.Sources.IValueTaskSource<TResult>.GetResult(Int16 token)
   at System.Net.Security.SslStream.ReadAsyncInternal[TIOAdapter](Memory`1 buffer, CancellationToken cancellationToken)
   at System.Runtime.CompilerServices.PoolingAsyncValueTaskMethodBuilder`1.StateMachineBox`1.System.Threading.Tasks.Sources.IValueTaskSource<TResult>.GetResult(Int16 token)
   at System.Net.Http.HttpConnection.InitialFillAsync(Boolean async)
   at System.Net.Http.HttpConnection.SendAsync(HttpRequestMessage request, Boolean async, CancellationToken cancellationToken)
   --- End of inner exception stack trace ---
   at System.Net.Http.HttpConnection.SendAsync(HttpRequestMessage request, Boolean async, CancellationToken cancellationToken)
   at System.Net.Http.AuthenticationHelper.SendWithNtAuthAsync(HttpRequestMessage request, Uri authUri, Boolean async, ICredentials credentials, Boolean isProxyAuth, HttpConnection connection, HttpConnectionPool connectionPool, CancellationToken cancellationToken)
   at System.Net.Http.HttpConnectionPool.SendWithVersionDetectionAndRetryAsync(HttpRequestMessage request, Boolean async, Boolean doRequestAuth, CancellationToken cancellationToken)
   at System.Net.Http.AuthenticationHelper.SendWithAuthAsync(HttpRequestMessage request, Uri authUri, Boolean async, ICredentials credentials, Boolean preAuthenticate, Boolean isProxyAuth, Boolean doRequestAuth, HttpConnectionPool pool, CancellationToken cancellationToken)
   at System.Net.Http.RedirectHandler.SendAsync(HttpRequestMessage request, Boolean async, CancellationToken cancellationToken)
   at GitHub.Services.Common.RawHttpMessageHandler.SendAsync(HttpRequestMessage request, CancellationToken cancellationToken)
   at GitHub.Services.Common.VssHttpRetryMessageHandler.SendAsync(HttpRequestMessage request, CancellationToken cancellationToken)
   at System.Net.Http.HttpClient.<SendAsync>g__Core|83_0(HttpRequestMessage request, HttpCompletionOption completionOption, CancellationTokenSource cts, Boolean disposeCts, CancellationTokenSource pendingRequestsCts, CancellationToken originalCancellationToken)
   --- End of inner exception stack trace ---
   at System.Net.Http.HttpClient.HandleFailure(Exception e, Boolean telemetryStarted, HttpResponseMessage response, CancellationTokenSource cts, CancellationToken cancellationToken, CancellationTokenSource pendingRequestsCts)
   at System.Net.Http.HttpClient.<SendAsync>g__Core|83_0(HttpRequestMessage request, HttpCompletionOption completionOption, CancellationTokenSource cts, Boolean disposeCts, CancellationTokenSource pendingRequestsCts, CancellationToken originalCancellationToken)
   at Sdk.WebApi.WebApi.RawHttpClientBase.SendAsync(HttpRequestMessage message, HttpCompletionOption completionOption, Object userState, CancellationToken cancellationToken)
   at Sdk.WebApi.WebApi.RawHttpClientBase.SendAsync[T](HttpRequestMessage message, Boolean readErrorBody, Object userState, CancellationToken cancellationToken)
   at Sdk.WebApi.WebApi.RawHttpClientBase.SendAsync[T](HttpMethod method, IEnumerable`1 additionalHeaders, Uri requestUri, HttpContent content, IEnumerable`1 queryParameters, Boolean readErrorBody, Object userState, CancellationToken cancellationToken)
   at GitHub.Actions.RunService.WebApi.BrokerHttpClient.GetRunnerMessageAsync(Nullable`1 sessionId, String runnerVersion, Nullable`1 status, String os, String architecture, Nullable`1 disableUpdate, CancellationToken cancellationToken)
   at GitHub.Runner.Common.BrokerServer.<>c__DisplayClass7_0.<<GetRunnerMessageAsync>b__0>d.MoveNext()
--- End of stack trace from previous location ---
   at GitHub.Runner.Common.RunnerService.RetryRequest[T](Func`1 func, CancellationToken cancellationToken, Int32 maxRetryAttemptsCount, Func`2 shouldRetry)
[2025-06-05 15:32:36Z ERR  BrokerServer] #####################################################
[2025-06-05 15:32:36Z ERR  BrokerServer] System.Threading.Tasks.TaskCanceledException: The operation was canceled.
 ---> System.IO.IOException: Unable to read data from the transport connection: A operação de E/S foi anulada devido a uma saída de thread ou a uma requisição de aplicativo..
 ---> System.Net.Sockets.SocketException (995): A operação de E/S foi anulada devido a uma saída de thread ou a uma requisição de aplicativo.
   --- End of inner exception stack trace ---
   at System.Net.Sockets.Socket.AwaitableSocketAsyncEventArgs.ThrowException(SocketError error, CancellationToken cancellationToken)
   at System.Net.Sockets.Socket.AwaitableSocketAsyncEventArgs.System.Threading.Tasks.Sources.IValueTaskSource<System.Int32>.GetResult(Int16 token)
   at System.Net.Security.SslStream.EnsureFullTlsFrameAsync[TIOAdapter](CancellationToken cancellationToken, Int32 estimatedSize)
   at System.Runtime.CompilerServices.PoolingAsyncValueTaskMethodBuilder`1.StateMachineBox`1.System.Threading.Tasks.Sources.IValueTaskSource<TResult>.GetResult(Int16 token)
   at System.Net.Security.SslStream.ReadAsyncInternal[TIOAdapter](Memory`1 buffer, CancellationToken cancellationToken)
   at System.Runtime.CompilerServices.PoolingAsyncValueTaskMethodBuilder`1.StateMachineBox`1.System.Threading.Tasks.Sources.IValueTaskSource<TResult>.GetResult(Int16 token)
   at System.Net.Http.HttpConnection.InitialFillAsync(Boolean async)
   at System.Net.Http.HttpConnection.SendAsync(HttpRequestMessage request, Boolean async, CancellationToken cancellationToken)
   --- End of inner exception stack trace ---
   at System.Net.Http.HttpConnection.SendAsync(HttpRequestMessage request, Boolean async, CancellationToken cancellationToken)
   at System.Net.Http.AuthenticationHelper.SendWithNtAuthAsync(HttpRequestMessage request, Uri authUri, Boolean async, ICredentials credentials, Boolean isProxyAuth, HttpConnection connection, HttpConnectionPool connectionPool, CancellationToken cancellationToken)
   at System.Net.Http.HttpConnectionPool.SendWithVersionDetectionAndRetryAsync(HttpRequestMessage request, Boolean async, Boolean doRequestAuth, CancellationToken cancellationToken)
   at System.Net.Http.AuthenticationHelper.SendWithAuthAsync(HttpRequestMessage request, Uri authUri, Boolean async, ICredentials credentials, Boolean preAuthenticate, Boolean isProxyAuth, Boolean doRequestAuth, HttpConnectionPool pool, CancellationToken cancellationToken)
   at System.Net.Http.RedirectHandler.SendAsync(HttpRequestMessage request, Boolean async, CancellationToken cancellationToken)
   at GitHub.Services.Common.RawHttpMessageHandler.SendAsync(HttpRequestMessage request, CancellationToken cancellationToken)
   at GitHub.Services.Common.VssHttpRetryMessageHandler.SendAsync(HttpRequestMessage request, CancellationToken cancellationToken)
   at System.Net.Http.HttpClient.<SendAsync>g__Core|83_0(HttpRequestMessage request, HttpCompletionOption completionOption, CancellationTokenSource cts, Boolean disposeCts, CancellationTokenSource pendingRequestsCts, CancellationToken originalCancellationToken)
[2025-06-05 15:32:36Z ERR  BrokerServer] #####################################################
[2025-06-05 15:32:36Z ERR  BrokerServer] System.IO.IOException: Unable to read data from the transport connection: A operação de E/S foi anulada devido a uma saída de thread ou a uma requisição de aplicativo..
 ---> System.Net.Sockets.SocketException (995): A operação de E/S foi anulada devido a uma saída de thread ou a uma requisição de aplicativo.
   --- End of inner exception stack trace ---
   at System.Net.Sockets.Socket.AwaitableSocketAsyncEventArgs.ThrowException(SocketError error, CancellationToken cancellationToken)
   at System.Net.Sockets.Socket.AwaitableSocketAsyncEventArgs.System.Threading.Tasks.Sources.IValueTaskSource<System.Int32>.GetResult(Int16 token)
   at System.Net.Security.SslStream.EnsureFullTlsFrameAsync[TIOAdapter](CancellationToken cancellationToken, Int32 estimatedSize)
   at System.Runtime.CompilerServices.PoolingAsyncValueTaskMethodBuilder`1.StateMachineBox`1.System.Threading.Tasks.Sources.IValueTaskSource<TResult>.GetResult(Int16 token)
   at System.Net.Security.SslStream.ReadAsyncInternal[TIOAdapter](Memory`1 buffer, CancellationToken cancellationToken)
   at System.Runtime.CompilerServices.PoolingAsyncValueTaskMethodBuilder`1.StateMachineBox`1.System.Threading.Tasks.Sources.IValueTaskSource<TResult>.GetResult(Int16 token)
   at System.Net.Http.HttpConnection.InitialFillAsync(Boolean async)
   at System.Net.Http.HttpConnection.SendAsync(HttpRequestMessage request, Boolean async, CancellationToken cancellationToken)
[2025-06-05 15:32:36Z ERR  BrokerServer] #####################################################
[2025-06-05 15:32:36Z ERR  BrokerServer] System.Net.Sockets.SocketException (995): A operação de E/S foi anulada devido a uma saída de thread ou a uma requisição de aplicativo.
[2025-06-05 15:32:36Z WARN BrokerServer] Back off 12,002 seconds before next retry. 4 attempt left.
[2025-06-05 15:32:36Z INFO BrokerMessageListener] Get next message has been cancelled.
[2025-06-05 15:32:36Z INFO Runner] Ignore any exception after cancel message loop. System.Threading.Tasks.TaskCanceledException: A task was canceled.
   at GitHub.Runner.Common.RunnerService.RetryRequest[T](Func`1 func, CancellationToken cancellationToken, Int32 maxRetryAttemptsCount, Func`2 shouldRetry)
   at GitHub.Runner.Listener.BrokerMessageListener.GetNextMessageAsync(CancellationToken token)
   at GitHub.Runner.Listener.Runner.RunAsync(RunnerSettings settings, Boolean runOnce)
[2025-06-05 15:32:36Z INFO JobDispatcher] Shutting down JobDispatcher. Make sure all WorkerDispatcher has finished.
[2025-06-05 15:32:36Z INFO Runner] Deleting Runner Session...
[2025-06-05 15:32:36Z INFO Listener] Runner execution has finished with return code 3
