[2025-06-01 01:17:58Z INFO HostContext] No proxy settings were found based on environmental variables (http_proxy/https_proxy/HTTP_PROXY/HTTPS_PROXY)
[2025-06-01 01:17:58Z INFO HostContext] Well known directory 'Bin': 'C:\Users\User\Renata\PosGraduacao\ProjetosJavaScript\pgats-ci-lab\actions-runner\bin'
[2025-06-01 01:17:58Z INFO HostContext] Well known directory 'Root': 'C:\Users\User\Renata\PosGraduacao\ProjetosJavaScript\pgats-ci-lab\actions-runner'
[2025-06-01 01:17:58Z INFO HostContext] Well known config file 'Credentials': 'C:\Users\User\Renata\PosGraduacao\ProjetosJavaScript\pgats-ci-lab\actions-runner\.credentials'
[2025-06-01 01:17:59Z INFO HostContext] Well known directory 'Bin': 'C:\Users\User\Renata\PosGraduacao\ProjetosJavaScript\pgats-ci-lab\actions-runner\bin'
[2025-06-01 01:17:59Z INFO HostContext] Well known directory 'Root': 'C:\Users\User\Renata\PosGraduacao\ProjetosJavaScript\pgats-ci-lab\actions-runner'
[2025-06-01 01:17:59Z INFO HostContext] Well known config file 'Runner': 'C:\Users\User\Renata\PosGraduacao\ProjetosJavaScript\pgats-ci-lab\actions-runner\.runner'
[2025-06-01 01:17:59Z INFO Listener] Runner is built for Windows (X64) - win-x64.
[2025-06-01 01:17:59Z INFO Listener] RuntimeInformation: Microsoft Windows 10.0.26100.
[2025-06-01 01:17:59Z INFO Listener] Version: 2.324.0
[2025-06-01 01:17:59Z INFO Listener] Commit: da3412efd49b1cf1a0fbdcbcee4e4ac4cc2177c8
[2025-06-01 01:17:59Z INFO Listener] Culture: pt-BR
[2025-06-01 01:17:59Z INFO Listener] UI Culture: pt-BR
[2025-06-01 01:17:59Z INFO HostContext] Well known directory 'Bin': 'C:\Users\User\Renata\PosGraduacao\ProjetosJavaScript\pgats-ci-lab\actions-runner\bin'
[2025-06-01 01:17:59Z INFO HostContext] Well known directory 'Root': 'C:\Users\User\Renata\PosGraduacao\ProjetosJavaScript\pgats-ci-lab\actions-runner'
[2025-06-01 01:17:59Z INFO Listener] Validating directory permissions for: 'C:\Users\User\Renata\PosGraduacao\ProjetosJavaScript\pgats-ci-lab\actions-runner'
[2025-06-01 01:17:59Z INFO CommandLineParser] Parse
[2025-06-01 01:17:59Z INFO CommandLineParser] Parsing 1 args
[2025-06-01 01:17:59Z INFO CommandLineParser] parsing argument
[2025-06-01 01:17:59Z INFO CommandLineParser] HasArgs: False
[2025-06-01 01:17:59Z INFO CommandLineParser] Adding Command: run
[2025-06-01 01:17:59Z INFO Listener] Arguments parsed
[2025-06-01 01:17:59Z INFO Runner] ExecuteCommand
[2025-06-01 01:17:59Z INFO ConfigurationStore] currentAssemblyLocation: C:\Users\User\Renata\PosGraduacao\ProjetosJavaScript\pgats-ci-lab\actions-runner\bin\Runner.Listener.dll
[2025-06-01 01:17:59Z INFO HostContext] Well known directory 'Bin': 'C:\Users\User\Renata\PosGraduacao\ProjetosJavaScript\pgats-ci-lab\actions-runner\bin'
[2025-06-01 01:17:59Z INFO ConfigurationStore] binPath: C:\Users\User\Renata\PosGraduacao\ProjetosJavaScript\pgats-ci-lab\actions-runner\bin
[2025-06-01 01:17:59Z INFO HostContext] Well known directory 'Bin': 'C:\Users\User\Renata\PosGraduacao\ProjetosJavaScript\pgats-ci-lab\actions-runner\bin'
[2025-06-01 01:17:59Z INFO HostContext] Well known directory 'Root': 'C:\Users\User\Renata\PosGraduacao\ProjetosJavaScript\pgats-ci-lab\actions-runner'
[2025-06-01 01:17:59Z INFO ConfigurationStore] RootFolder: C:\Users\User\Renata\PosGraduacao\ProjetosJavaScript\pgats-ci-lab\actions-runner
[2025-06-01 01:17:59Z INFO HostContext] Well known directory 'Bin': 'C:\Users\User\Renata\PosGraduacao\ProjetosJavaScript\pgats-ci-lab\actions-runner\bin'
[2025-06-01 01:17:59Z INFO HostContext] Well known directory 'Root': 'C:\Users\User\Renata\PosGraduacao\ProjetosJavaScript\pgats-ci-lab\actions-runner'
[2025-06-01 01:17:59Z INFO HostContext] Well known config file 'Runner': 'C:\Users\User\Renata\PosGraduacao\ProjetosJavaScript\pgats-ci-lab\actions-runner\.runner'
[2025-06-01 01:17:59Z INFO ConfigurationStore] ConfigFilePath: C:\Users\User\Renata\PosGraduacao\ProjetosJavaScript\pgats-ci-lab\actions-runner\.runner
[2025-06-01 01:17:59Z INFO HostContext] Well known directory 'Bin': 'C:\Users\User\Renata\PosGraduacao\ProjetosJavaScript\pgats-ci-lab\actions-runner\bin'
[2025-06-01 01:17:59Z INFO HostContext] Well known directory 'Root': 'C:\Users\User\Renata\PosGraduacao\ProjetosJavaScript\pgats-ci-lab\actions-runner'
[2025-06-01 01:17:59Z INFO HostContext] Well known config file 'MigratedRunner': 'C:\Users\User\Renata\PosGraduacao\ProjetosJavaScript\pgats-ci-lab\actions-runner\.runner_migrated'
[2025-06-01 01:17:59Z INFO ConfigurationStore] MigratedConfigFilePath: C:\Users\User\Renata\PosGraduacao\ProjetosJavaScript\pgats-ci-lab\actions-runner\.runner_migrated
[2025-06-01 01:17:59Z INFO HostContext] Well known directory 'Bin': 'C:\Users\User\Renata\PosGraduacao\ProjetosJavaScript\pgats-ci-lab\actions-runner\bin'
[2025-06-01 01:17:59Z INFO HostContext] Well known directory 'Root': 'C:\Users\User\Renata\PosGraduacao\ProjetosJavaScript\pgats-ci-lab\actions-runner'
[2025-06-01 01:17:59Z INFO HostContext] Well known config file 'Credentials': 'C:\Users\User\Renata\PosGraduacao\ProjetosJavaScript\pgats-ci-lab\actions-runner\.credentials'
[2025-06-01 01:17:59Z INFO ConfigurationStore] CredFilePath: C:\Users\User\Renata\PosGraduacao\ProjetosJavaScript\pgats-ci-lab\actions-runner\.credentials
[2025-06-01 01:17:59Z INFO HostContext] Well known directory 'Bin': 'C:\Users\User\Renata\PosGraduacao\ProjetosJavaScript\pgats-ci-lab\actions-runner\bin'
[2025-06-01 01:17:59Z INFO HostContext] Well known directory 'Root': 'C:\Users\User\Renata\PosGraduacao\ProjetosJavaScript\pgats-ci-lab\actions-runner'
[2025-06-01 01:17:59Z INFO HostContext] Well known config file 'MigratedCredentials': 'C:\Users\User\Renata\PosGraduacao\ProjetosJavaScript\pgats-ci-lab\actions-runner\.credentials_migrated'
[2025-06-01 01:17:59Z INFO ConfigurationStore] MigratedCredFilePath: C:\Users\User\Renata\PosGraduacao\ProjetosJavaScript\pgats-ci-lab\actions-runner\.credentials_migrated
[2025-06-01 01:17:59Z INFO HostContext] Well known directory 'Bin': 'C:\Users\User\Renata\PosGraduacao\ProjetosJavaScript\pgats-ci-lab\actions-runner\bin'
[2025-06-01 01:17:59Z INFO HostContext] Well known directory 'Root': 'C:\Users\User\Renata\PosGraduacao\ProjetosJavaScript\pgats-ci-lab\actions-runner'
[2025-06-01 01:17:59Z INFO HostContext] Well known config file 'Service': 'C:\Users\User\Renata\PosGraduacao\ProjetosJavaScript\pgats-ci-lab\actions-runner\.service'
[2025-06-01 01:17:59Z INFO ConfigurationStore] ServiceConfigFilePath: C:\Users\User\Renata\PosGraduacao\ProjetosJavaScript\pgats-ci-lab\actions-runner\.service
[2025-06-01 01:17:59Z INFO CommandSettings] Flag 'help': 'False'
[2025-06-01 01:17:59Z INFO CommandSettings] Flag 'version': 'False'
[2025-06-01 01:17:59Z INFO CommandSettings] Flag 'commit': 'False'
[2025-06-01 01:17:59Z INFO CommandSettings] Flag 'check': 'False'
[2025-06-01 01:17:59Z INFO CommandSettings] Command 'configure': 'False'
[2025-06-01 01:17:59Z INFO CommandSettings] Command 'remove': 'False'
[2025-06-01 01:17:59Z INFO CommandSettings] Command 'warmup': 'False'
[2025-06-01 01:17:59Z INFO ConfigurationManager] LoadSettings
[2025-06-01 01:17:59Z INFO ConfigurationStore] IsConfigured()
[2025-06-01 01:17:59Z INFO ConfigurationStore] IsConfigured: True
[2025-06-01 01:17:59Z INFO ConfigurationManager] Is configured: True
[2025-06-01 01:17:59Z INFO ConfigurationStore] Read setting file: 401 chars
[2025-06-01 01:17:59Z INFO ConfigurationManager] Settings Loaded
[2025-06-01 01:17:59Z INFO ConfigurationStore] IsServiceConfigured()
[2025-06-01 01:17:59Z INFO ConfigurationStore] IsServiceConfigured: False
[2025-06-01 01:17:59Z INFO CommandSettings] Command 'run': 'True'
[2025-06-01 01:17:59Z INFO ConfigurationStore] IsConfigured()
[2025-06-01 01:17:59Z INFO ConfigurationStore] IsConfigured: True
[2025-06-01 01:17:59Z INFO ConfigurationManager] Is configured: True
[2025-06-01 01:17:59Z INFO Runner] Could not parse the argument value '' for StartupType. Defaulting to Manual
[2025-06-01 01:17:59Z INFO Runner] Set runner startup type - Manual
[2025-06-01 01:17:59Z INFO CommandSettings] Flag 'once': 'False'
[2025-06-01 01:17:59Z INFO CommandSettings] Flag 'once': 'False'
[2025-06-01 01:17:59Z INFO Runner] RunAsync
[2025-06-01 01:17:59Z INFO ConfigurationManager] LoadMigratedSettings
[2025-06-01 01:17:59Z INFO ConfigurationStore] IsMigratedConfigured()
[2025-06-01 01:17:59Z INFO ConfigurationStore] IsMigratedConfigured: False
[2025-06-01 01:17:59Z INFO Runner] Failed to load migrated settings: No migrated configuration found.
[2025-06-01 01:17:59Z INFO Runner] Falling back to original .runner settings
[2025-06-01 01:17:59Z INFO Runner] Using BrokerMessageListener
[2025-06-01 01:17:59Z INFO BrokerMessageListener] Using provided settings
[2025-06-01 01:17:59Z INFO BrokerMessageListener] {
  "AgentId": 21,
  "AgentName": "DESKTOP-IF6UBGF",
  "PoolId": 1,
  "PoolName": "Default",
  "ServerUrl": "https://pipelinesghubeus7.actions.githubusercontent.com/K38grThfgeu9BNF8KZFcPq67vOE02c1BvVGacPZlwXudDXW5Pj/",
  "GitHubUrl": "https://github.com/Renatacpf/pgats-ci-lab",
  "WorkFolder": "_work",
  "UseV2Flow": true,
  "ServerUrlV2": "https://broker.actions.githubusercontent.com/"
}
[2025-06-01 01:17:59Z INFO BrokerMessageListener] Loading Credentials
[2025-06-01 01:17:59Z INFO ConfigurationStore] HasCredentials()
[2025-06-01 01:17:59Z INFO ConfigurationStore] stored True
[2025-06-01 01:17:59Z INFO CredentialManager] GetCredentialProvider
[2025-06-01 01:17:59Z INFO CredentialManager] Creating type OAuth
[2025-06-01 01:17:59Z INFO CredentialManager] Creating credential type: OAuth
[2025-06-01 01:17:59Z INFO HostContext] Well known directory 'Bin': 'C:\Users\User\Renata\PosGraduacao\ProjetosJavaScript\pgats-ci-lab\actions-runner\bin'
[2025-06-01 01:17:59Z INFO HostContext] Well known directory 'Root': 'C:\Users\User\Renata\PosGraduacao\ProjetosJavaScript\pgats-ci-lab\actions-runner'
[2025-06-01 01:17:59Z INFO HostContext] Well known config file 'RSACredentials': 'C:\Users\User\Renata\PosGraduacao\ProjetosJavaScript\pgats-ci-lab\actions-runner\.credentials_rsaparams'
[2025-06-01 01:17:59Z INFO RSAEncryptedFileKeyManager] Loading RSA key parameters from file C:\Users\User\Renata\PosGraduacao\ProjetosJavaScript\pgats-ci-lab\actions-runner\.credentials_rsaparams
[2025-06-01 01:17:59Z INFO BrokerMessageListener] Attempt to create session.
[2025-06-01 01:17:59Z INFO BrokerMessageListener] Connecting to the Broker Server...
[2025-06-01 01:17:59Z INFO ConfigurationStore] HasCredentials()
[2025-06-01 01:17:59Z INFO ConfigurationStore] stored True
[2025-06-01 01:17:59Z INFO CredentialManager] GetCredentialProvider
[2025-06-01 01:17:59Z INFO CredentialManager] Creating type OAuth
[2025-06-01 01:17:59Z INFO CredentialManager] Creating credential type: OAuth
[2025-06-01 01:17:59Z INFO RSAEncryptedFileKeyManager] Loading RSA key parameters from file C:\Users\User\Renata\PosGraduacao\ProjetosJavaScript\pgats-ci-lab\actions-runner\.credentials_rsaparams
[2025-06-01 01:17:59Z INFO BrokerMessageListener] VssConnection created
[2025-06-01 01:17:59Z INFO BrokerMessageListener] Connecting to the Runner server...
[2025-06-01 01:17:59Z INFO RunnerServer] EstablishVssConnection
[2025-06-01 01:17:59Z INFO RunnerServer] Establish connection with 100 seconds timeout.
[2025-06-01 01:17:59Z INFO GitHubActionsService] Starting operation Location.GetConnectionData
[2025-06-01 01:17:59Z INFO RunnerServer] EstablishVssConnection
[2025-06-01 01:17:59Z INFO RunnerServer] Establish connection with 60 seconds timeout.
[2025-06-01 01:17:59Z INFO GitHubActionsService] Starting operation Location.GetConnectionData
[2025-06-01 01:17:59Z INFO RunnerServer] EstablishVssConnection
[2025-06-01 01:17:59Z INFO RunnerServer] Establish connection with 60 seconds timeout.
[2025-06-01 01:17:59Z INFO GitHubActionsService] Starting operation Location.GetConnectionData
[2025-06-01 01:17:59Z INFO GitHubActionsService] Finished operation Location.GetConnectionData
[2025-06-01 01:17:59Z INFO GitHubActionsService] Finished operation Location.GetConnectionData
[2025-06-01 01:18:00Z INFO GitHubActionsService] Finished operation Location.GetConnectionData
[2025-06-01 01:18:00Z INFO BrokerMessageListener] VssConnection created
[2025-06-01 01:18:00Z INFO Terminal] WRITE LINE: 
[2025-06-01 01:18:00Z INFO Terminal] WRITE LINE: 
[2025-06-01 01:18:00Z INFO RSAEncryptedFileKeyManager] Loading RSA key parameters from file C:\Users\User\Renata\PosGraduacao\ProjetosJavaScript\pgats-ci-lab\actions-runner\.credentials_rsaparams
[2025-06-01 01:18:00Z INFO RSAEncryptedFileKeyManager] Loading RSA key parameters from file C:\Users\User\Renata\PosGraduacao\ProjetosJavaScript\pgats-ci-lab\actions-runner\.credentials_rsaparams
[2025-06-01 01:18:00Z INFO GitHubActionsService] AAD Correlation ID for this token request: Unknown
[2025-06-01 01:18:01Z INFO BrokerMessageListener] Session created.
[2025-06-01 01:18:01Z INFO Terminal] WRITE LINE: Current runner version: '2.324.0'
[2025-06-01 01:18:01Z INFO Terminal] WRITE LINE: 2025-06-01 01:18:01Z: Listening for Jobs
[2025-06-01 01:18:01Z INFO JobDispatcher] Set runner/worker IPC timeout to 30 seconds.
[2025-06-01 01:18:01Z INFO ConfigurationStore] HasCredentials()
[2025-06-01 01:18:01Z INFO ConfigurationStore] stored True
[2025-06-01 01:18:01Z INFO CredentialManager] GetCredentialProvider
[2025-06-01 01:18:01Z INFO CredentialManager] Creating type OAuth
[2025-06-01 01:18:01Z INFO CredentialManager] Creating credential type: OAuth
[2025-06-01 01:18:01Z INFO RSAEncryptedFileKeyManager] Loading RSA key parameters from file C:\Users\User\Renata\PosGraduacao\ProjetosJavaScript\pgats-ci-lab\actions-runner\.credentials_rsaparams
[2025-06-01 01:18:01Z INFO RSAEncryptedFileKeyManager] Loading RSA key parameters from file C:\Users\User\Renata\PosGraduacao\ProjetosJavaScript\pgats-ci-lab\actions-runner\.credentials_rsaparams
[2025-06-01 01:18:01Z INFO RSAEncryptedFileKeyManager] Loading RSA key parameters from file C:\Users\User\Renata\PosGraduacao\ProjetosJavaScript\pgats-ci-lab\actions-runner\.credentials_rsaparams
[2025-06-01 01:18:02Z INFO GitHubActionsService] AAD Correlation ID for this token request: Unknown
[2025-06-01 01:18:03Z INFO JobDispatcher] Job request 0 for plan 2600754d-53e3-4922-b6af-14cdb62b6739 job 7c44ef6c-882d-582e-a695-a12e42d3d85a received.
[2025-06-01 01:18:03Z INFO BrokerMessageListener] Received job status event. JobState: Busy
[2025-06-01 01:18:03Z INFO BrokerMessageListener] _getMessagesTokenSource is already disposed.
[2025-06-01 01:18:03Z INFO Terminal] WRITE LINE: 2025-06-01 01:18:03Z: Running job: e2e-tests
[2025-06-01 01:18:03Z INFO JobDispatcher] Start renew job request 0 for job 7c44ef6c-882d-582e-a695-a12e42d3d85a.
[2025-06-01 01:18:03Z INFO JobDispatcher] Successfully renew job 7c44ef6c-882d-582e-a695-a12e42d3d85a, job is valid till 01/06/2025 01:28:03
[2025-06-01 01:18:03Z INFO HostContext] Well known directory 'Bin': 'C:\Users\User\Renata\PosGraduacao\ProjetosJavaScript\pgats-ci-lab\actions-runner\bin'
[2025-06-01 01:18:03Z INFO ProcessInvokerWrapper] Starting process:
[2025-06-01 01:18:03Z INFO ProcessInvokerWrapper]   File name: 'C:\Users\User\Renata\PosGraduacao\ProjetosJavaScript\pgats-ci-lab\actions-runner\bin\Runner.Worker.exe'
[2025-06-01 01:18:03Z INFO ProcessInvokerWrapper]   Arguments: 'spawnclient 2264 2284'
[2025-06-01 01:18:03Z INFO ProcessInvokerWrapper]   Working directory: 'C:\Users\User\Renata\PosGraduacao\ProjetosJavaScript\pgats-ci-lab\actions-runner\bin'
[2025-06-01 01:18:03Z INFO ProcessInvokerWrapper]   Require exit code zero: 'False'
[2025-06-01 01:18:03Z INFO ProcessInvokerWrapper]   Encoding web name:  ; code page: ''
[2025-06-01 01:18:03Z INFO ProcessInvokerWrapper]   Force kill process on cancellation: 'True'
[2025-06-01 01:18:03Z INFO ProcessInvokerWrapper]   Redirected STDIN: 'False'
[2025-06-01 01:18:03Z INFO ProcessInvokerWrapper]   Persist current code page: 'False'
[2025-06-01 01:18:03Z INFO ProcessInvokerWrapper]   Keep redirected STDIN open: 'False'
[2025-06-01 01:18:03Z INFO ProcessInvokerWrapper]   High priority process: 'True'
[2025-06-01 01:18:03Z INFO ProcessInvokerWrapper] Process started with process id 19088, waiting for process exit.
[2025-06-01 01:18:03Z INFO JobDispatcher] Send job request message to worker for job 7c44ef6c-882d-582e-a695-a12e42d3d85a.
[2025-06-01 01:18:03Z INFO ProcessChannel] Sending message of length 19582, with hash '2fa0dcbefee721f2c79ffcd4817599cd5027557b89687df62560530d45162b3f'
[2025-06-01 01:18:03Z INFO JobNotification] Entering JobStarted Notification
[2025-06-01 01:18:03Z INFO JobNotification] Entering StartMonitor
[2025-06-01 01:18:49Z INFO ProcessInvokerWrapper] STDOUT/STDERR stream read finished.
[2025-06-01 01:18:49Z INFO ProcessInvokerWrapper] STDOUT/STDERR stream read finished.
[2025-06-01 01:18:49Z INFO ProcessInvokerWrapper] Finished process 19088 with exit code 102, and elapsed time 00:00:46.0056696.
[2025-06-01 01:18:49Z INFO JobDispatcher] Worker finished for job 7c44ef6c-882d-582e-a695-a12e42d3d85a. Code: 102
[2025-06-01 01:18:49Z INFO JobDispatcher] finish job request for job 7c44ef6c-882d-582e-a695-a12e42d3d85a with result: Failed
[2025-06-01 01:18:49Z INFO Terminal] WRITE LINE: 2025-06-01 01:18:49Z: Job e2e-tests completed with result: Failed
[2025-06-01 01:18:49Z INFO JobDispatcher] Stop renew job request for job 7c44ef6c-882d-582e-a695-a12e42d3d85a.
[2025-06-01 01:18:49Z INFO JobDispatcher] job renew has been cancelled, stop renew job 7c44ef6c-882d-582e-a695-a12e42d3d85a.
[2025-06-01 01:18:49Z INFO JobNotification] Entering JobCompleted Notification
[2025-06-01 01:18:49Z INFO JobNotification] Entering EndMonitor
[2025-06-01 01:18:49Z INFO BrokerMessageListener] Received job status event. JobState: Online
[2025-06-01 01:18:49Z WARN GitHubActionsService] GET request to https://broker.actions.githubusercontent.com/message?sessionId=e1508b08-3dca-4e31-a320-4de64a1c32c6&status=Busy&runnerVersion=2.324.0&os=Windows&architecture=X64&disableUpdate=false has been cancelled.
[2025-06-01 01:18:49Z ERR  BrokerServer] Catch exception during request
[2025-06-01 01:18:49Z ERR  BrokerServer] System.Threading.Tasks.TaskCanceledException: The operation was canceled.
 ---> System.Threading.Tasks.TaskCanceledException: The operation was canceled.
 ---> System.IO.IOException: Unable to read data from the transport connection: A operação de E/S foi anulada devido a uma saída de thread ou a uma requisição de aplicativo..
 ---> System.Net.Sockets.SocketException (995): A operação de E/S foi anulada devido a uma saída de thread ou a uma requisição de aplicativo.
   --- End of inner exception stack trace ---
   at System.Net.Sockets.Socket.AwaitableSocketAsyncEventArgs.ThrowException(SocketError error, CancellationToken cancellationToken)
   at System.Net.Sockets.Socket.AwaitableSocketAsyncEventArgs.System.Threading.Tasks.Sources.IValueTaskSource<System.Int32>.GetResult(Int16 token)
   at System.Net.Security.SslStream.EnsureFullTlsFrameAsync[TIOAdapter](CancellationToken cancellationToken, Int32 estimatedSize)
   at System.Runtime.CompilerServices.PoolingAsyncValueTaskMethodBuilder`1.StateMachineBox`1.System.Threading.Tasks.Sources.IValueTaskSource<TResult>.GetResult(Int16 token)
   at System.Net.Security.SslStream.ReadAsyncInternal[TIOAdapter](Memory`1 buffer, CancellationToken cancellationToken)
   at System.Runtime.CompilerServices.PoolingAsyncValueTaskMethodBuilder`1.StateMachineBox`1.System.Threading.Tasks.Sources.IValueTaskSource<TResult>.GetResult(Int16 token)
   at System.Net.Http.HttpConnection.SendAsync(HttpRequestMessage request, Boolean async, CancellationToken cancellationToken)
   --- End of inner exception stack trace ---
   at System.Net.Http.HttpConnection.SendAsync(HttpRequestMessage request, Boolean async, CancellationToken cancellationToken)
   at System.Net.Http.AuthenticationHelper.SendWithNtAuthAsync(HttpRequestMessage request, Uri authUri, Boolean async, ICredentials credentials, Boolean isProxyAuth, HttpConnection connection, HttpConnectionPool connectionPool, CancellationToken cancellationToken)
   at System.Net.Http.HttpConnectionPool.SendWithVersionDetectionAndRetryAsync(HttpRequestMessage request, Boolean async, Boolean doRequestAuth, CancellationToken cancellationToken)
   at System.Net.Http.AuthenticationHelper.SendWithAuthAsync(HttpRequestMessage request, Uri authUri, Boolean async, ICredentials credentials, Boolean preAuthenticate, Boolean isProxyAuth, Boolean doRequestAuth, HttpConnectionPool pool, CancellationToken cancellationToken)
   at System.Net.Http.RedirectHandler.SendAsync(HttpRequestMessage request, Boolean async, CancellationToken cancellationToken)
   at GitHub.Services.Common.RawHttpMessageHandler.SendAsync(HttpRequestMessage request, CancellationToken cancellationToken)
   at GitHub.Services.Common.VssHttpRetryMessageHandler.SendAsync(HttpRequestMessage request, CancellationToken cancellationToken)
   at System.Net.Http.HttpClient.<SendAsync>g__Core|83_0(HttpRequestMessage request, HttpCompletionOption completionOption, CancellationTokenSource cts, Boolean disposeCts, CancellationTokenSource pendingRequestsCts, CancellationToken originalCancellationToken)
   --- End of inner exception stack trace ---
   at System.Net.Http.HttpClient.HandleFailure(Exception e, Boolean telemetryStarted, HttpResponseMessage response, CancellationTokenSource cts, CancellationToken cancellationToken, CancellationTokenSource pendingRequestsCts)
   at System.Net.Http.HttpClient.<SendAsync>g__Core|83_0(HttpRequestMessage request, HttpCompletionOption completionOption, CancellationTokenSource cts, Boolean disposeCts, CancellationTokenSource pendingRequestsCts, CancellationToken originalCancellationToken)
   at Sdk.WebApi.WebApi.RawHttpClientBase.SendAsync(HttpRequestMessage message, HttpCompletionOption completionOption, Object userState, CancellationToken cancellationToken)
   at Sdk.WebApi.WebApi.RawHttpClientBase.SendAsync[T](HttpRequestMessage message, Boolean readErrorBody, Object userState, CancellationToken cancellationToken)
   at Sdk.WebApi.WebApi.RawHttpClientBase.SendAsync[T](HttpMethod method, IEnumerable`1 additionalHeaders, Uri requestUri, HttpContent content, IEnumerable`1 queryParameters, Boolean readErrorBody, Object userState, CancellationToken cancellationToken)
   at GitHub.Actions.RunService.WebApi.BrokerHttpClient.GetRunnerMessageAsync(Nullable`1 sessionId, String runnerVersion, Nullable`1 status, String os, String architecture, Nullable`1 disableUpdate, CancellationToken cancellationToken)
   at GitHub.Runner.Common.BrokerServer.<>c__DisplayClass7_0.<<GetRunnerMessageAsync>b__0>d.MoveNext()
--- End of stack trace from previous location ---
   at GitHub.Runner.Common.RunnerService.RetryRequest[T](Func`1 func, CancellationToken cancellationToken, Int32 maxRetryAttemptsCount, Func`2 shouldRetry)
[2025-06-01 01:18:49Z ERR  BrokerServer] #####################################################
[2025-06-01 01:18:49Z ERR  BrokerServer] System.Threading.Tasks.TaskCanceledException: The operation was canceled.
 ---> System.IO.IOException: Unable to read data from the transport connection: A operação de E/S foi anulada devido a uma saída de thread ou a uma requisição de aplicativo..
 ---> System.Net.Sockets.SocketException (995): A operação de E/S foi anulada devido a uma saída de thread ou a uma requisição de aplicativo.
   --- End of inner exception stack trace ---
   at System.Net.Sockets.Socket.AwaitableSocketAsyncEventArgs.ThrowException(SocketError error, CancellationToken cancellationToken)
   at System.Net.Sockets.Socket.AwaitableSocketAsyncEventArgs.System.Threading.Tasks.Sources.IValueTaskSource<System.Int32>.GetResult(Int16 token)
   at System.Net.Security.SslStream.EnsureFullTlsFrameAsync[TIOAdapter](CancellationToken cancellationToken, Int32 estimatedSize)
   at System.Runtime.CompilerServices.PoolingAsyncValueTaskMethodBuilder`1.StateMachineBox`1.System.Threading.Tasks.Sources.IValueTaskSource<TResult>.GetResult(Int16 token)
   at System.Net.Security.SslStream.ReadAsyncInternal[TIOAdapter](Memory`1 buffer, CancellationToken cancellationToken)
   at System.Runtime.CompilerServices.PoolingAsyncValueTaskMethodBuilder`1.StateMachineBox`1.System.Threading.Tasks.Sources.IValueTaskSource<TResult>.GetResult(Int16 token)
   at System.Net.Http.HttpConnection.SendAsync(HttpRequestMessage request, Boolean async, CancellationToken cancellationToken)
   --- End of inner exception stack trace ---
   at System.Net.Http.HttpConnection.SendAsync(HttpRequestMessage request, Boolean async, CancellationToken cancellationToken)
   at System.Net.Http.AuthenticationHelper.SendWithNtAuthAsync(HttpRequestMessage request, Uri authUri, Boolean async, ICredentials credentials, Boolean isProxyAuth, HttpConnection connection, HttpConnectionPool connectionPool, CancellationToken cancellationToken)
   at System.Net.Http.HttpConnectionPool.SendWithVersionDetectionAndRetryAsync(HttpRequestMessage request, Boolean async, Boolean doRequestAuth, CancellationToken cancellationToken)
   at System.Net.Http.AuthenticationHelper.SendWithAuthAsync(HttpRequestMessage request, Uri authUri, Boolean async, ICredentials credentials, Boolean preAuthenticate, Boolean isProxyAuth, Boolean doRequestAuth, HttpConnectionPool pool, CancellationToken cancellationToken)
   at System.Net.Http.RedirectHandler.SendAsync(HttpRequestMessage request, Boolean async, CancellationToken cancellationToken)
   at GitHub.Services.Common.RawHttpMessageHandler.SendAsync(HttpRequestMessage request, CancellationToken cancellationToken)
   at GitHub.Services.Common.VssHttpRetryMessageHandler.SendAsync(HttpRequestMessage request, CancellationToken cancellationToken)
   at System.Net.Http.HttpClient.<SendAsync>g__Core|83_0(HttpRequestMessage request, HttpCompletionOption completionOption, CancellationTokenSource cts, Boolean disposeCts, CancellationTokenSource pendingRequestsCts, CancellationToken originalCancellationToken)
[2025-06-01 01:18:49Z ERR  BrokerServer] #####################################################
[2025-06-01 01:18:49Z ERR  BrokerServer] System.IO.IOException: Unable to read data from the transport connection: A operação de E/S foi anulada devido a uma saída de thread ou a uma requisição de aplicativo..
 ---> System.Net.Sockets.SocketException (995): A operação de E/S foi anulada devido a uma saída de thread ou a uma requisição de aplicativo.
   --- End of inner exception stack trace ---
   at System.Net.Sockets.Socket.AwaitableSocketAsyncEventArgs.ThrowException(SocketError error, CancellationToken cancellationToken)
   at System.Net.Sockets.Socket.AwaitableSocketAsyncEventArgs.System.Threading.Tasks.Sources.IValueTaskSource<System.Int32>.GetResult(Int16 token)
   at System.Net.Security.SslStream.EnsureFullTlsFrameAsync[TIOAdapter](CancellationToken cancellationToken, Int32 estimatedSize)
   at System.Runtime.CompilerServices.PoolingAsyncValueTaskMethodBuilder`1.StateMachineBox`1.System.Threading.Tasks.Sources.IValueTaskSource<TResult>.GetResult(Int16 token)
   at System.Net.Security.SslStream.ReadAsyncInternal[TIOAdapter](Memory`1 buffer, CancellationToken cancellationToken)
   at System.Runtime.CompilerServices.PoolingAsyncValueTaskMethodBuilder`1.StateMachineBox`1.System.Threading.Tasks.Sources.IValueTaskSource<TResult>.GetResult(Int16 token)
   at System.Net.Http.HttpConnection.SendAsync(HttpRequestMessage request, Boolean async, CancellationToken cancellationToken)
[2025-06-01 01:18:49Z ERR  BrokerServer] #####################################################
[2025-06-01 01:18:49Z ERR  BrokerServer] System.Net.Sockets.SocketException (995): A operação de E/S foi anulada devido a uma saída de thread ou a uma requisição de aplicativo.
[2025-06-01 01:18:49Z WARN BrokerServer] Back off 12,084 seconds before next retry. 4 attempt left.
[2025-06-01 01:18:49Z INFO BrokerMessageListener] Get messages has been cancelled using local token source. Continue to get messages with new status.
[2025-06-01 01:24:15Z INFO ConfigurationStore] HasCredentials()
[2025-06-01 01:24:15Z INFO ConfigurationStore] stored True
[2025-06-01 01:24:15Z INFO CredentialManager] GetCredentialProvider
[2025-06-01 01:24:15Z INFO CredentialManager] Creating type OAuth
[2025-06-01 01:24:15Z INFO CredentialManager] Creating credential type: OAuth
[2025-06-01 01:24:15Z INFO RSAEncryptedFileKeyManager] Loading RSA key parameters from file C:\Users\User\Renata\PosGraduacao\ProjetosJavaScript\pgats-ci-lab\actions-runner\.credentials_rsaparams
[2025-06-01 01:24:15Z INFO RSAEncryptedFileKeyManager] Loading RSA key parameters from file C:\Users\User\Renata\PosGraduacao\ProjetosJavaScript\pgats-ci-lab\actions-runner\.credentials_rsaparams
[2025-06-01 01:24:15Z INFO RSAEncryptedFileKeyManager] Loading RSA key parameters from file C:\Users\User\Renata\PosGraduacao\ProjetosJavaScript\pgats-ci-lab\actions-runner\.credentials_rsaparams
[2025-06-01 01:24:15Z INFO GitHubActionsService] AAD Correlation ID for this token request: Unknown
[2025-06-01 01:24:16Z INFO JobDispatcher] Job request 0 for plan d2bc2334-ddaa-4c8d-ac65-7eda79b346f0 job adb8e7cf-b9af-5879-9e17-6b66e23c6365 received.
[2025-06-01 01:24:16Z INFO BrokerMessageListener] Received job status event. JobState: Busy
[2025-06-01 01:24:16Z INFO BrokerMessageListener] _getMessagesTokenSource is already disposed.
[2025-06-01 01:24:16Z INFO JobDispatcher] Job request 7c44ef6c-882d-582e-a695-a12e42d3d85a processed succeed.
[2025-06-01 01:24:16Z INFO Terminal] WRITE LINE: 2025-06-01 01:24:16Z: Running job: e2e-tests
[2025-06-01 01:24:16Z INFO JobDispatcher] Start renew job request 0 for job adb8e7cf-b9af-5879-9e17-6b66e23c6365.
[2025-06-01 01:24:16Z INFO JobDispatcher] Successfully renew job adb8e7cf-b9af-5879-9e17-6b66e23c6365, job is valid till 01/06/2025 01:34:16
[2025-06-01 01:24:16Z INFO HostContext] Well known directory 'Bin': 'C:\Users\User\Renata\PosGraduacao\ProjetosJavaScript\pgats-ci-lab\actions-runner\bin'
[2025-06-01 01:24:16Z INFO ProcessInvokerWrapper] Starting process:
[2025-06-01 01:24:16Z INFO ProcessInvokerWrapper]   File name: 'C:\Users\User\Renata\PosGraduacao\ProjetosJavaScript\pgats-ci-lab\actions-runner\bin\Runner.Worker.exe'
[2025-06-01 01:24:16Z INFO ProcessInvokerWrapper]   Arguments: 'spawnclient 1672 1608'
[2025-06-01 01:24:16Z INFO ProcessInvokerWrapper]   Working directory: 'C:\Users\User\Renata\PosGraduacao\ProjetosJavaScript\pgats-ci-lab\actions-runner\bin'
[2025-06-01 01:24:16Z INFO ProcessInvokerWrapper]   Require exit code zero: 'False'
[2025-06-01 01:24:16Z INFO ProcessInvokerWrapper]   Encoding web name:  ; code page: ''
[2025-06-01 01:24:16Z INFO ProcessInvokerWrapper]   Force kill process on cancellation: 'True'
[2025-06-01 01:24:16Z INFO ProcessInvokerWrapper]   Redirected STDIN: 'False'
[2025-06-01 01:24:16Z INFO ProcessInvokerWrapper]   Persist current code page: 'False'
[2025-06-01 01:24:16Z INFO ProcessInvokerWrapper]   Keep redirected STDIN open: 'False'
[2025-06-01 01:24:16Z INFO ProcessInvokerWrapper]   High priority process: 'True'
[2025-06-01 01:24:16Z INFO ProcessInvokerWrapper] Process started with process id 4008, waiting for process exit.
[2025-06-01 01:24:16Z INFO JobDispatcher] Send job request message to worker for job adb8e7cf-b9af-5879-9e17-6b66e23c6365.
[2025-06-01 01:24:16Z INFO ProcessChannel] Sending message of length 19198, with hash '01d016fff6b79b25176de1e022ba8c1789e21ed468462dfa364cacec14c6ef3b'
[2025-06-01 01:24:17Z INFO JobNotification] Entering JobStarted Notification
[2025-06-01 01:24:17Z INFO JobNotification] Entering StartMonitor
[2025-06-01 01:25:17Z INFO JobDispatcher] Successfully renew job adb8e7cf-b9af-5879-9e17-6b66e23c6365, job is valid till 01/06/2025 01:35:17
[2025-06-01 01:25:28Z INFO ProcessInvokerWrapper] STDOUT/STDERR stream read finished.
[2025-06-01 01:25:28Z INFO ProcessInvokerWrapper] STDOUT/STDERR stream read finished.
[2025-06-01 01:25:28Z INFO ProcessInvokerWrapper] Finished process 4008 with exit code 100, and elapsed time 00:01:11.5901185.
[2025-06-01 01:25:28Z INFO JobDispatcher] Worker finished for job adb8e7cf-b9af-5879-9e17-6b66e23c6365. Code: 100
[2025-06-01 01:25:28Z INFO JobDispatcher] finish job request for job adb8e7cf-b9af-5879-9e17-6b66e23c6365 with result: Succeeded
[2025-06-01 01:25:28Z INFO Terminal] WRITE LINE: 2025-06-01 01:25:28Z: Job e2e-tests completed with result: Succeeded
[2025-06-01 01:25:28Z INFO JobDispatcher] Stop renew job request for job adb8e7cf-b9af-5879-9e17-6b66e23c6365.
[2025-06-01 01:25:28Z INFO JobDispatcher] job renew has been cancelled, stop renew job adb8e7cf-b9af-5879-9e17-6b66e23c6365.
[2025-06-01 01:25:28Z INFO JobNotification] Entering JobCompleted Notification
[2025-06-01 01:25:28Z INFO JobNotification] Entering EndMonitor
[2025-06-01 01:25:28Z INFO BrokerMessageListener] Received job status event. JobState: Online
[2025-06-01 01:25:28Z WARN GitHubActionsService] GET request to https://broker.actions.githubusercontent.com/message?sessionId=e1508b08-3dca-4e31-a320-4de64a1c32c6&status=Busy&runnerVersion=2.324.0&os=Windows&architecture=X64&disableUpdate=false has been cancelled.
[2025-06-01 01:25:28Z ERR  BrokerServer] Catch exception during request
[2025-06-01 01:25:28Z ERR  BrokerServer] System.Threading.Tasks.TaskCanceledException: The operation was canceled.
 ---> System.Threading.Tasks.TaskCanceledException: The operation was canceled.
 ---> System.IO.IOException: Unable to read data from the transport connection: A operação de E/S foi anulada devido a uma saída de thread ou a uma requisição de aplicativo..
 ---> System.Net.Sockets.SocketException (995): A operação de E/S foi anulada devido a uma saída de thread ou a uma requisição de aplicativo.
   --- End of inner exception stack trace ---
   at System.Net.Sockets.Socket.AwaitableSocketAsyncEventArgs.ThrowException(SocketError error, CancellationToken cancellationToken)
   at System.Net.Sockets.Socket.AwaitableSocketAsyncEventArgs.System.Threading.Tasks.Sources.IValueTaskSource<System.Int32>.GetResult(Int16 token)
   at System.Net.Security.SslStream.EnsureFullTlsFrameAsync[TIOAdapter](CancellationToken cancellationToken, Int32 estimatedSize)
   at System.Runtime.CompilerServices.PoolingAsyncValueTaskMethodBuilder`1.StateMachineBox`1.System.Threading.Tasks.Sources.IValueTaskSource<TResult>.GetResult(Int16 token)
   at System.Net.Security.SslStream.ReadAsyncInternal[TIOAdapter](Memory`1 buffer, CancellationToken cancellationToken)
   at System.Runtime.CompilerServices.PoolingAsyncValueTaskMethodBuilder`1.StateMachineBox`1.System.Threading.Tasks.Sources.IValueTaskSource<TResult>.GetResult(Int16 token)
   at System.Net.Http.HttpConnection.SendAsync(HttpRequestMessage request, Boolean async, CancellationToken cancellationToken)
   --- End of inner exception stack trace ---
   at System.Net.Http.HttpConnection.SendAsync(HttpRequestMessage request, Boolean async, CancellationToken cancellationToken)
   at System.Net.Http.AuthenticationHelper.SendWithNtAuthAsync(HttpRequestMessage request, Uri authUri, Boolean async, ICredentials credentials, Boolean isProxyAuth, HttpConnection connection, HttpConnectionPool connectionPool, CancellationToken cancellationToken)
   at System.Net.Http.HttpConnectionPool.SendWithVersionDetectionAndRetryAsync(HttpRequestMessage request, Boolean async, Boolean doRequestAuth, CancellationToken cancellationToken)
   at System.Net.Http.AuthenticationHelper.SendWithAuthAsync(HttpRequestMessage request, Uri authUri, Boolean async, ICredentials credentials, Boolean preAuthenticate, Boolean isProxyAuth, Boolean doRequestAuth, HttpConnectionPool pool, CancellationToken cancellationToken)
   at System.Net.Http.RedirectHandler.SendAsync(HttpRequestMessage request, Boolean async, CancellationToken cancellationToken)
   at GitHub.Services.Common.RawHttpMessageHandler.SendAsync(HttpRequestMessage request, CancellationToken cancellationToken)
   at GitHub.Services.Common.VssHttpRetryMessageHandler.SendAsync(HttpRequestMessage request, CancellationToken cancellationToken)
   at System.Net.Http.HttpClient.<SendAsync>g__Core|83_0(HttpRequestMessage request, HttpCompletionOption completionOption, CancellationTokenSource cts, Boolean disposeCts, CancellationTokenSource pendingRequestsCts, CancellationToken originalCancellationToken)
   --- End of inner exception stack trace ---
   at System.Net.Http.HttpClient.HandleFailure(Exception e, Boolean telemetryStarted, HttpResponseMessage response, CancellationTokenSource cts, CancellationToken cancellationToken, CancellationTokenSource pendingRequestsCts)
   at System.Net.Http.HttpClient.<SendAsync>g__Core|83_0(HttpRequestMessage request, HttpCompletionOption completionOption, CancellationTokenSource cts, Boolean disposeCts, CancellationTokenSource pendingRequestsCts, CancellationToken originalCancellationToken)
   at Sdk.WebApi.WebApi.RawHttpClientBase.SendAsync(HttpRequestMessage message, HttpCompletionOption completionOption, Object userState, CancellationToken cancellationToken)
   at Sdk.WebApi.WebApi.RawHttpClientBase.SendAsync[T](HttpRequestMessage message, Boolean readErrorBody, Object userState, CancellationToken cancellationToken)
   at Sdk.WebApi.WebApi.RawHttpClientBase.SendAsync[T](HttpMethod method, IEnumerable`1 additionalHeaders, Uri requestUri, HttpContent content, IEnumerable`1 queryParameters, Boolean readErrorBody, Object userState, CancellationToken cancellationToken)
   at GitHub.Actions.RunService.WebApi.BrokerHttpClient.GetRunnerMessageAsync(Nullable`1 sessionId, String runnerVersion, Nullable`1 status, String os, String architecture, Nullable`1 disableUpdate, CancellationToken cancellationToken)
   at GitHub.Runner.Common.BrokerServer.<>c__DisplayClass7_0.<<GetRunnerMessageAsync>b__0>d.MoveNext()
--- End of stack trace from previous location ---
   at GitHub.Runner.Common.RunnerService.RetryRequest[T](Func`1 func, CancellationToken cancellationToken, Int32 maxRetryAttemptsCount, Func`2 shouldRetry)
[2025-06-01 01:25:28Z ERR  BrokerServer] #####################################################
[2025-06-01 01:25:28Z ERR  BrokerServer] System.Threading.Tasks.TaskCanceledException: The operation was canceled.
 ---> System.IO.IOException: Unable to read data from the transport connection: A operação de E/S foi anulada devido a uma saída de thread ou a uma requisição de aplicativo..
 ---> System.Net.Sockets.SocketException (995): A operação de E/S foi anulada devido a uma saída de thread ou a uma requisição de aplicativo.
   --- End of inner exception stack trace ---
   at System.Net.Sockets.Socket.AwaitableSocketAsyncEventArgs.ThrowException(SocketError error, CancellationToken cancellationToken)
   at System.Net.Sockets.Socket.AwaitableSocketAsyncEventArgs.System.Threading.Tasks.Sources.IValueTaskSource<System.Int32>.GetResult(Int16 token)
   at System.Net.Security.SslStream.EnsureFullTlsFrameAsync[TIOAdapter](CancellationToken cancellationToken, Int32 estimatedSize)
   at System.Runtime.CompilerServices.PoolingAsyncValueTaskMethodBuilder`1.StateMachineBox`1.System.Threading.Tasks.Sources.IValueTaskSource<TResult>.GetResult(Int16 token)
   at System.Net.Security.SslStream.ReadAsyncInternal[TIOAdapter](Memory`1 buffer, CancellationToken cancellationToken)
   at System.Runtime.CompilerServices.PoolingAsyncValueTaskMethodBuilder`1.StateMachineBox`1.System.Threading.Tasks.Sources.IValueTaskSource<TResult>.GetResult(Int16 token)
   at System.Net.Http.HttpConnection.SendAsync(HttpRequestMessage request, Boolean async, CancellationToken cancellationToken)
   --- End of inner exception stack trace ---
   at System.Net.Http.HttpConnection.SendAsync(HttpRequestMessage request, Boolean async, CancellationToken cancellationToken)
   at System.Net.Http.AuthenticationHelper.SendWithNtAuthAsync(HttpRequestMessage request, Uri authUri, Boolean async, ICredentials credentials, Boolean isProxyAuth, HttpConnection connection, HttpConnectionPool connectionPool, CancellationToken cancellationToken)
   at System.Net.Http.HttpConnectionPool.SendWithVersionDetectionAndRetryAsync(HttpRequestMessage request, Boolean async, Boolean doRequestAuth, CancellationToken cancellationToken)
   at System.Net.Http.AuthenticationHelper.SendWithAuthAsync(HttpRequestMessage request, Uri authUri, Boolean async, ICredentials credentials, Boolean preAuthenticate, Boolean isProxyAuth, Boolean doRequestAuth, HttpConnectionPool pool, CancellationToken cancellationToken)
   at System.Net.Http.RedirectHandler.SendAsync(HttpRequestMessage request, Boolean async, CancellationToken cancellationToken)
   at GitHub.Services.Common.RawHttpMessageHandler.SendAsync(HttpRequestMessage request, CancellationToken cancellationToken)
   at GitHub.Services.Common.VssHttpRetryMessageHandler.SendAsync(HttpRequestMessage request, CancellationToken cancellationToken)
   at System.Net.Http.HttpClient.<SendAsync>g__Core|83_0(HttpRequestMessage request, HttpCompletionOption completionOption, CancellationTokenSource cts, Boolean disposeCts, CancellationTokenSource pendingRequestsCts, CancellationToken originalCancellationToken)
[2025-06-01 01:25:28Z ERR  BrokerServer] #####################################################
[2025-06-01 01:25:28Z ERR  BrokerServer] System.IO.IOException: Unable to read data from the transport connection: A operação de E/S foi anulada devido a uma saída de thread ou a uma requisição de aplicativo..
 ---> System.Net.Sockets.SocketException (995): A operação de E/S foi anulada devido a uma saída de thread ou a uma requisição de aplicativo.
   --- End of inner exception stack trace ---
   at System.Net.Sockets.Socket.AwaitableSocketAsyncEventArgs.ThrowException(SocketError error, CancellationToken cancellationToken)
   at System.Net.Sockets.Socket.AwaitableSocketAsyncEventArgs.System.Threading.Tasks.Sources.IValueTaskSource<System.Int32>.GetResult(Int16 token)
   at System.Net.Security.SslStream.EnsureFullTlsFrameAsync[TIOAdapter](CancellationToken cancellationToken, Int32 estimatedSize)
   at System.Runtime.CompilerServices.PoolingAsyncValueTaskMethodBuilder`1.StateMachineBox`1.System.Threading.Tasks.Sources.IValueTaskSource<TResult>.GetResult(Int16 token)
   at System.Net.Security.SslStream.ReadAsyncInternal[TIOAdapter](Memory`1 buffer, CancellationToken cancellationToken)
   at System.Runtime.CompilerServices.PoolingAsyncValueTaskMethodBuilder`1.StateMachineBox`1.System.Threading.Tasks.Sources.IValueTaskSource<TResult>.GetResult(Int16 token)
   at System.Net.Http.HttpConnection.SendAsync(HttpRequestMessage request, Boolean async, CancellationToken cancellationToken)
[2025-06-01 01:25:28Z ERR  BrokerServer] #####################################################
[2025-06-01 01:25:28Z ERR  BrokerServer] System.Net.Sockets.SocketException (995): A operação de E/S foi anulada devido a uma saída de thread ou a uma requisição de aplicativo.
[2025-06-01 01:25:28Z WARN BrokerServer] Back off 12,713 seconds before next retry. 4 attempt left.
[2025-06-01 01:25:28Z INFO BrokerMessageListener] Get messages has been cancelled using local token source. Continue to get messages with new status.
[2025-06-01 01:26:09Z INFO Terminal] WRITE LINE: Exiting...
[2025-06-01 01:26:09Z INFO ConfigurationStore] IsServiceConfigured()
[2025-06-01 01:26:09Z INFO ConfigurationStore] IsServiceConfigured: False
[2025-06-01 01:26:09Z INFO HostContext] Runner will be shutdown for UserCancelled
[2025-06-01 01:26:09Z WARN GitHubActionsService] GET request to https://broker.actions.githubusercontent.com/message?sessionId=e1508b08-3dca-4e31-a320-4de64a1c32c6&status=Online&runnerVersion=2.324.0&os=Windows&architecture=X64&disableUpdate=false has been cancelled.
[2025-06-01 01:26:09Z ERR  BrokerServer] Catch exception during request
[2025-06-01 01:26:09Z ERR  BrokerServer] System.Threading.Tasks.TaskCanceledException: The operation was canceled.
 ---> System.Threading.Tasks.TaskCanceledException: The operation was canceled.
 ---> System.IO.IOException: Unable to read data from the transport connection: A operação de E/S foi anulada devido a uma saída de thread ou a uma requisição de aplicativo..
 ---> System.Net.Sockets.SocketException (995): A operação de E/S foi anulada devido a uma saída de thread ou a uma requisição de aplicativo.
   --- End of inner exception stack trace ---
   at System.Net.Sockets.Socket.AwaitableSocketAsyncEventArgs.ThrowException(SocketError error, CancellationToken cancellationToken)
   at System.Net.Sockets.Socket.AwaitableSocketAsyncEventArgs.System.Threading.Tasks.Sources.IValueTaskSource<System.Int32>.GetResult(Int16 token)
   at System.Net.Security.SslStream.EnsureFullTlsFrameAsync[TIOAdapter](CancellationToken cancellationToken, Int32 estimatedSize)
   at System.Runtime.CompilerServices.PoolingAsyncValueTaskMethodBuilder`1.StateMachineBox`1.System.Threading.Tasks.Sources.IValueTaskSource<TResult>.GetResult(Int16 token)
   at System.Net.Security.SslStream.ReadAsyncInternal[TIOAdapter](Memory`1 buffer, CancellationToken cancellationToken)
   at System.Runtime.CompilerServices.PoolingAsyncValueTaskMethodBuilder`1.StateMachineBox`1.System.Threading.Tasks.Sources.IValueTaskSource<TResult>.GetResult(Int16 token)
   at System.Net.Http.HttpConnection.InitialFillAsync(Boolean async)
   at System.Net.Http.HttpConnection.SendAsync(HttpRequestMessage request, Boolean async, CancellationToken cancellationToken)
   --- End of inner exception stack trace ---
   at System.Net.Http.HttpConnection.SendAsync(HttpRequestMessage request, Boolean async, CancellationToken cancellationToken)
   at System.Net.Http.AuthenticationHelper.SendWithNtAuthAsync(HttpRequestMessage request, Uri authUri, Boolean async, ICredentials credentials, Boolean isProxyAuth, HttpConnection connection, HttpConnectionPool connectionPool, CancellationToken cancellationToken)
   at System.Net.Http.HttpConnectionPool.SendWithVersionDetectionAndRetryAsync(HttpRequestMessage request, Boolean async, Boolean doRequestAuth, CancellationToken cancellationToken)
   at System.Net.Http.AuthenticationHelper.SendWithAuthAsync(HttpRequestMessage request, Uri authUri, Boolean async, ICredentials credentials, Boolean preAuthenticate, Boolean isProxyAuth, Boolean doRequestAuth, HttpConnectionPool pool, CancellationToken cancellationToken)
   at System.Net.Http.RedirectHandler.SendAsync(HttpRequestMessage request, Boolean async, CancellationToken cancellationToken)
   at GitHub.Services.Common.RawHttpMessageHandler.SendAsync(HttpRequestMessage request, CancellationToken cancellationToken)
   at GitHub.Services.Common.VssHttpRetryMessageHandler.SendAsync(HttpRequestMessage request, CancellationToken cancellationToken)
   at System.Net.Http.HttpClient.<SendAsync>g__Core|83_0(HttpRequestMessage request, HttpCompletionOption completionOption, CancellationTokenSource cts, Boolean disposeCts, CancellationTokenSource pendingRequestsCts, CancellationToken originalCancellationToken)
   --- End of inner exception stack trace ---
   at System.Net.Http.HttpClient.HandleFailure(Exception e, Boolean telemetryStarted, HttpResponseMessage response, CancellationTokenSource cts, CancellationToken cancellationToken, CancellationTokenSource pendingRequestsCts)
   at System.Net.Http.HttpClient.<SendAsync>g__Core|83_0(HttpRequestMessage request, HttpCompletionOption completionOption, CancellationTokenSource cts, Boolean disposeCts, CancellationTokenSource pendingRequestsCts, CancellationToken originalCancellationToken)
   at Sdk.WebApi.WebApi.RawHttpClientBase.SendAsync(HttpRequestMessage message, HttpCompletionOption completionOption, Object userState, CancellationToken cancellationToken)
   at Sdk.WebApi.WebApi.RawHttpClientBase.SendAsync[T](HttpRequestMessage message, Boolean readErrorBody, Object userState, CancellationToken cancellationToken)
   at Sdk.WebApi.WebApi.RawHttpClientBase.SendAsync[T](HttpMethod method, IEnumerable`1 additionalHeaders, Uri requestUri, HttpContent content, IEnumerable`1 queryParameters, Boolean readErrorBody, Object userState, CancellationToken cancellationToken)
   at GitHub.Actions.RunService.WebApi.BrokerHttpClient.GetRunnerMessageAsync(Nullable`1 sessionId, String runnerVersion, Nullable`1 status, String os, String architecture, Nullable`1 disableUpdate, CancellationToken cancellationToken)
   at GitHub.Runner.Common.BrokerServer.<>c__DisplayClass7_0.<<GetRunnerMessageAsync>b__0>d.MoveNext()
--- End of stack trace from previous location ---
   at GitHub.Runner.Common.RunnerService.RetryRequest[T](Func`1 func, CancellationToken cancellationToken, Int32 maxRetryAttemptsCount, Func`2 shouldRetry)
[2025-06-01 01:26:09Z ERR  BrokerServer] #####################################################
[2025-06-01 01:26:09Z ERR  BrokerServer] System.Threading.Tasks.TaskCanceledException: The operation was canceled.
 ---> System.IO.IOException: Unable to read data from the transport connection: A operação de E/S foi anulada devido a uma saída de thread ou a uma requisição de aplicativo..
 ---> System.Net.Sockets.SocketException (995): A operação de E/S foi anulada devido a uma saída de thread ou a uma requisição de aplicativo.
   --- End of inner exception stack trace ---
   at System.Net.Sockets.Socket.AwaitableSocketAsyncEventArgs.ThrowException(SocketError error, CancellationToken cancellationToken)
   at System.Net.Sockets.Socket.AwaitableSocketAsyncEventArgs.System.Threading.Tasks.Sources.IValueTaskSource<System.Int32>.GetResult(Int16 token)
   at System.Net.Security.SslStream.EnsureFullTlsFrameAsync[TIOAdapter](CancellationToken cancellationToken, Int32 estimatedSize)
   at System.Runtime.CompilerServices.PoolingAsyncValueTaskMethodBuilder`1.StateMachineBox`1.System.Threading.Tasks.Sources.IValueTaskSource<TResult>.GetResult(Int16 token)
   at System.Net.Security.SslStream.ReadAsyncInternal[TIOAdapter](Memory`1 buffer, CancellationToken cancellationToken)
   at System.Runtime.CompilerServices.PoolingAsyncValueTaskMethodBuilder`1.StateMachineBox`1.System.Threading.Tasks.Sources.IValueTaskSource<TResult>.GetResult(Int16 token)
   at System.Net.Http.HttpConnection.InitialFillAsync(Boolean async)
   at System.Net.Http.HttpConnection.SendAsync(HttpRequestMessage request, Boolean async, CancellationToken cancellationToken)
   --- End of inner exception stack trace ---
   at System.Net.Http.HttpConnection.SendAsync(HttpRequestMessage request, Boolean async, CancellationToken cancellationToken)
   at System.Net.Http.AuthenticationHelper.SendWithNtAuthAsync(HttpRequestMessage request, Uri authUri, Boolean async, ICredentials credentials, Boolean isProxyAuth, HttpConnection connection, HttpConnectionPool connectionPool, CancellationToken cancellationToken)
   at System.Net.Http.HttpConnectionPool.SendWithVersionDetectionAndRetryAsync(HttpRequestMessage request, Boolean async, Boolean doRequestAuth, CancellationToken cancellationToken)
   at System.Net.Http.AuthenticationHelper.SendWithAuthAsync(HttpRequestMessage request, Uri authUri, Boolean async, ICredentials credentials, Boolean preAuthenticate, Boolean isProxyAuth, Boolean doRequestAuth, HttpConnectionPool pool, CancellationToken cancellationToken)
   at System.Net.Http.RedirectHandler.SendAsync(HttpRequestMessage request, Boolean async, CancellationToken cancellationToken)
   at GitHub.Services.Common.RawHttpMessageHandler.SendAsync(HttpRequestMessage request, CancellationToken cancellationToken)
   at GitHub.Services.Common.VssHttpRetryMessageHandler.SendAsync(HttpRequestMessage request, CancellationToken cancellationToken)
   at System.Net.Http.HttpClient.<SendAsync>g__Core|83_0(HttpRequestMessage request, HttpCompletionOption completionOption, CancellationTokenSource cts, Boolean disposeCts, CancellationTokenSource pendingRequestsCts, CancellationToken originalCancellationToken)
[2025-06-01 01:26:09Z ERR  BrokerServer] #####################################################
[2025-06-01 01:26:09Z ERR  BrokerServer] System.IO.IOException: Unable to read data from the transport connection: A operação de E/S foi anulada devido a uma saída de thread ou a uma requisição de aplicativo..
 ---> System.Net.Sockets.SocketException (995): A operação de E/S foi anulada devido a uma saída de thread ou a uma requisição de aplicativo.
   --- End of inner exception stack trace ---
   at System.Net.Sockets.Socket.AwaitableSocketAsyncEventArgs.ThrowException(SocketError error, CancellationToken cancellationToken)
   at System.Net.Sockets.Socket.AwaitableSocketAsyncEventArgs.System.Threading.Tasks.Sources.IValueTaskSource<System.Int32>.GetResult(Int16 token)
   at System.Net.Security.SslStream.EnsureFullTlsFrameAsync[TIOAdapter](CancellationToken cancellationToken, Int32 estimatedSize)
   at System.Runtime.CompilerServices.PoolingAsyncValueTaskMethodBuilder`1.StateMachineBox`1.System.Threading.Tasks.Sources.IValueTaskSource<TResult>.GetResult(Int16 token)
   at System.Net.Security.SslStream.ReadAsyncInternal[TIOAdapter](Memory`1 buffer, CancellationToken cancellationToken)
   at System.Runtime.CompilerServices.PoolingAsyncValueTaskMethodBuilder`1.StateMachineBox`1.System.Threading.Tasks.Sources.IValueTaskSource<TResult>.GetResult(Int16 token)
   at System.Net.Http.HttpConnection.InitialFillAsync(Boolean async)
   at System.Net.Http.HttpConnection.SendAsync(HttpRequestMessage request, Boolean async, CancellationToken cancellationToken)
[2025-06-01 01:26:09Z ERR  BrokerServer] #####################################################
[2025-06-01 01:26:09Z ERR  BrokerServer] System.Net.Sockets.SocketException (995): A operação de E/S foi anulada devido a uma saída de thread ou a uma requisição de aplicativo.
[2025-06-01 01:26:09Z WARN BrokerServer] Back off 10,136 seconds before next retry. 4 attempt left.
[2025-06-01 01:26:09Z INFO BrokerMessageListener] Get next message has been cancelled.
[2025-06-01 01:26:09Z INFO JobDispatcher] Shutting down JobDispatcher. Make sure all WorkerDispatcher has finished.
[2025-06-01 01:26:09Z INFO JobDispatcher] Ensure WorkerDispatcher for job adb8e7cf-b9af-5879-9e17-6b66e23c6365 run to finish, cancel any running job.
[2025-06-01 01:26:09Z INFO JobDispatcher] Job request adb8e7cf-b9af-5879-9e17-6b66e23c6365 processed succeed.
[2025-06-01 01:26:09Z INFO Runner] Deleting Runner Session...
[2025-06-01 01:26:09Z INFO Listener] Runner execution been cancelled.
