[2025-06-01 19:55:15Z INFO HostContext] No proxy settings were found based on environmental variables (http_proxy/https_proxy/HTTP_PROXY/HTTPS_PROXY)
[2025-06-01 19:55:15Z INFO HostContext] Well known directory 'Bin': 'C:\Users\User\Renata\PosGraduacao\ProjetosJavaScript\pgats-ci-lab\actions-runner\bin'
[2025-06-01 19:55:15Z INFO HostContext] Well known directory 'Root': 'C:\Users\User\Renata\PosGraduacao\ProjetosJavaScript\pgats-ci-lab\actions-runner'
[2025-06-01 19:55:15Z INFO HostContext] Well known config file 'Credentials': 'C:\Users\User\Renata\PosGraduacao\ProjetosJavaScript\pgats-ci-lab\actions-runner\.credentials'
[2025-06-01 19:55:16Z INFO HostContext] Well known directory 'Bin': 'C:\Users\User\Renata\PosGraduacao\ProjetosJavaScript\pgats-ci-lab\actions-runner\bin'
[2025-06-01 19:55:16Z INFO HostContext] Well known directory 'Root': 'C:\Users\User\Renata\PosGraduacao\ProjetosJavaScript\pgats-ci-lab\actions-runner'
[2025-06-01 19:55:16Z INFO HostContext] Well known config file 'Runner': 'C:\Users\User\Renata\PosGraduacao\ProjetosJavaScript\pgats-ci-lab\actions-runner\.runner'
[2025-06-01 19:55:16Z INFO Worker] Version: 2.324.0
[2025-06-01 19:55:16Z INFO Worker] Commit: da3412efd49b1cf1a0fbdcbcee4e4ac4cc2177c8
[2025-06-01 19:55:16Z INFO Worker] Culture: pt-BR
[2025-06-01 19:55:16Z INFO Worker] UI Culture: pt-BR
[2025-06-01 19:55:16Z INFO Worker] Waiting to receive the job message from the channel.
[2025-06-01 19:55:16Z INFO ProcessChannel] Receiving message of length 24746, with hash '140cd1e131a16deb3a7ee0f8d5000b793a0354334df70dffbd5bb919c9db052f'
[2025-06-01 19:55:16Z INFO Worker] Message received.
[2025-06-01 19:55:16Z INFO Worker] Job message:
 {
  "fileTable": [
    ".github/workflows/01-manual-exec.yaml"
  ],
  "mask": [
    {
      "type": "regex",
      "value": "***"
    },
    {
      "type": "regex",
      "value": "***"
    },
    {
      "type": "regex",
      "value": "***"
    },
    {
      "type": "regex",
      "value": "***"
    },
    {
      "type": "regex",
      "value": "***"
    },
    {
      "type": "regex",
      "value": "***"
    },
    {
      "type": "regex",
      "value": "***"
    },
    {
      "type": "regex",
      "value": "***"
    },
    {
      "type": "regex",
      "value": "***"
    },
    {
      "type": "regex",
      "value": "***"
    },
    {
      "type": "regex",
      "value": "***"
    },
    {
      "type": "regex",
      "value": "***"
    },
    {
      "type": "regex",
      "value": "***"
    },
    {
      "type": "regex",
      "value": "***"
    },
    {
      "type": "regex",
      "value": "***"
    },
    {
      "type": "regex",
      "value": "***"
    },
    {
      "type": "regex",
      "value": "***"
    },
    {
      "type": "regex",
      "value": "***"
    }
  ],
  "steps": [
    {
      "type": "action",
      "reference": {
        "type": "repository",
        "name": "actions/checkout",
        "ref": "v4",
        "repositoryType": "GitHub"
      },
      "contextName": "__actions_checkout",
      "inputs": {
        "type": 2,
        "file": 1,
        "line": 19,
        "col": 11,
        "map": [
          {
            "key": {
              "type": 0,
              "file": 1,
              "line": 19,
              "col": 11,
              "lit": "clean"
            },
            "value": {
              "type": 0,
              "file": 1,
              "line": 19,
              "col": 18,
              "lit": "true"
            }
          }
        ]
      },
      "condition": "success()",
      "id": "cbc64272-a5d9-4378-8390-255ac42fe47e",
      "name": "__actions_checkout"
    },
    {
      "type": "action",
      "reference": {
        "type": "script"
      },
      "displayNameToken": {
        "type": 0,
        "file": 1,
        "line": 23,
        "col": 15,
        "lit": "1. Listar arquivos e verificar diretório de trabalho (antes da limpeza)"
      },
      "contextName": "__run",
      "inputs": {
        "type": 2,
        "map": [
          {
            "key": "script",
            "value": {
              "type": 0,
              "file": 1,
              "line": 24,
              "col": 14,
              "lit": "echo \"Diretório de trabalho atual: $(pwd)\"\necho \"Conteúdo de '$env:GITHUB_WORKSPACE' antes da limpeza:\"\nGet-ChildItem -Path $env:GITHUB_WORKSPACE -Recurse -ErrorAction SilentlyContinue\necho \"Conteúdo de '$env:GITHUB_WORKSPACE\\test-results' antes da limpeza:\"\nGet-ChildItem -Path \"$env:GITHUB_WORKSPACE\\test-results\" -Recurse -ErrorAction SilentlyContinue\n"
            }
          },
          {
            "key": "shell",
            "value": {
              "type": 0,
              "file": 1,
              "line": 30,
              "col": 16,
              "lit": "powershell"
            }
          }
        ]
      },
      "condition": "success()",
      "id": "c41098c4-c6b1-4428-a22d-1d5a1abf2857",
      "name": "__run"
    },
    {
      "type": "action",
      "reference": {
        "type": "script"
      },
      "displayNameToken": {
        "type": 0,
        "file": 1,
        "line": 32,
        "col": 15,
        "lit": "2. Limpar diretório de relatórios antigos (remover a pasta inteira)"
      },
      "contextName": "__run_2",
      "inputs": {
        "type": 2,
        "map": [
          {
            "key": "script",
            "value": {
              "type": 0,
              "file": 1,
              "line": 33,
              "col": 14,
              "lit": "$reportDir = \"$env:GITHUB_WORKSPACE\\test-results\"\necho \"Tentando remover diretório de relatórios: $reportDir\"\nif (Test-Path $reportDir) {\n  Remove-Item -Path $reportDir -Recurse -Force -ErrorAction Stop\n  echo \"Diretório de relatórios '$reportDir' removido com sucesso.\"\n} else {\n  echo \"Nenhum diretório de relatórios '$reportDir' encontrado para remover.\"\n}\n"
            }
          },
          {
            "key": "shell",
            "value": {
              "type": 0,
              "file": 1,
              "line": 42,
              "col": 16,
              "lit": "powershell"
            }
          }
        ]
      },
      "condition": "success()",
      "id": "d4618ff4-9a35-4f8b-a354-248f6ef7e835",
      "name": "__run_2"
    },
    {
      "type": "action",
      "reference": {
        "type": "script"
      },
      "displayNameToken": {
        "type": 0,
        "file": 1,
        "line": 44,
        "col": 15,
        "lit": "3. Listar arquivos no diretório de trabalho após a limpeza"
      },
      "contextName": "__run_3",
      "inputs": {
        "type": 2,
        "map": [
          {
            "key": "script",
            "value": {
              "type": 0,
              "file": 1,
              "line": 45,
              "col": 14,
              "lit": "echo \"Conteúdo de '$env:GITHUB_WORKSPACE' após a limpeza:\"\nGet-ChildItem -Path $env:GITHUB_WORKSPACE -Recurse -Depth 1\necho \"Conteúdo de '$env:GITHUB_WORKSPACE\\test-results' após a limpeza (deve estar vazio ou não existir):\"\nGet-ChildItem -Path \"$env:GITHUB_WORKSPACE\\test-results\" -Recurse -ErrorAction SilentlyContinue\n"
            }
          },
          {
            "key": "shell",
            "value": {
              "type": 0,
              "file": 1,
              "line": 50,
              "col": 16,
              "lit": "powershell"
            }
          }
        ]
      },
      "condition": "success()",
      "id": "4b4d5076-89d1-4f64-af4a-bbb559bebc2a",
      "name": "__run_3"
    },
    {
      "type": "action",
      "reference": {
        "type": "repository",
        "name": "actions/setup-node",
        "ref": "v4",
        "repositoryType": "GitHub"
      },
      "contextName": "__actions_setup-node",
      "inputs": {
        "type": 2,
        "file": 1,
        "line": 56,
        "col": 11,
        "map": [
          {
            "key": {
              "type": 0,
              "file": 1,
              "line": 56,
              "col": 11,
              "lit": "node-version"
            },
            "value": {
              "type": 0,
              "file": 1,
              "line": 56,
              "col": 25,
              "lit": "22.x"
            }
          }
        ]
      },
      "condition": "success()",
      "id": "7a4b945b-54d7-4594-a74f-c0ffcfe3667c",
      "name": "__actions_setup-node"
    },
    {
      "type": "action",
      "reference": {
        "type": "script"
      },
      "displayNameToken": {
        "type": 0,
        "file": 1,
        "line": 59,
        "col": 15,
        "lit": "Instalando Yarn"
      },
      "contextName": "__run_4",
      "inputs": {
        "type": 2,
        "map": [
          {
            "key": "script",
            "value": {
              "type": 0,
              "file": 1,
              "line": 60,
              "col": 14,
              "lit": "npm install -g yarn"
            }
          },
          {
            "key": "shell",
            "value": {
              "type": 0,
              "file": 1,
              "line": 61,
              "col": 16,
              "lit": "powershell"
            }
          }
        ]
      },
      "condition": "success()",
      "id": "f9694910-6e48-4903-b2da-67986c15ad36",
      "name": "__run_4"
    },
    {
      "type": "action",
      "reference": {
        "type": "script"
      },
      "displayNameToken": {
        "type": 0,
        "file": 1,
        "line": 64,
        "col": 15,
        "lit": "Instalando dependências"
      },
      "contextName": "__run_5",
      "inputs": {
        "type": 2,
        "map": [
          {
            "key": "script",
            "value": {
              "type": 0,
              "file": 1,
              "line": 65,
              "col": 14,
              "lit": "yarn"
            }
          },
          {
            "key": "shell",
            "value": {
              "type": 0,
              "file": 1,
              "line": 66,
              "col": 16,
              "lit": "powershell"
            }
          }
        ]
      },
      "condition": "success()",
      "id": "f1ed2a12-27a8-4459-8c52-674a13b797e0",
      "name": "__run_5"
    },
    {
      "type": "action",
      "reference": {
        "type": "script"
      },
      "displayNameToken": {
        "type": 0,
        "file": 1,
        "line": 69,
        "col": 15,
        "lit": "Instalando Playwright"
      },
      "contextName": "__run_6",
      "inputs": {
        "type": 2,
        "map": [
          {
            "key": "script",
            "value": {
              "type": 0,
              "file": 1,
              "line": 70,
              "col": 14,
              "lit": "yarn playwright install"
            }
          },
          {
            "key": "shell",
            "value": {
              "type": 0,
              "file": 1,
              "line": 71,
              "col": 16,
              "lit": "powershell"
            }
          }
        ]
      },
      "condition": "success()",
      "id": "d2e50a56-110d-44db-8c0a-a974261103d4",
      "name": "__run_6"
    },
    {
      "type": "action",
      "reference": {
        "type": "script"
      },
      "displayNameToken": {
        "type": 0,
        "file": 1,
        "line": 74,
        "col": 15,
        "lit": "Executando testes E2E"
      },
      "contextName": "__run_7",
      "inputs": {
        "type": 2,
        "map": [
          {
            "key": "script",
            "value": {
              "type": 0,
              "file": 1,
              "line": 75,
              "col": 14,
              "lit": "yarn run e2e"
            }
          },
          {
            "key": "shell",
            "value": {
              "type": 0,
              "file": 1,
              "line": 76,
              "col": 16,
              "lit": "powershell"
            }
          }
        ]
      },
      "condition": "success()",
      "id": "ba071fff-80fb-428f-8be7-8ee49602e779",
      "name": "__run_7"
    },
    {
      "type": "action",
      "reference": {
        "type": "script"
      },
      "displayNameToken": {
        "type": 0,
        "file": 1,
        "line": 79,
        "col": 15,
        "lit": "4. Listar arquivos no diretório de trabalho após a execução dos testes (DETALHADO)"
      },
      "contextName": "__run_8",
      "inputs": {
        "type": 2,
        "map": [
          {
            "key": "script",
            "value": {
              "type": 0,
              "file": 1,
              "line": 80,
              "col": 14,
              "lit": "echo \"Conteúdo de '$env:GITHUB_WORKSPACE' após a execução dos testes:\"\nGet-ChildItem -Path $env:GITHUB_WORKSPACE -Recurse -Depth 2\necho \"Conteúdo da pasta 'test-results':\"\nGet-ChildItem -Path \"$env:GITHUB_WORKSPACE\\test-results\" -Recurse -ErrorAction SilentlyContinue\n"
            }
          },
          {
            "key": "shell",
            "value": {
              "type": 0,
              "file": 1,
              "line": 85,
              "col": 16,
              "lit": "powershell"
            }
          }
        ]
      },
      "condition": "success()",
      "id": "71ca1a69-050c-484b-9897-8e1a20cbb594",
      "name": "__run_8"
    },
    {
      "type": "action",
      "reference": {
        "type": "script"
      },
      "displayNameToken": {
        "type": 0,
        "file": 1,
        "line": 87,
        "col": 15,
        "lit": "5. Verificar e exibir conteúdo do results.xml gerado (DETALHADO)"
      },
      "contextName": "__run_9",
      "inputs": {
        "type": 2,
        "map": [
          {
            "key": "script",
            "value": {
              "type": 0,
              "file": 1,
              "line": 88,
              "col": 14,
              "lit": "$reportPath = \"$env:GITHUB_WORKSPACE\\test-results\\results.xml\"\necho \"Verificando o arquivo de relatório gerado: $reportPath\"\nif (Test-Path $reportPath) {\n  echo \"Arquivo 'results.xml' encontrado. Conteúdo (primeiras 20 linhas):\"\n  Get-Content -Path $reportPath | Select-Object -First 20\n} else {\n  echo \"ERRO CRÍTICO: Arquivo 'results.xml' NÃO encontrado em '$reportPath' após a execução dos testes.\"\n  exit 1\n}\n"
            }
          },
          {
            "key": "shell",
            "value": {
              "type": 0,
              "file": 1,
              "line": 98,
              "col": 16,
              "lit": "powershell"
            }
          }
        ]
      },
      "condition": "success()",
      "id": "aca767a3-78ac-4ace-aa0b-4c70ca6656dd",
      "name": "__run_9"
    },
    {
      "type": "action",
      "reference": {
        "type": "repository",
        "name": "dorny/test-reporter",
        "ref": "v3",
        "repositoryType": "GitHub"
      },
      "displayNameToken": {
        "type": 0,
        "file": 1,
        "line": 102,
        "col": 15,
        "lit": "Publicar relatório de testes no GitHub (via Test Reporter)"
      },
      "contextName": "__dorny_test-reporter",
      "inputs": {
        "type": 2,
        "file": 1,
        "line": 106,
        "col": 11,
        "map": [
          {
            "key": {
              "type": 0,
              "file": 1,
              "line": 106,
              "col": 11,
              "lit": "name"
            },
            "value": {
              "type": 0,
              "file": 1,
              "line": 106,
              "col": 17,
              "lit": "Test Report"
            }
          },
          {
            "key": {
              "type": 0,
              "file": 1,
              "line": 107,
              "col": 11,
              "lit": "path"
            },
            "value": {
              "type": 0,
              "file": 1,
              "line": 107,
              "col": 17,
              "lit": "./test-results/results.xml"
            }
          },
          {
            "key": {
              "type": 0,
              "file": 1,
              "line": 108,
              "col": 11,
              "lit": "reporter"
            },
            "value": {
              "type": 0,
              "file": 1,
              "line": 108,
              "col": 21,
              "lit": "junit"
            }
          }
        ]
      },
      "condition": "always()",
      "id": "caa7226e-1c5c-4266-a7be-185b22816981",
      "name": "__dorny_test-reporter"
    },
    {
      "type": "action",
      "reference": {
        "type": "repository",
        "name": "actions/upload-artifact",
        "ref": "v4",
        "repositoryType": "GitHub"
      },
      "displayNameToken": {
        "type": 0,
        "file": 1,
        "line": 111,
        "col": 15,
        "lit": "Upload Playwright HTML Report"
      },
      "contextName": "__actions_upload-artifact",
      "inputs": {
        "type": 2,
        "file": 1,
        "line": 115,
        "col": 11,
        "map": [
          {
            "key": {
              "type": 0,
              "file": 1,
              "line": 115,
              "col": 11,
              "lit": "name"
            },
            "value": {
              "type": 0,
              "file": 1,
              "line": 115,
              "col": 17,
              "lit": "playwright-html-report"
            }
          },
          {
            "key": {
              "type": 0,
              "file": 1,
              "line": 116,
              "col": 11,
              "lit": "path"
            },
            "value": {
              "type": 0,
              "file": 1,
              "line": 116,
              "col": 17,
              "lit": "playwright-report/"
            }
          },
          {
            "key": {
              "type": 0,
              "file": 1,
              "line": 117,
              "col": 11,
              "lit": "retention-days"
            },
            "value": {
              "type": 0,
              "file": 1,
              "line": 117,
              "col": 27,
              "lit": "30"
            }
          }
        ]
      },
      "condition": "always()",
      "id": "20c0ec05-c27b-48ce-b415-35d6c2a264a4",
      "name": "__actions_upload-artifact"
    }
  ],
  "variables": {
    "Actions.EnableHttpRedirects": {
      "value": "true"
    },
    "DistributedTask.AddWarningToNode12Action": {
      "value": "true"
    },
    "DistributedTask.AddWarningToNode16Action": {
      "value": "true"
    },
    "DistributedTask.AllowRunnerContainerHooks": {
      "value": "true"
    },
    "DistributedTask.DeprecateStepOutputCommands": {
      "value": "true"
    },
    "DistributedTask.DetailUntarFailure": {
      "value": "true"
    },
    "DistributedTask.EnableCompositeActions": {
      "value": "true"
    },
    "DistributedTask.EnableJobServerQueueTelemetry": {
      "value": "true"
    },
    "DistributedTask.EnhancedAnnotations": {
      "value": "true"
    },
    "DistributedTask.ForceGithubJavascriptActionsToNode16": {
      "value": "true"
    },
    "DistributedTask.ForceGithubJavascriptActionsToNode20": {
      "value": "true"
    },
    "DistributedTask.LogTemplateErrorsAsDebugMessages": {
      "value": "true"
    },
    "DistributedTask.MarkJobAsFailedOnWorkerCrash": {
      "value": "true"
    },
    "DistributedTask.NewActionMetadata": {
      "value": "true"
    },
    "DistributedTask.UploadStepSummary": {
      "value": "true"
    },
    "DistributedTask.UseActionArchiveCache": {
      "value": "true"
    },
    "DistributedTask.UseWhich2": {
      "value": "true"
    },
    "RunService.FixEmbeddedIssues": {
      "value": "true"
    },
    "actions_add_check_run_id_to_job_context": {
      "value": "false"
    },
    "actions_display_helpful_actions_download_errors": {
      "value": "false"
    },
    "actions_skip_retry_complete_job_upon_known_errors": {
      "value": "true"
    },
    "actions_uses_cache_service_v2": {
      "value": "true"
    },
    "github_token": {
      "value": "***",
      "isSecret": true
    },
    "system.from_run_service": {
      "value": "true"
    },
    "system.github.job": {
      "value": "e2e-tests"
    },
    "system.github.launch_endpoint": {
      "value": "https://launch.actions.githubusercontent.com"
    },
    "system.github.results_endpoint": {
      "value": "https://results-receiver.actions.githubusercontent.com/"
    },
    "system.github.results_upload_with_sdk": {
      "value": "true"
    },
    "system.github.token": {
      "value": "***",
      "isSecret": true
    },
    "system.github.token.permissions": {
      "value": "{\"Actions\":\"write\",\"Attestations\":\"write\",\"Checks\":\"write\",\"Contents\":\"write\",\"Deployments\":\"write\",\"Discussions\":\"write\",\"Issues\":\"write\",\"Metadata\":\"read\",\"Models\":\"read\",\"Packages\":\"write\",\"Pages\":\"write\",\"PullRequests\":\"write\",\"RepositoryProjects\":\"write\",\"SecurityEvents\":\"write\",\"Statuses\":\"write\"}"
    },
    "system.orchestrationId": {
      "value": "ac0f399d-13c6-4c19-a842-675e405c5c83.e2e-tests.__default"
    },
    "system.phaseDisplayName": {
      "value": "e2e-tests"
    },
    "system.runner.lowdiskspacethreshold": {
      "value": "100"
    },
    "system.runnerEnvironment": {
      "value": "self-hosted"
    }
  },
  "messageType": "RunnerJobRequest",
  "plan": {
    "scopeIdentifier": "00000000-0000-0000-0000-000000000000",
    "planType": "actions",
    "version": 0,
    "planId": "ac0f399d-13c6-4c19-a842-675e405c5c83",
    "planGroup": null,
    "artifactUri": null,
    "artifactLocation": null,
    "definition": null,
    "owner": null
  },
  "timeline": {
    "id": "ac0f399d-13c6-4c19-a842-675e405c5c83",
    "changeId": 0,
    "location": null
  },
  "jobId": "f5450d7c-0515-51b2-8c64-51673b8c6b96",
  "jobDisplayName": "e2e-tests",
  "jobName": "__default",
  "requestId": 0,
  "lockedUntil": "0001-01-01T00:00:00",
  "resources": {
    "endpoints": [
      {
        "data": {
          "ServerId": "",
          "ServerName": "",
          "CacheServerUrl": "https://acghubeus2.actions.githubusercontent.com/K38grThfgeu9BNF8KZFcPq67vOE02c1BvVGacPZlwXudDXW5Pj/",
          "FeedStreamUrl": "wss://results-receiver.actions.githubusercontent.com/_ws/ingest.sock",
          "ResultsServiceUrl": "https://results-receiver.actions.githubusercontent.com/",
          "PipelinesServiceUrl": "https://pipelinesghubeus7.actions.githubusercontent.com/K38grThfgeu9BNF8KZFcPq67vOE02c1BvVGacPZlwXudDXW5Pj/",
          "GenerateIdTokenUrl": ""
        },
        "name": "SystemVssConnection",
        "url": "https://run-actions-2-azure-eastus.actions.githubusercontent.com/91/",
        "authorization": {
          "parameters": {
            "AccessToken": "***"
          },
          "scheme": "OAuth"
        },
        "isShared": false,
        "isReady": true
      }
    ]
  },
  "contextData": {
    "github": {
      "t": 2,
      "d": [
        {
          "k": "ref",
          "v": "refs/heads/main"
        },
        {
          "k": "sha",
          "v": "022036b56233fc650933f57e4b29ff27e2403eb6"
        },
        {
          "k": "repository",
          "v": "Renatacpf/pgats-ci-lab"
        },
        {
          "k": "repository_owner",
          "v": "Renatacpf"
        },
        {
          "k": "repository_owner_id",
          "v": "94009738"
        },
        {
          "k": "repositoryUrl",
          "v": "git://github.com/Renatacpf/pgats-ci-lab.git"
        },
        {
          "k": "run_id",
          "v": "15378834733"
        },
        {
          "k": "run_number",
          "v": "39"
        },
        {
          "k": "retention_days",
          "v": "90"
        },
        {
          "k": "run_attempt",
          "v": "1"
        },
        {
          "k": "artifact_cache_size_limit",
          "v": "10"
        },
        {
          "k": "repository_visibility",
          "v": "public"
        },
        {
          "k": "actor_id",
          "v": "94009738"
        },
        {
          "k": "actor",
          "v": "Renatacpf"
        },
        {
          "k": "workflow",
          "v": "Execução Manual"
        },
        {
          "k": "head_ref",
          "v": ""
        },
        {
          "k": "base_ref",
          "v": ""
        },
        {
          "k": "event_name",
          "v": "workflow_dispatch"
        },
        {
          "k": "server_url",
          "v": "https://github.com"
        },
        {
          "k": "api_url",
          "v": "https://api.github.com"
        },
        {
          "k": "graphql_url",
          "v": "https://api.github.com/graphql"
        },
        {
          "k": "ref_name",
          "v": "main"
        },
        {
          "k": "ref_protected",
          "v": false
        },
        {
          "k": "ref_type",
          "v": "branch"
        },
        {
          "k": "secret_source",
          "v": "Actions"
        },
        {
          "k": "event",
          "v": {
            "t": 2,
            "d": [
              {
                "k": "inputs",
                "v": null
              },
              {
                "k": "ref",
                "v": "refs/heads/main"
              },
              {
                "k": "repository",
                "v": {
                  "t": 2,
                  "d": [
                    {
                      "k": "allow_forking",
                      "v": true
                    },
                    {
                      "k": "archive_url",
                      "v": "https://api.github.com/repos/Renatacpf/pgats-ci-lab/{archive_format}{/ref}"
                    },
                    {
                      "k": "archived",
                      "v": false
                    },
                    {
                      "k": "assignees_url",
                      "v": "https://api.github.com/repos/Renatacpf/pgats-ci-lab/assignees{/user}"
                    },
                    {
                      "k": "blobs_url",
                      "v": "https://api.github.com/repos/Renatacpf/pgats-ci-lab/git/blobs{/sha}"
                    },
                    {
                      "k": "branches_url",
                      "v": "https://api.github.com/repos/Renatacpf/pgats-ci-lab/branches{/branch}"
                    },
                    {
                      "k": "clone_url",
                      "v": "https://github.com/Renatacpf/pgats-ci-lab.git"
                    },
                    {
                      "k": "collaborators_url",
                      "v": "https://api.github.com/repos/Renatacpf/pgats-ci-lab/collaborators{/collaborator}"
                    },
                    {
                      "k": "comments_url",
                      "v": "https://api.github.com/repos/Renatacpf/pgats-ci-lab/comments{/number}"
                    },
                    {
                      "k": "commits_url",
                      "v": "https://api.github.com/repos/Renatacpf/pgats-ci-lab/commits{/sha}"
                    },
                    {
                      "k": "compare_url",
                      "v": "https://api.github.com/repos/Renatacpf/pgats-ci-lab/compare/{base}...{head}"
                    },
                    {
                      "k": "contents_url",
                      "v": "https://api.github.com/repos/Renatacpf/pgats-ci-lab/contents/{+path}"
                    },
                    {
                      "k": "contributors_url",
                      "v": "https://api.github.com/repos/Renatacpf/pgats-ci-lab/contributors"
                    },
                    {
                      "k": "created_at",
                      "v": "2025-05-24T16:41:20Z"
                    },
                    {
                      "k": "default_branch",
                      "v": "main"
                    },
                    {
                      "k": "deployments_url",
                      "v": "https://api.github.com/repos/Renatacpf/pgats-ci-lab/deployments"
                    },
                    {
                      "k": "description",
                      "v": null
                    },
                    {
                      "k": "disabled",
                      "v": false
                    },
                    {
                      "k": "downloads_url",
                      "v": "https://api.github.com/repos/Renatacpf/pgats-ci-lab/downloads"
                    },
                    {
                      "k": "events_url",
                      "v": "https://api.github.com/repos/Renatacpf/pgats-ci-lab/events"
                    },
                    {
                      "k": "fork",
                      "v": true
                    },
                    {
                      "k": "forks",
                      "v": 0.0
                    },
                    {
                      "k": "forks_count",
                      "v": 0.0
                    },
                    {
                      "k": "forks_url",
                      "v": "https://api.github.com/repos/Renatacpf/pgats-ci-lab/forks"
                    },
                    {
                      "k": "full_name",
                      "v": "Renatacpf/pgats-ci-lab"
                    },
                    {
                      "k": "git_commits_url",
                      "v": "https://api.github.com/repos/Renatacpf/pgats-ci-lab/git/commits{/sha}"
                    },
                    {
                      "k": "git_refs_url",
                      "v": "https://api.github.com/repos/Renatacpf/pgats-ci-lab/git/refs{/sha}"
                    },
                    {
                      "k": "git_tags_url",
                      "v": "https://api.github.com/repos/Renatacpf/pgats-ci-lab/git/tags{/sha}"
                    },
                    {
                      "k": "git_url",
                      "v": "git://github.com/Renatacpf/pgats-ci-lab.git"
                    },
                    {
                      "k": "has_discussions",
                      "v": false
                    },
                    {
                      "k": "has_downloads",
                      "v": true
                    },
                    {
                      "k": "has_issues",
                      "v": false
                    },
                    {
                      "k": "has_pages",
                      "v": false
                    },
                    {
                      "k": "has_projects",
                      "v": true
                    },
                    {
                      "k": "has_wiki",
                      "v": true
                    },
                    {
                      "k": "homepage",
                      "v": null
                    },
                    {
                      "k": "hooks_url",
                      "v": "https://api.github.com/repos/Renatacpf/pgats-ci-lab/hooks"
                    },
                    {
                      "k": "html_url",
                      "v": "https://github.com/Renatacpf/pgats-ci-lab"
                    },
                    {
                      "k": "id",
                      "v": 989701844.0
                    },
                    {
                      "k": "is_template",
                      "v": false
                    },
                    {
                      "k": "issue_comment_url",
                      "v": "https://api.github.com/repos/Renatacpf/pgats-ci-lab/issues/comments{/number}"
                    },
                    {
                      "k": "issue_events_url",
                      "v": "https://api.github.com/repos/Renatacpf/pgats-ci-lab/issues/events{/number}"
                    },
                    {
                      "k": "issues_url",
                      "v": "https://api.github.com/repos/Renatacpf/pgats-ci-lab/issues{/number}"
                    },
                    {
                      "k": "keys_url",
                      "v": "https://api.github.com/repos/Renatacpf/pgats-ci-lab/keys{/key_id}"
                    },
                    {
                      "k": "labels_url",
                      "v": "https://api.github.com/repos/Renatacpf/pgats-ci-lab/labels{/name}"
                    },
                    {
                      "k": "language",
                      "v": "TypeScript"
                    },
                    {
                      "k": "languages_url",
                      "v": "https://api.github.com/repos/Renatacpf/pgats-ci-lab/languages"
                    },
                    {
                      "k": "license",
                      "v": null
                    },
                    {
                      "k": "merges_url",
                      "v": "https://api.github.com/repos/Renatacpf/pgats-ci-lab/merges"
                    },
                    {
                      "k": "milestones_url",
                      "v": "https://api.github.com/repos/Renatacpf/pgats-ci-lab/milestones{/number}"
                    },
                    {
                      "k": "mirror_url",
                      "v": null
                    },
                    {
                      "k": "name",
                      "v": "pgats-ci-lab"
                    },
                    {
                      "k": "node_id",
                      "v": "R_kgDOOv2m1A"
                    },
                    {
                      "k": "notifications_url",
                      "v": "https://api.github.com/repos/Renatacpf/pgats-ci-lab/notifications{?since,all,participating}"
                    },
                    {
                      "k": "open_issues",
                      "v": 0.0
                    },
                    {
                      "k": "open_issues_count",
                      "v": 0.0
                    },
                    {
                      "k": "owner",
                      "v": {
                        "t": 2,
                        "d": [
                          {
                            "k": "avatar_url",
                            "v": "https://avatars.githubusercontent.com/u/94009738?v=4"
                          },
                          {
                            "k": "events_url",
                            "v": "https://api.github.com/users/Renatacpf/events{/privacy}"
                          },
                          {
                            "k": "followers_url",
                            "v": "https://api.github.com/users/Renatacpf/followers"
                          },
                          {
                            "k": "following_url",
                            "v": "https://api.github.com/users/Renatacpf/following{/other_user}"
                          },
                          {
                            "k": "gists_url",
                            "v": "https://api.github.com/users/Renatacpf/gists{/gist_id}"
                          },
                          {
                            "k": "gravatar_id",
                            "v": ""
                          },
                          {
                            "k": "html_url",
                            "v": "https://github.com/Renatacpf"
                          },
                          {
                            "k": "id",
                            "v": 94009738.0
                          },
                          {
                            "k": "login",
                            "v": "Renatacpf"
                          },
                          {
                            "k": "node_id",
                            "v": "U_kgDOBZp5ig"
                          },
                          {
                            "k": "organizations_url",
                            "v": "https://api.github.com/users/Renatacpf/orgs"
                          },
                          {
                            "k": "received_events_url",
                            "v": "https://api.github.com/users/Renatacpf/received_events"
                          },
                          {
                            "k": "repos_url",
                            "v": "https://api.github.com/users/Renatacpf/repos"
                          },
                          {
                            "k": "site_admin",
                            "v": false
                          },
                          {
                            "k": "starred_url",
                            "v": "https://api.github.com/users/Renatacpf/starred{/owner}{/repo}"
                          },
                          {
                            "k": "subscriptions_url",
                            "v": "https://api.github.com/users/Renatacpf/subscriptions"
                          },
                          {
                            "k": "type",
                            "v": "User"
                          },
                          {
                            "k": "url",
                            "v": "https://api.github.com/users/Renatacpf"
                          },
                          {
                            "k": "user_view_type",
                            "v": "public"
                          }
                        ]
                      }
                    },
                    {
                      "k": "private",
                      "v": false
                    },
                    {
                      "k": "pulls_url",
                      "v": "https://api.github.com/repos/Renatacpf/pgats-ci-lab/pulls{/number}"
                    },
                    {
                      "k": "pushed_at",
                      "v": "2025-06-01T19:54:44Z"
                    },
                    {
                      "k": "releases_url",
                      "v": "https://api.github.com/repos/Renatacpf/pgats-ci-lab/releases{/id}"
                    },
                    {
                      "k": "size",
                      "v": 149935.0
                    },
                    {
                      "k": "ssh_url",
                      "v": "git@github.com:Renatacpf/pgats-ci-lab.git"
                    },
                    {
                      "k": "stargazers_count",
                      "v": 0.0
                    },
                    {
                      "k": "stargazers_url",
                      "v": "https://api.github.com/repos/Renatacpf/pgats-ci-lab/stargazers"
                    },
                    {
                      "k": "statuses_url",
                      "v": "https://api.github.com/repos/Renatacpf/pgats-ci-lab/statuses/{sha}"
                    },
                    {
                      "k": "subscribers_url",
                      "v": "https://api.github.com/repos/Renatacpf/pgats-ci-lab/subscribers"
                    },
                    {
                      "k": "subscription_url",
                      "v": "https://api.github.com/repos/Renatacpf/pgats-ci-lab/subscription"
                    },
                    {
                      "k": "svn_url",
                      "v": "https://github.com/Renatacpf/pgats-ci-lab"
                    },
                    {
                      "k": "tags_url",
                      "v": "https://api.github.com/repos/Renatacpf/pgats-ci-lab/tags"
                    },
                    {
                      "k": "teams_url",
                      "v": "https://api.github.com/repos/Renatacpf/pgats-ci-lab/teams"
                    },
                    {
                      "k": "topics",
                      "v": {
                        "t": 1
                      }
                    },
                    {
                      "k": "trees_url",
                      "v": "https://api.github.com/repos/Renatacpf/pgats-ci-lab/git/trees{/sha}"
                    },
                    {
                      "k": "updated_at",
                      "v": "2025-06-01T19:54:52Z"
                    },
                    {
                      "k": "url",
                      "v": "https://api.github.com/repos/Renatacpf/pgats-ci-lab"
                    },
                    {
                      "k": "visibility",
                      "v": "public"
                    },
                    {
                      "k": "watchers",
                      "v": 0.0
                    },
                    {
                      "k": "watchers_count",
                      "v": 0.0
                    },
                    {
                      "k": "web_commit_signoff_required",
                      "v": false
                    }
                  ]
                }
              },
              {
                "k": "sender",
                "v": {
                  "t": 2,
                  "d": [
                    {
                      "k": "avatar_url",
                      "v": "https://avatars.githubusercontent.com/u/94009738?v=4"
                    },
                    {
                      "k": "events_url",
                      "v": "https://api.github.com/users/Renatacpf/events{/privacy}"
                    },
                    {
                      "k": "followers_url",
                      "v": "https://api.github.com/users/Renatacpf/followers"
                    },
                    {
                      "k": "following_url",
                      "v": "https://api.github.com/users/Renatacpf/following{/other_user}"
                    },
                    {
                      "k": "gists_url",
                      "v": "https://api.github.com/users/Renatacpf/gists{/gist_id}"
                    },
                    {
                      "k": "gravatar_id",
                      "v": ""
                    },
                    {
                      "k": "html_url",
                      "v": "https://github.com/Renatacpf"
                    },
                    {
                      "k": "id",
                      "v": 94009738.0
                    },
                    {
                      "k": "login",
                      "v": "Renatacpf"
                    },
                    {
                      "k": "node_id",
                      "v": "U_kgDOBZp5ig"
                    },
                    {
                      "k": "organizations_url",
                      "v": "https://api.github.com/users/Renatacpf/orgs"
                    },
                    {
                      "k": "received_events_url",
                      "v": "https://api.github.com/users/Renatacpf/received_events"
                    },
                    {
                      "k": "repos_url",
                      "v": "https://api.github.com/users/Renatacpf/repos"
                    },
                    {
                      "k": "site_admin",
                      "v": false
                    },
                    {
                      "k": "starred_url",
                      "v": "https://api.github.com/users/Renatacpf/starred{/owner}{/repo}"
                    },
                    {
                      "k": "subscriptions_url",
                      "v": "https://api.github.com/users/Renatacpf/subscriptions"
                    },
                    {
                      "k": "type",
                      "v": "User"
                    },
                    {
                      "k": "url",
                      "v": "https://api.github.com/users/Renatacpf"
                    },
                    {
                      "k": "user_view_type",
                      "v": "public"
                    }
                  ]
                }
              },
              {
                "k": "workflow",
                "v": ".github/workflows/01-manual-exec.yaml"
              }
            ]
          }
        },
        {
          "k": "workflow_ref",
          "v": "Renatacpf/pgats-ci-lab/.github/workflows/01-manual-exec.yaml@refs/heads/main"
        },
        {
          "k": "workflow_sha",
          "v": "022036b56233fc650933f57e4b29ff27e2403eb6"
        },
        {
          "k": "repository_id",
          "v": "989701844"
        },
        {
          "k": "triggering_actor",
          "v": "Renatacpf"
        }
      ]
    },
    "inputs": {
      "t": 2
    },
    "matrix": null,
    "needs": {
      "t": 2
    },
    "strategy": {
      "t": 2,
      "d": [
        {
          "k": "fail-fast",
          "v": true
        },
        {
          "k": "job-index",
          "v": 0.0
        },
        {
          "k": "job-total",
          "v": 1.0
        },
        {
          "k": "max-parallel",
          "v": 1.0
        }
      ]
    },
    "vars": {
      "t": 2
    }
  },
  "billingOwnerId": "U_kgDOBZp5ig"
}
[2025-06-01 19:55:16Z INFO JobRunner] Job ID f5450d7c-0515-51b2-8c64-51673b8c6b96
[2025-06-01 19:55:16Z INFO ConfigurationStore] currentAssemblyLocation: C:\Users\User\Renata\PosGraduacao\ProjetosJavaScript\pgats-ci-lab\actions-runner\bin\Runner.Worker.dll
[2025-06-01 19:55:16Z INFO HostContext] Well known directory 'Bin': 'C:\Users\User\Renata\PosGraduacao\ProjetosJavaScript\pgats-ci-lab\actions-runner\bin'
[2025-06-01 19:55:16Z INFO ConfigurationStore] binPath: C:\Users\User\Renata\PosGraduacao\ProjetosJavaScript\pgats-ci-lab\actions-runner\bin
[2025-06-01 19:55:16Z INFO HostContext] Well known directory 'Bin': 'C:\Users\User\Renata\PosGraduacao\ProjetosJavaScript\pgats-ci-lab\actions-runner\bin'
[2025-06-01 19:55:16Z INFO HostContext] Well known directory 'Root': 'C:\Users\User\Renata\PosGraduacao\ProjetosJavaScript\pgats-ci-lab\actions-runner'
[2025-06-01 19:55:16Z INFO ConfigurationStore] RootFolder: C:\Users\User\Renata\PosGraduacao\ProjetosJavaScript\pgats-ci-lab\actions-runner
[2025-06-01 19:55:16Z INFO HostContext] Well known directory 'Bin': 'C:\Users\User\Renata\PosGraduacao\ProjetosJavaScript\pgats-ci-lab\actions-runner\bin'
[2025-06-01 19:55:16Z INFO HostContext] Well known directory 'Root': 'C:\Users\User\Renata\PosGraduacao\ProjetosJavaScript\pgats-ci-lab\actions-runner'
[2025-06-01 19:55:16Z INFO HostContext] Well known config file 'Runner': 'C:\Users\User\Renata\PosGraduacao\ProjetosJavaScript\pgats-ci-lab\actions-runner\.runner'
[2025-06-01 19:55:16Z INFO ConfigurationStore] ConfigFilePath: C:\Users\User\Renata\PosGraduacao\ProjetosJavaScript\pgats-ci-lab\actions-runner\.runner
[2025-06-01 19:55:16Z INFO HostContext] Well known directory 'Bin': 'C:\Users\User\Renata\PosGraduacao\ProjetosJavaScript\pgats-ci-lab\actions-runner\bin'
[2025-06-01 19:55:16Z INFO HostContext] Well known directory 'Root': 'C:\Users\User\Renata\PosGraduacao\ProjetosJavaScript\pgats-ci-lab\actions-runner'
[2025-06-01 19:55:16Z INFO HostContext] Well known config file 'MigratedRunner': 'C:\Users\User\Renata\PosGraduacao\ProjetosJavaScript\pgats-ci-lab\actions-runner\.runner_migrated'
[2025-06-01 19:55:16Z INFO ConfigurationStore] MigratedConfigFilePath: C:\Users\User\Renata\PosGraduacao\ProjetosJavaScript\pgats-ci-lab\actions-runner\.runner_migrated
[2025-06-01 19:55:16Z INFO HostContext] Well known directory 'Bin': 'C:\Users\User\Renata\PosGraduacao\ProjetosJavaScript\pgats-ci-lab\actions-runner\bin'
[2025-06-01 19:55:16Z INFO HostContext] Well known directory 'Root': 'C:\Users\User\Renata\PosGraduacao\ProjetosJavaScript\pgats-ci-lab\actions-runner'
[2025-06-01 19:55:16Z INFO HostContext] Well known config file 'Credentials': 'C:\Users\User\Renata\PosGraduacao\ProjetosJavaScript\pgats-ci-lab\actions-runner\.credentials'
[2025-06-01 19:55:16Z INFO ConfigurationStore] CredFilePath: C:\Users\User\Renata\PosGraduacao\ProjetosJavaScript\pgats-ci-lab\actions-runner\.credentials
[2025-06-01 19:55:16Z INFO HostContext] Well known directory 'Bin': 'C:\Users\User\Renata\PosGraduacao\ProjetosJavaScript\pgats-ci-lab\actions-runner\bin'
[2025-06-01 19:55:16Z INFO HostContext] Well known directory 'Root': 'C:\Users\User\Renata\PosGraduacao\ProjetosJavaScript\pgats-ci-lab\actions-runner'
[2025-06-01 19:55:16Z INFO HostContext] Well known config file 'MigratedCredentials': 'C:\Users\User\Renata\PosGraduacao\ProjetosJavaScript\pgats-ci-lab\actions-runner\.credentials_migrated'
[2025-06-01 19:55:16Z INFO ConfigurationStore] MigratedCredFilePath: C:\Users\User\Renata\PosGraduacao\ProjetosJavaScript\pgats-ci-lab\actions-runner\.credentials_migrated
[2025-06-01 19:55:16Z INFO HostContext] Well known directory 'Bin': 'C:\Users\User\Renata\PosGraduacao\ProjetosJavaScript\pgats-ci-lab\actions-runner\bin'
[2025-06-01 19:55:16Z INFO HostContext] Well known directory 'Root': 'C:\Users\User\Renata\PosGraduacao\ProjetosJavaScript\pgats-ci-lab\actions-runner'
[2025-06-01 19:55:16Z INFO HostContext] Well known config file 'Service': 'C:\Users\User\Renata\PosGraduacao\ProjetosJavaScript\pgats-ci-lab\actions-runner\.service'
[2025-06-01 19:55:16Z INFO ConfigurationStore] ServiceConfigFilePath: C:\Users\User\Renata\PosGraduacao\ProjetosJavaScript\pgats-ci-lab\actions-runner\.service
[2025-06-01 19:55:16Z INFO ConfigurationStore] Read setting file: 401 chars
[2025-06-01 19:55:16Z INFO JobRunner] Initializing launch client
[2025-06-01 19:55:16Z INFO JobServerQueue] Initializing results client
[2025-06-01 19:55:16Z INFO ResultServer] Creating websocket client ...wss://results-receiver.actions.githubusercontent.com/_ws/ingest.sock
[2025-06-01 19:55:16Z INFO ResultServer] Attempting to start websocket client with delay 00:00:00.
[2025-06-01 19:55:16Z INFO JobServerQueue] Start process web console line queue.
[2025-06-01 19:55:16Z INFO JobServerQueue] Start process file upload queue.
[2025-06-01 19:55:16Z INFO JobServerQueue] Start results file upload queue.
[2025-06-01 19:55:16Z INFO JobServerQueue] Starting results-based upload queue...
[2025-06-01 19:55:16Z INFO JobServerQueue] Start process timeline update queue.
[2025-06-01 19:55:16Z INFO ExecutionContext] Initializing Job context
[2025-06-01 19:55:16Z INFO ExecutionContext] Initialize GitHub context
[2025-06-01 19:55:16Z INFO ExecutionContext] Initialize Env context
[2025-06-01 19:55:16Z INFO HostContext] Well known directory 'Bin': 'C:\Users\User\Renata\PosGraduacao\ProjetosJavaScript\pgats-ci-lab\actions-runner\bin'
[2025-06-01 19:55:16Z INFO HostContext] Well known directory 'Root': 'C:\Users\User\Renata\PosGraduacao\ProjetosJavaScript\pgats-ci-lab\actions-runner'
[2025-06-01 19:55:16Z INFO HostContext] Well known directory 'Diag': 'C:\Users\User\Renata\PosGraduacao\ProjetosJavaScript\pgats-ci-lab\actions-runner\_diag'
[2025-06-01 19:55:16Z INFO HostContext] Well known directory 'Bin': 'C:\Users\User\Renata\PosGraduacao\ProjetosJavaScript\pgats-ci-lab\actions-runner\bin'
[2025-06-01 19:55:16Z INFO HostContext] Well known directory 'Root': 'C:\Users\User\Renata\PosGraduacao\ProjetosJavaScript\pgats-ci-lab\actions-runner'
[2025-06-01 19:55:16Z INFO HostContext] Well known directory 'Diag': 'C:\Users\User\Renata\PosGraduacao\ProjetosJavaScript\pgats-ci-lab\actions-runner\_diag'
[2025-06-01 19:55:16Z INFO JobRunner] Starting the job execution context.
[2025-06-01 19:55:16Z INFO HostContext] Well known directory 'Bin': 'C:\Users\User\Renata\PosGraduacao\ProjetosJavaScript\pgats-ci-lab\actions-runner\bin'
[2025-06-01 19:55:16Z INFO HostContext] Well known directory 'Root': 'C:\Users\User\Renata\PosGraduacao\ProjetosJavaScript\pgats-ci-lab\actions-runner'
[2025-06-01 19:55:16Z INFO HostContext] Well known directory 'Work': 'C:\Users\User\Renata\PosGraduacao\ProjetosJavaScript\pgats-ci-lab\actions-runner\_work'
[2025-06-01 19:55:16Z INFO JobRunner] Validating directory permissions for: 'C:\Users\User\Renata\PosGraduacao\ProjetosJavaScript\pgats-ci-lab\actions-runner\_work'
[2025-06-01 19:55:16Z INFO HostContext] Well known directory 'Bin': 'C:\Users\User\Renata\PosGraduacao\ProjetosJavaScript\pgats-ci-lab\actions-runner\bin'
[2025-06-01 19:55:16Z INFO HostContext] Well known directory 'Root': 'C:\Users\User\Renata\PosGraduacao\ProjetosJavaScript\pgats-ci-lab\actions-runner'
[2025-06-01 19:55:16Z INFO HostContext] Well known directory 'Work': 'C:\Users\User\Renata\PosGraduacao\ProjetosJavaScript\pgats-ci-lab\actions-runner\_work'
[2025-06-01 19:55:16Z INFO HostContext] Well known directory 'Tools': 'C:\Users\User\Renata\PosGraduacao\ProjetosJavaScript\pgats-ci-lab\actions-runner\_work\_tool'
[2025-06-01 19:55:16Z INFO HostContext] Well known directory 'Bin': 'C:\Users\User\Renata\PosGraduacao\ProjetosJavaScript\pgats-ci-lab\actions-runner\bin'
[2025-06-01 19:55:16Z INFO HostContext] Well known directory 'Root': 'C:\Users\User\Renata\PosGraduacao\ProjetosJavaScript\pgats-ci-lab\actions-runner'
[2025-06-01 19:55:16Z INFO HostContext] Well known directory 'Work': 'C:\Users\User\Renata\PosGraduacao\ProjetosJavaScript\pgats-ci-lab\actions-runner\_work'
[2025-06-01 19:55:16Z INFO HostContext] Well known directory 'Temp': 'C:\Users\User\Renata\PosGraduacao\ProjetosJavaScript\pgats-ci-lab\actions-runner\_work\_temp'
[2025-06-01 19:55:16Z INFO JobRunner] Getting job extension.
[2025-06-01 19:55:16Z INFO JobRunner] Initialize job. Getting all job steps.
[2025-06-01 19:55:16Z INFO HostContext] Well known directory 'Bin': 'C:\Users\User\Renata\PosGraduacao\ProjetosJavaScript\pgats-ci-lab\actions-runner\bin'
[2025-06-01 19:55:16Z INFO HostContext] Well known directory 'Root': 'C:\Users\User\Renata\PosGraduacao\ProjetosJavaScript\pgats-ci-lab\actions-runner'
[2025-06-01 19:55:16Z INFO HostContext] Well known directory 'Diag': 'C:\Users\User\Renata\PosGraduacao\ProjetosJavaScript\pgats-ci-lab\actions-runner\_diag'
[2025-06-01 19:55:16Z INFO HostContext] Well known directory 'Bin': 'C:\Users\User\Renata\PosGraduacao\ProjetosJavaScript\pgats-ci-lab\actions-runner\bin'
[2025-06-01 19:55:16Z INFO HostContext] Well known directory 'Root': 'C:\Users\User\Renata\PosGraduacao\ProjetosJavaScript\pgats-ci-lab\actions-runner'
[2025-06-01 19:55:16Z INFO HostContext] Well known directory 'Diag': 'C:\Users\User\Renata\PosGraduacao\ProjetosJavaScript\pgats-ci-lab\actions-runner\_diag'
[2025-06-01 19:55:16Z INFO HostContext] Well known directory 'Bin': 'C:\Users\User\Renata\PosGraduacao\ProjetosJavaScript\pgats-ci-lab\actions-runner\bin'
[2025-06-01 19:55:16Z INFO HostContext] Well known directory 'Root': 'C:\Users\User\Renata\PosGraduacao\ProjetosJavaScript\pgats-ci-lab\actions-runner'
[2025-06-01 19:55:16Z INFO HostContext] Well known config file 'Credentials': 'C:\Users\User\Renata\PosGraduacao\ProjetosJavaScript\pgats-ci-lab\actions-runner\.credentials'
[2025-06-01 19:55:16Z INFO HostContext] Well known directory 'Bin': 'C:\Users\User\Renata\PosGraduacao\ProjetosJavaScript\pgats-ci-lab\actions-runner\bin'
[2025-06-01 19:55:16Z INFO HostContext] Well known directory 'Root': 'C:\Users\User\Renata\PosGraduacao\ProjetosJavaScript\pgats-ci-lab\actions-runner'
[2025-06-01 19:55:16Z INFO HostContext] Well known config file 'SetupInfo': 'C:\Users\User\Renata\PosGraduacao\ProjetosJavaScript\pgats-ci-lab\actions-runner\.setup_info'
[2025-06-01 19:55:16Z INFO HostContext] Well known directory 'Bin': 'C:\Users\User\Renata\PosGraduacao\ProjetosJavaScript\pgats-ci-lab\actions-runner\bin'
[2025-06-01 19:55:16Z INFO HostContext] Well known directory 'Root': 'C:\Users\User\Renata\PosGraduacao\ProjetosJavaScript\pgats-ci-lab\actions-runner'
[2025-06-01 19:55:16Z INFO HostContext] Well known directory 'Work': 'C:\Users\User\Renata\PosGraduacao\ProjetosJavaScript\pgats-ci-lab\actions-runner\_work'
[2025-06-01 19:55:16Z INFO PipelineDirectoryManager] Loading tracking config if exists: C:\Users\User\Renata\PosGraduacao\ProjetosJavaScript\pgats-ci-lab\actions-runner\_work\_PipelineMapping\Renatacpf/pgats-ci-lab\PipelineFolder.json
[2025-06-01 19:55:16Z INFO PipelineDirectoryManager] Updating job run properties.
[2025-06-01 19:55:16Z INFO HostContext] Well known directory 'Bin': 'C:\Users\User\Renata\PosGraduacao\ProjetosJavaScript\pgats-ci-lab\actions-runner\bin'
[2025-06-01 19:55:16Z INFO HostContext] Well known directory 'Root': 'C:\Users\User\Renata\PosGraduacao\ProjetosJavaScript\pgats-ci-lab\actions-runner'
[2025-06-01 19:55:16Z INFO HostContext] Well known directory 'Work': 'C:\Users\User\Renata\PosGraduacao\ProjetosJavaScript\pgats-ci-lab\actions-runner\_work'
[2025-06-01 19:55:16Z INFO HostContext] Well known directory 'Bin': 'C:\Users\User\Renata\PosGraduacao\ProjetosJavaScript\pgats-ci-lab\actions-runner\bin'
[2025-06-01 19:55:16Z INFO HostContext] Well known directory 'Root': 'C:\Users\User\Renata\PosGraduacao\ProjetosJavaScript\pgats-ci-lab\actions-runner'
[2025-06-01 19:55:16Z INFO HostContext] Well known directory 'Work': 'C:\Users\User\Renata\PosGraduacao\ProjetosJavaScript\pgats-ci-lab\actions-runner\_work'
[2025-06-01 19:55:16Z INFO HostContext] Well known directory 'Bin': 'C:\Users\User\Renata\PosGraduacao\ProjetosJavaScript\pgats-ci-lab\actions-runner\bin'
[2025-06-01 19:55:16Z INFO HostContext] Well known directory 'Root': 'C:\Users\User\Renata\PosGraduacao\ProjetosJavaScript\pgats-ci-lab\actions-runner'
[2025-06-01 19:55:16Z INFO HostContext] Well known directory 'Work': 'C:\Users\User\Renata\PosGraduacao\ProjetosJavaScript\pgats-ci-lab\actions-runner\_work'
[2025-06-01 19:55:16Z INFO JobExtension] Downloading actions
[2025-06-01 19:55:16Z INFO HostContext] Well known directory 'Bin': 'C:\Users\User\Renata\PosGraduacao\ProjetosJavaScript\pgats-ci-lab\actions-runner\bin'
[2025-06-01 19:55:16Z INFO HostContext] Well known directory 'Root': 'C:\Users\User\Renata\PosGraduacao\ProjetosJavaScript\pgats-ci-lab\actions-runner'
[2025-06-01 19:55:16Z INFO HostContext] Well known directory 'Work': 'C:\Users\User\Renata\PosGraduacao\ProjetosJavaScript\pgats-ci-lab\actions-runner\_work'
[2025-06-01 19:55:16Z INFO HostContext] Well known directory 'Actions': 'C:\Users\User\Renata\PosGraduacao\ProjetosJavaScript\pgats-ci-lab\actions-runner\_work\_actions'
[2025-06-01 19:55:16Z INFO Worker] Listening for cancel message from the channel.
[2025-06-01 19:55:16Z INFO Worker] Waiting for the job to complete or for a cancel message from the channel.
[2025-06-01 19:55:16Z INFO ResultServer] Successfully started websocket client.
[2025-06-01 19:55:16Z INFO JobServerQueue] Try to append 1 batches web console lines for record '88f5e34b-76b5-47be-8888-94e84bbd9468', success rate: 1/1.
[2025-06-01 19:55:17Z ERR  GitHubActionsService] POST request to https://launch.actions.githubusercontent.com/actions/build/ac0f399d-13c6-4c19-a842-675e405c5c83/jobs/f5450d7c-0515-51b2-8c64-51673b8c6b96/runnerresolve/actions failed. HTTP Status: UnprocessableEntity
[2025-06-01 19:55:17Z INFO HostContext] Well known directory 'Bin': 'C:\Users\User\Renata\PosGraduacao\ProjetosJavaScript\pgats-ci-lab\actions-runner\bin'
[2025-06-01 19:55:17Z INFO HostContext] Well known directory 'Root': 'C:\Users\User\Renata\PosGraduacao\ProjetosJavaScript\pgats-ci-lab\actions-runner'
[2025-06-01 19:55:17Z INFO HostContext] Well known directory 'Work': 'C:\Users\User\Renata\PosGraduacao\ProjetosJavaScript\pgats-ci-lab\actions-runner\_work'
[2025-06-01 19:55:17Z INFO HostContext] Well known directory 'Actions': 'C:\Users\User\Renata\PosGraduacao\ProjetosJavaScript\pgats-ci-lab\actions-runner\_work\_actions'
[2025-06-01 19:55:17Z INFO HostContext] Well known directory 'Bin': 'C:\Users\User\Renata\PosGraduacao\ProjetosJavaScript\pgats-ci-lab\actions-runner\bin'
[2025-06-01 19:55:17Z INFO HostContext] Well known directory 'Root': 'C:\Users\User\Renata\PosGraduacao\ProjetosJavaScript\pgats-ci-lab\actions-runner'
[2025-06-01 19:55:17Z INFO HostContext] Well known directory 'Work': 'C:\Users\User\Renata\PosGraduacao\ProjetosJavaScript\pgats-ci-lab\actions-runner\_work'
[2025-06-01 19:55:17Z INFO HostContext] Well known directory 'Actions': 'C:\Users\User\Renata\PosGraduacao\ProjetosJavaScript\pgats-ci-lab\actions-runner\_work\_actions'
[2025-06-01 19:55:17Z INFO ActionManager] Save archive 'https://api.github.com/repos/actions/checkout/zipball/11bd71901bbe5b1630ceea73d27597364c9af683' into C:\Users\User\Renata\PosGraduacao\ProjetosJavaScript\pgats-ci-lab\actions-runner\_work\_actions\_temp_8d35dd82-940e-4924-bcc2-cd22a06bb5a7\df3353b9-5789-4558-8218-26ab98872b52.zip.
[2025-06-01 19:55:17Z INFO JobServerQueue] Job timeline record has been updated for the first time.
[2025-06-01 19:55:17Z INFO JobServerQueue] Try to append 1 batches web console lines for record '88f5e34b-76b5-47be-8888-94e84bbd9468', success rate: 1/1.
[2025-06-01 19:55:18Z INFO ActionManager] Request URL: https://api.github.com/repos/actions/checkout/zipball/11bd71901bbe5b1630ceea73d27597364c9af683 X-GitHub-Request-Id: CF9F:AF84F:3C998:19C558:683CB025 Http Status: OK
[2025-06-01 19:55:18Z INFO ActionManager] Finished getting action repository.
[2025-06-01 19:55:18Z INFO HostContext] Well known directory 'Bin': 'C:\Users\User\Renata\PosGraduacao\ProjetosJavaScript\pgats-ci-lab\actions-runner\bin'
[2025-06-01 19:55:18Z INFO HostContext] Well known directory 'Root': 'C:\Users\User\Renata\PosGraduacao\ProjetosJavaScript\pgats-ci-lab\actions-runner'
[2025-06-01 19:55:18Z INFO HostContext] Well known directory 'Work': 'C:\Users\User\Renata\PosGraduacao\ProjetosJavaScript\pgats-ci-lab\actions-runner\_work'
[2025-06-01 19:55:18Z INFO HostContext] Well known directory 'Actions': 'C:\Users\User\Renata\PosGraduacao\ProjetosJavaScript\pgats-ci-lab\actions-runner\_work\_actions'
[2025-06-01 19:55:18Z INFO HostContext] Well known directory 'Bin': 'C:\Users\User\Renata\PosGraduacao\ProjetosJavaScript\pgats-ci-lab\actions-runner\bin'
[2025-06-01 19:55:18Z INFO HostContext] Well known directory 'Root': 'C:\Users\User\Renata\PosGraduacao\ProjetosJavaScript\pgats-ci-lab\actions-runner'
[2025-06-01 19:55:18Z INFO HostContext] Well known directory 'Work': 'C:\Users\User\Renata\PosGraduacao\ProjetosJavaScript\pgats-ci-lab\actions-runner\_work'
[2025-06-01 19:55:18Z INFO HostContext] Well known directory 'Actions': 'C:\Users\User\Renata\PosGraduacao\ProjetosJavaScript\pgats-ci-lab\actions-runner\_work\_actions'
[2025-06-01 19:55:18Z INFO ActionManager] Save archive 'https://api.github.com/repos/actions/setup-node/zipball/49933ea5288caeca8642d1e84afbd3f7d6820020' into C:\Users\User\Renata\PosGraduacao\ProjetosJavaScript\pgats-ci-lab\actions-runner\_work\_actions\_temp_e9a24c22-8183-455d-a63e-f7d6fecb9615\be3459a0-0724-4287-8be7-2b7b9ac720c3.zip.
[2025-06-01 19:55:18Z INFO JobServerQueue] Try to append 1 batches web console lines for record '88f5e34b-76b5-47be-8888-94e84bbd9468', success rate: 1/1.
[2025-06-01 19:55:19Z INFO ActionManager] Request URL: https://api.github.com/repos/actions/setup-node/zipball/49933ea5288caeca8642d1e84afbd3f7d6820020 X-GitHub-Request-Id: C949:198F0C:3C09B:19BBE8:683CB026 Http Status: OK
[2025-06-01 19:55:19Z INFO ActionManager] Finished getting action repository.
[2025-06-01 19:55:19Z ERR  JobExtension] Caught exception from JobExtension Initialization: System.Exception: Missing download info for dorny/test-reporter@v3
   at GitHub.Runner.Worker.ActionManager.PrepareActionsRecursiveAsync(IExecutionContext executionContext, PrepareActionsState state, IEnumerable`1 actions, Int32 depth, Guid parentStepId)
   at GitHub.Runner.Worker.ActionManager.PrepareActionsAsync(IExecutionContext executionContext, IEnumerable`1 steps, Guid rootStepId)
   at GitHub.Runner.Worker.JobExtension.InitializeJob(IExecutionContext jobContext, AgentJobRequestMessage message)
[2025-06-01 19:55:19Z INFO ExecutionContext] Publish step telemetry for current step {
  "action": "setup_job",
  "type": "runner",
  "stage": "Pre",
  "stepId": "88f5e34b-76b5-47be-8888-94e84bbd9468",
  "result": "failed",
  "errorMessages": [
    "Missing download info for dorny/test-reporter@v3"
  ],
  "executionTimeInSeconds": 4,
  "startTime": "2025-06-01T19:55:16.373905Z",
  "finishTime": "2025-06-01T19:55:19.9162072Z"
}.
[2025-06-01 19:55:19Z ERR  JobRunner] Job initialize failed.
[2025-06-01 19:55:19Z ERR  JobRunner] Caught exception from InitializeJob: System.Exception: Missing download info for dorny/test-reporter@v3
   at GitHub.Runner.Worker.ActionManager.PrepareActionsRecursiveAsync(IExecutionContext executionContext, PrepareActionsState state, IEnumerable`1 actions, Int32 depth, Guid parentStepId)
   at GitHub.Runner.Worker.ActionManager.PrepareActionsAsync(IExecutionContext executionContext, IEnumerable`1 steps, Guid rootStepId)
   at GitHub.Runner.Worker.JobExtension.InitializeJob(IExecutionContext jobContext, AgentJobRequestMessage message)
   at GitHub.Runner.Worker.JobRunner.RunAsync(AgentJobRequestMessage message, CancellationToken jobRequestCancellationToken)
[2025-06-01 19:55:19Z INFO JobRunner] Shutting down the job server queue.
[2025-06-01 19:55:19Z INFO JobServerQueue] Fire signal to shutdown all queues.
[2025-06-01 19:55:20Z INFO JobServerQueue] All queue process task stopped.
[2025-06-01 19:55:20Z INFO JobServerQueue] Try to append 1 batches web console lines for record '88f5e34b-76b5-47be-8888-94e84bbd9468', success rate: 1/1.
[2025-06-01 19:55:20Z INFO JobServerQueue] Web console line queue drained.
[2025-06-01 19:55:20Z INFO JobServerQueue] Uploading 2 files in one shot.
[2025-06-01 19:55:20Z INFO JobServerQueue] Try to upload 2 log files or attachments, success rate: 2/2.
[2025-06-01 19:55:20Z INFO JobServerQueue] File upload queue drained.
[2025-06-01 19:55:20Z INFO JobServerQueue] Starting results-based upload queue...
[2025-06-01 19:55:20Z INFO JobServerQueue] Uploading 2 file(s) in one shot through results service.
[2025-06-01 19:55:20Z INFO JobServerQueue] Got a step log file to send to results service.
[2025-06-01 19:55:20Z INFO JobServerQueue] Starting upload of step log file to results service ResultsLog, C:\Users\User\Renata\PosGraduacao\ProjetosJavaScript\pgats-ci-lab\actions-runner\_diag\blocks\ac0f399d-13c6-4c19-a842-675e405c5c83_88f5e34b-76b5-47be-8888-94e84bbd9468.1
[2025-06-01 19:55:21Z INFO JobServerQueue] Got a job log file to send to results service.
[2025-06-01 19:55:21Z INFO JobServerQueue] Starting upload of job log file to results service ResultsLog, C:\Users\User\Renata\PosGraduacao\ProjetosJavaScript\pgats-ci-lab\actions-runner\_diag\blocks\ac0f399d-13c6-4c19-a842-675e405c5c83_f5450d7c-0515-51b2-8c64-51673b8c6b96.1
[2025-06-01 19:55:22Z INFO JobServerQueue] Tried to upload 2 file(s) to results, success rate: 2/2.
[2025-06-01 19:55:22Z INFO JobServerQueue] Results upload queue drained.
[2025-06-01 19:55:22Z INFO JobServerQueue] Timeline update queue drained.
[2025-06-01 19:55:22Z INFO JobServerQueue] Disposing job server ...
[2025-06-01 19:55:22Z INFO JobServerQueue] Disposing results server ...
[2025-06-01 19:55:22Z INFO JobServerQueue] All queue process tasks have been stopped, and all queues are drained.
[2025-06-01 19:55:22Z INFO TempDirectoryManager] Cleaning runner temp folder: C:\Users\User\Renata\PosGraduacao\ProjetosJavaScript\pgats-ci-lab\actions-runner\_work\_temp
[2025-06-01 19:55:22Z INFO HostContext] Well known directory 'Bin': 'C:\Users\User\Renata\PosGraduacao\ProjetosJavaScript\pgats-ci-lab\actions-runner\bin'
[2025-06-01 19:55:22Z INFO HostContext] Well known directory 'Root': 'C:\Users\User\Renata\PosGraduacao\ProjetosJavaScript\pgats-ci-lab\actions-runner'
[2025-06-01 19:55:22Z INFO HostContext] Well known directory 'Diag': 'C:\Users\User\Renata\PosGraduacao\ProjetosJavaScript\pgats-ci-lab\actions-runner\_diag'
[2025-06-01 19:55:22Z INFO HostContext] Well known config file 'Telemetry': 'C:\Users\User\Renata\PosGraduacao\ProjetosJavaScript\pgats-ci-lab\actions-runner\_diag\.telemetry'
[2025-06-01 19:55:22Z INFO JobRunner] Raising job completed against run service
[2025-06-01 19:55:22Z INFO Worker] Job completed.
